Sandbox logs:
{
  "sandboxLog": "{\"errorMessage\":\"2024-03-21T13:47:22.504Z f3e054da-f911-4a28-bfc9-6e6107dbad13 Task timed out after 1.06 seconds\"}",
  "lambdaLog": "{\"errorMessage\":\"2024-03-21T13:47:22.504Z f3e054da-f911-4a28-bfc9-6e6107dbad13 Task timed out after 1.06 seconds\"}",
  "timestamp": 0
}
{
  "sandboxLog": "{\"errorMessage\":\"2024-03-21T13:47:23.823Z abb7a091-0f81-45cf-abe7-e4398dd8aece Task timed out after 1.05 seconds\"}",
  "lambdaLog": "{\"errorMessage\":\"2024-03-21T13:47:23.823Z abb7a091-0f81-45cf-abe7-e4398dd8aece Task timed out after 1.05 seconds\"}",
  "timestamp": 100
}
{
  "sandboxLog": "{\"errorMessage\":\"2024-03-21T13:47:24.923Z f1f27adf-0484-4d7e-8e3d-1d9e14902cce Task timed out after 1.06 seconds\"}",
  "lambdaLog": "{\"errorMessage\":\"2024-03-21T13:47:24.923Z f1f27adf-0484-4d7e-8e3d-1d9e14902cce Task timed out after 1.06 seconds\"}",
  "timestamp": 200
}
{
  "sandboxLog": "{\"errorMessage\":\"2024-03-21T13:47:26.012Z 96243fa9-95bf-4483-846b-2271419e012a Task timed out after 1.07 seconds\"}",
  "lambdaLog": "{\"errorMessage\":\"2024-03-21T13:47:26.012Z 96243fa9-95bf-4483-846b-2271419e012a Task timed out after 1.07 seconds\"}",
  "timestamp": 300
}
{
  "sandboxLog": "{\"errorMessage\":\"2024-03-21T13:47:27.183Z f9651e63-9b10-428e-95f0-2e8caf213722 Task timed out after 1.15 seconds\"}",
  "lambdaLog": "{\"errorMessage\":\"2024-03-21T13:47:27.183Z f9651e63-9b10-428e-95f0-2e8caf213722 Task timed out after 1.15 seconds\"}",
  "timestamp": 400
}
{
  "sandboxLog": "{\"errorMessage\":\"2024-03-21T13:47:28.271Z fa929cb2-f88d-4591-9ee5-255889269dbd Task timed out after 1.07 seconds\"}",
  "lambdaLog": "{\"errorMessage\":\"2024-03-21T13:47:28.271Z fa929cb2-f88d-4591-9ee5-255889269dbd Task timed out after 1.07 seconds\"}",
  "timestamp": 500
}
{
  "sandboxLog": "{\"errorMessage\":\"2024-03-21T13:47:29.343Z 9df2ff14-5c7a-4c05-872b-1ebf4fd97da3 Task timed out after 1.06 seconds\"}",
  "lambdaLog": "{\"errorMessage\":\"2024-03-21T13:47:29.343Z 9df2ff14-5c7a-4c05-872b-1ebf4fd97da3 Task timed out after 1.06 seconds\"}",
  "timestamp": 600
}
{
  "sandboxLog": "{\"errorMessage\":\"2024-03-21T13:47:30.431Z 895784b4-ed32-4950-870d-897bb027a45f Task timed out after 1.07 seconds\"}",
  "lambdaLog": "{\"errorMessage\":\"2024-03-21T13:47:30.431Z 895784b4-ed32-4950-870d-897bb027a45f Task timed out after 1.07 seconds\"}",
  "timestamp": 700
}
{
  "sandboxLog": "{\"errorMessage\":\"2024-03-21T13:47:31.471Z 12a9fe96-c0bd-489d-a009-60856b68a130 Task timed out after 1.02 seconds\"}",
  "lambdaLog": "{\"errorMessage\":\"2024-03-21T13:47:31.471Z 12a9fe96-c0bd-489d-a009-60856b68a130 Task timed out after 1.02 seconds\"}",
  "timestamp": 800
}
{
  "sandboxLog": "{\"errorMessage\":\"2024-03-21T13:47:32.503Z bd4353ec-bebf-4090-9e16-aae709a3ed26 Task timed out after 1.02 seconds\"}",
  "lambdaLog": "{\"errorMessage\":\"2024-03-21T13:47:32.503Z bd4353ec-bebf-4090-9e16-aae709a3ed26 Task timed out after 1.02 seconds\"}",
  "timestamp": 900
}
{
  "sandboxLog": "{\"errorMessage\":\"2024-03-21T13:47:33.591Z 3f910c4c-5915-4480-acd2-6314ad09b1b5 Task timed out after 1.07 seconds\"}",
  "lambdaLog": "{\"errorMessage\":\"2024-03-21T13:47:33.591Z 3f910c4c-5915-4480-acd2-6314ad09b1b5 Task timed out after 1.07 seconds\"}",
  "timestamp": 1000
}
{
  "sandboxLog": "{\"errorMessage\":\"2024-03-21T13:47:34.811Z 0e67a002-ce4b-4aeb-81d3-cb50eea4b155 Task timed out after 1.03 seconds\"}",
  "lambdaLog": "{\"errorMessage\":\"2024-03-21T13:47:34.811Z 0e67a002-ce4b-4aeb-81d3-cb50eea4b155 Task timed out after 1.03 seconds\"}",
  "timestamp": 1100
}
{
  "sandboxLog": "{\"errorMessage\":\"2024-03-21T13:47:35.883Z c800c383-bb66-466f-8c53-3bd5a673e683 Task timed out after 1.06 seconds\"}",
  "lambdaLog": "{\"errorMessage\":\"2024-03-21T13:47:35.883Z c800c383-bb66-466f-8c53-3bd5a673e683 Task timed out after 1.06 seconds\"}",
  "timestamp": 1200
}
{
  "sandboxLog": "{\"errorMessage\":\"2024-03-21T13:47:36.971Z 8e9ffff9-8a21-4178-bc8b-ed369fc155e8 Task timed out after 1.07 seconds\"}",
  "lambdaLog": "{\"errorMessage\":\"2024-03-21T13:47:36.971Z 8e9ffff9-8a21-4178-bc8b-ed369fc155e8 Task timed out after 1.07 seconds\"}",
  "timestamp": 1300
}
{
  "sandboxLog": "{\"errorMessage\":\"2024-03-21T13:47:38.043Z 31d4488c-714a-480f-8cde-e4e46b63defc Task timed out after 1.06 seconds\"}",
  "lambdaLog": "{\"errorMessage\":\"2024-03-21T13:47:38.043Z 31d4488c-714a-480f-8cde-e4e46b63defc Task timed out after 1.06 seconds\"}",
  "timestamp": 1400
}
{
  "sandboxLog": "{\"errorMessage\":\"2024-03-21T13:47:39.323Z 09960395-807a-40b1-a637-74d5919adcb7 Task timed out after 1.05 seconds\"}",
  "lambdaLog": "{\"errorMessage\":\"2024-03-21T13:47:39.323Z 09960395-807a-40b1-a637-74d5919adcb7 Task timed out after 1.05 seconds\"}",
  "timestamp": 1500
}
{
  "sandboxLog": "{\"errorMessage\":\"2024-03-21T13:47:40.411Z 216d8d84-0283-4f2e-8496-2f92cb9c9f3e Task timed out after 1.07 seconds\"}",
  "lambdaLog": "{\"errorMessage\":\"2024-03-21T13:47:40.411Z 216d8d84-0283-4f2e-8496-2f92cb9c9f3e Task timed out after 1.07 seconds\"}",
  "timestamp": 1600
}
{
  "sandboxLog": "{\"errorMessage\":\"2024-03-21T13:47:41.542Z 170f55f1-e7bd-47b8-a52a-9fc0eb4fd8f9 Task timed out after 1.12 seconds\"}",
  "lambdaLog": "{\"errorMessage\":\"2024-03-21T13:47:41.542Z 170f55f1-e7bd-47b8-a52a-9fc0eb4fd8f9 Task timed out after 1.12 seconds\"}",
  "timestamp": 1700
}
{
  "sandboxLog": "{\"errorMessage\":\"2024-03-21T13:47:42.631Z 1df5bdac-25fe-4bb7-9cbb-4f924a0c0dcb Task timed out after 1.08 seconds\"}",
  "lambdaLog": "{\"errorMessage\":\"2024-03-21T13:47:42.631Z 1df5bdac-25fe-4bb7-9cbb-4f924a0c0dcb Task timed out after 1.08 seconds\"}",
  "timestamp": 1800
}
{
  "sandboxLog": "{\"errorMessage\":\"2024-03-21T13:47:43.683Z 7e1e5184-3667-4ec1-902e-b4e57a3187a9 Task timed out after 1.04 seconds\"}",
  "lambdaLog": "{\"errorMessage\":\"2024-03-21T13:47:43.683Z 7e1e5184-3667-4ec1-902e-b4e57a3187a9 Task timed out after 1.04 seconds\"}",
  "timestamp": 1900
}
{
  "sandboxLog": "{\"errorMessage\":\"2024-03-21T13:47:44.752Z 15a96111-c5af-4009-8216-ced5c7c69895 Task timed out after 1.06 seconds\"}",
  "lambdaLog": "{\"errorMessage\":\"2024-03-21T13:47:44.752Z 15a96111-c5af-4009-8216-ced5c7c69895 Task timed out after 1.06 seconds\"}",
  "timestamp": 2000
}
{
  "sandboxLog": "{\"errorMessage\":\"2024-03-21T13:47:45.822Z b7870053-d1d8-4143-bd7a-305a16e82132 Task timed out after 1.06 seconds\"}",
  "lambdaLog": "{\"errorMessage\":\"2024-03-21T13:47:45.822Z b7870053-d1d8-4143-bd7a-305a16e82132 Task timed out after 1.06 seconds\"}",
  "timestamp": 2100
}
{
  "sandboxLog": "{\"errorMessage\":\"2024-03-21T13:47:46.883Z 738118a9-eac3-4d26-87e9-e3be02dfcac8 Task timed out after 1.04 seconds\"}",
  "lambdaLog": "{\"errorMessage\":\"2024-03-21T13:47:46.883Z 738118a9-eac3-4d26-87e9-e3be02dfcac8 Task timed out after 1.04 seconds\"}",
  "timestamp": 2200
}
{
  "sandboxLog": "{\"errorMessage\":\"2024-03-21T13:47:47.951Z 144bf2c5-2478-4206-ad57-f8587b4ad00d Task timed out after 1.06 seconds\"}",
  "lambdaLog": "{\"errorMessage\":\"2024-03-21T13:47:47.951Z 144bf2c5-2478-4206-ad57-f8587b4ad00d Task timed out after 1.06 seconds\"}",
  "timestamp": 2300
}
{
  "sandboxLog": "{\"errorMessage\":\"2024-03-21T13:47:49.012Z b5bcad7f-8c93-4d40-8654-030e5d7fb308 Task timed out after 1.05 seconds\"}",
  "lambdaLog": "{\"errorMessage\":\"2024-03-21T13:47:49.012Z b5bcad7f-8c93-4d40-8654-030e5d7fb308 Task timed out after 1.05 seconds\"}",
  "timestamp": 2400
}
{
  "sandboxLog": "{\"errorMessage\":\"2024-03-21T13:47:50.063Z 15381f1f-bb68-4ba5-a4de-947b399f7a25 Task timed out after 1.04 seconds\"}",
  "lambdaLog": "{\"errorMessage\":\"2024-03-21T13:47:50.063Z 15381f1f-bb68-4ba5-a4de-947b399f7a25 Task timed out after 1.04 seconds\"}",
  "timestamp": 2500
}
{
  "sandboxLog": "{\"errorMessage\":\"2024-03-21T13:47:51.132Z 33e5839f-f165-4210-97b1-37f5fd5b8b9f Task timed out after 1.05 seconds\"}",
  "lambdaLog": "{\"errorMessage\":\"2024-03-21T13:47:51.132Z 33e5839f-f165-4210-97b1-37f5fd5b8b9f Task timed out after 1.05 seconds\"}",
  "timestamp": 2600
}
{
  "sandboxLog": "{\"errorMessage\":\"2024-03-21T13:47:52.183Z 5c170add-2e54-4d4e-9bcf-e11904913011 Task timed out after 1.04 seconds\"}",
  "lambdaLog": "{\"errorMessage\":\"2024-03-21T13:47:52.183Z 5c170add-2e54-4d4e-9bcf-e11904913011 Task timed out after 1.04 seconds\"}",
  "timestamp": 2700
}
{
  "sandboxLog": "{\"errorMessage\":\"2024-03-21T13:47:53.271Z a7bb0b9c-66d5-4434-8521-17fd7b1236a5 Task timed out after 1.06 seconds\"}",
  "lambdaLog": "{\"errorMessage\":\"2024-03-21T13:47:53.271Z a7bb0b9c-66d5-4434-8521-17fd7b1236a5 Task timed out after 1.06 seconds\"}",
  "timestamp": 2800
}
{
  "sandboxLog": "{\"errorMessage\":\"2024-03-21T13:47:54.342Z fe8468a8-fb61-49b6-b79b-7337242bbf73 Task timed out after 1.05 seconds\"}",
  "lambdaLog": "{\"errorMessage\":\"2024-03-21T13:47:54.342Z fe8468a8-fb61-49b6-b79b-7337242bbf73 Task timed out after 1.05 seconds\"}",
  "timestamp": 2900
}
{
  "sandboxLog": "{\"errorMessage\":\"2024-03-21T13:47:55.563Z 9ac22b1e-5455-41e9-8f25-a4dea5f89f70 Task timed out after 1.03 seconds\"}",
  "lambdaLog": "{\"errorMessage\":\"2024-03-21T13:47:55.563Z 9ac22b1e-5455-41e9-8f25-a4dea5f89f70 Task timed out after 1.03 seconds\"}",
  "timestamp": 3000
}
{
  "sandboxLog": "{\"errorMessage\":\"2024-03-21T13:47:56.692Z 4cc27300-f573-406e-b2ca-c38c57c43cb0 Task timed out after 1.12 seconds\"}",
  "lambdaLog": "{\"errorMessage\":\"2024-03-21T13:47:56.692Z 4cc27300-f573-406e-b2ca-c38c57c43cb0 Task timed out after 1.12 seconds\"}",
  "timestamp": 3100
}
{
  "sandboxLog": "{\"errorMessage\":\"2024-03-21T13:47:57.742Z 4040a8e0-e8bb-4ebf-b682-386c713e50a6 Task timed out after 1.04 seconds\"}",
  "lambdaLog": "{\"errorMessage\":\"2024-03-21T13:47:57.742Z 4040a8e0-e8bb-4ebf-b682-386c713e50a6 Task timed out after 1.04 seconds\"}",
  "timestamp": 3200
}
{
  "sandboxLog": "{\"errorMessage\":\"2024-03-21T13:47:58.812Z bc81d4cb-3a30-4c09-bd09-bff6e126bc3f Task timed out after 1.05 seconds\"}",
  "lambdaLog": "{\"errorMessage\":\"2024-03-21T13:47:58.812Z bc81d4cb-3a30-4c09-bd09-bff6e126bc3f Task timed out after 1.05 seconds\"}",
  "timestamp": 3300
}
{
  "sandboxLog": "{\"errorMessage\":\"2024-03-21T13:47:59.864Z a4e3c210-df00-4f43-995a-20e6e1e2af6a Task timed out after 1.04 seconds\"}",
  "lambdaLog": "{\"errorMessage\":\"2024-03-21T13:47:59.864Z a4e3c210-df00-4f43-995a-20e6e1e2af6a Task timed out after 1.04 seconds\"}",
  "timestamp": 3400
}
{
  "sandboxLog": "{\"errorMessage\":\"2024-03-21T13:48:00.951Z 56c387dd-60fc-426d-97a3-6c8fae5706f6 Task timed out after 1.07 seconds\"}",
  "lambdaLog": "{\"errorMessage\":\"2024-03-21T13:48:00.951Z 56c387dd-60fc-426d-97a3-6c8fae5706f6 Task timed out after 1.07 seconds\"}",
  "timestamp": 3500
}
{
  "sandboxLog": "{\"errorMessage\":\"2024-03-21T13:48:02.043Z 77cd9096-1574-42f3-93b5-0e42b499030e Task timed out after 1.08 seconds\"}",
  "lambdaLog": "{\"errorMessage\":\"2024-03-21T13:48:02.043Z 77cd9096-1574-42f3-93b5-0e42b499030e Task timed out after 1.08 seconds\"}",
  "timestamp": 3600
}
{
  "sandboxLog": "{\"errorMessage\":\"2024-03-21T13:48:03.131Z 959518a8-476a-4f2b-8d77-45c8e479dce6 Task timed out after 1.07 seconds\"}",
  "lambdaLog": "{\"errorMessage\":\"2024-03-21T13:48:03.131Z 959518a8-476a-4f2b-8d77-45c8e479dce6 Task timed out after 1.07 seconds\"}",
  "timestamp": 3700
}
{
  "sandboxLog": "{\"errorMessage\":\"2024-03-21T13:48:04.213Z e1125ea7-c3f1-44c7-b2b5-f6e9d37ebc96 Task timed out after 1.06 seconds\"}",
  "lambdaLog": "{\"errorMessage\":\"2024-03-21T13:48:04.213Z e1125ea7-c3f1-44c7-b2b5-f6e9d37ebc96 Task timed out after 1.06 seconds\"}",
  "timestamp": 3800
}
{
  "sandboxLog": "{\"errorMessage\":\"2024-03-21T13:48:05.325Z 7a69889c-acf6-47df-977e-4130181215b0 Task timed out after 1.10 seconds\"}",
  "lambdaLog": "{\"errorMessage\":\"2024-03-21T13:48:05.325Z 7a69889c-acf6-47df-977e-4130181215b0 Task timed out after 1.10 seconds\"}",
  "timestamp": 3900
}
{
  "sandboxLog": "{\"errorMessage\":\"2024-03-21T13:48:06.403Z 3784887a-0407-4cd7-98bc-e8027a56549f Task timed out after 1.06 seconds\"}",
  "lambdaLog": "{\"errorMessage\":\"2024-03-21T13:48:06.403Z 3784887a-0407-4cd7-98bc-e8027a56549f Task timed out after 1.06 seconds\"}",
  "timestamp": 4000
}
{
  "sandboxLog": "{\"errorMessage\":\"2024-03-21T13:48:07.472Z ef450fc3-25a0-4557-9bc9-516a844d0a62 Task timed out after 1.05 seconds\"}",
  "lambdaLog": "{\"errorMessage\":\"2024-03-21T13:48:07.472Z ef450fc3-25a0-4557-9bc9-516a844d0a62 Task timed out after 1.05 seconds\"}",
  "timestamp": 4100
}
{
  "sandboxLog": "{\"errorMessage\":\"2024-03-21T13:48:08.583Z 60d5f8b7-75d2-4c09-82c9-c26e797a8e19 Task timed out after 1.10 seconds\"}",
  "lambdaLog": "{\"errorMessage\":\"2024-03-21T13:48:08.583Z 60d5f8b7-75d2-4c09-82c9-c26e797a8e19 Task timed out after 1.10 seconds\"}",
  "timestamp": 4200
}
{
  "sandboxLog": "{\"errorMessage\":\"2024-03-21T13:48:09.671Z 55dfa471-2daa-4cb7-8f10-7266846f1450 Task timed out after 1.07 seconds\"}",
  "lambdaLog": "{\"errorMessage\":\"2024-03-21T13:48:09.671Z 55dfa471-2daa-4cb7-8f10-7266846f1450 Task timed out after 1.07 seconds\"}",
  "timestamp": 4300
}
{
  "sandboxLog": "{\"errorMessage\":\"2024-03-21T13:48:10.742Z efb097dc-6296-4c98-bdfc-a4b6dd596b2e Task timed out after 1.06 seconds\"}",
  "lambdaLog": "{\"errorMessage\":\"2024-03-21T13:48:10.742Z efb097dc-6296-4c98-bdfc-a4b6dd596b2e Task timed out after 1.06 seconds\"}",
  "timestamp": 4400
}
{
  "sandboxLog": "{\"errorMessage\":\"2024-03-21T13:48:11.804Z 92ddbeb4-286d-4610-933e-979f2b8f27b1 Task timed out after 1.04 seconds\"}",
  "lambdaLog": "{\"errorMessage\":\"2024-03-21T13:48:11.804Z 92ddbeb4-286d-4610-933e-979f2b8f27b1 Task timed out after 1.04 seconds\"}",
  "timestamp": 4500
}
{
  "sandboxLog": "{\"errorMessage\":\"2024-03-21T13:48:12.891Z 42b9fdc8-86c2-48f0-9deb-f400152e8647 Task timed out after 1.07 seconds\"}",
  "lambdaLog": "{\"errorMessage\":\"2024-03-21T13:48:12.891Z 42b9fdc8-86c2-48f0-9deb-f400152e8647 Task timed out after 1.07 seconds\"}",
  "timestamp": 4600
}
{
  "sandboxLog": "{\"errorMessage\":\"2024-03-21T13:48:13.943Z 52752364-32a9-4091-9520-1dbc68ae4cf0 Task timed out after 1.04 seconds\"}",
  "lambdaLog": "{\"errorMessage\":\"2024-03-21T13:48:13.943Z 52752364-32a9-4091-9520-1dbc68ae4cf0 Task timed out after 1.04 seconds\"}",
  "timestamp": 4700
}
{
  "sandboxLog": "{\"errorMessage\":\"2024-03-21T13:48:15.012Z 5cdb9690-fd06-4198-b0d8-34e9c90deb6b Task timed out after 1.05 seconds\"}",
  "lambdaLog": "{\"errorMessage\":\"2024-03-21T13:48:15.012Z 5cdb9690-fd06-4198-b0d8-34e9c90deb6b Task timed out after 1.05 seconds\"}",
  "timestamp": 4800
}
{
  "sandboxLog": "{\"errorMessage\":\"2024-03-21T13:48:16.162Z d39be3da-e803-44eb-b66f-de8000a6e903 Task timed out after 1.14 seconds\"}",
  "lambdaLog": "{\"errorMessage\":\"2024-03-21T13:48:16.162Z d39be3da-e803-44eb-b66f-de8000a6e903 Task timed out after 1.14 seconds\"}",
  "timestamp": 4900
}
{
  "sandboxLog": "{\"errorMessage\":\"2024-03-21T13:48:17.251Z 31c7f6df-2fb9-4a43-864a-3aba664ea34d Task timed out after 1.07 seconds\"}",
  "lambdaLog": "{\"errorMessage\":\"2024-03-21T13:48:17.251Z 31c7f6df-2fb9-4a43-864a-3aba664ea34d Task timed out after 1.07 seconds\"}",
  "timestamp": 5000
}
{
  "sandboxLog": "{\"errorMessage\":\"2024-03-21T13:48:18.322Z 872d4791-9520-4990-9b5d-4d5333baf5f6 Task timed out after 1.06 seconds\"}",
  "lambdaLog": "{\"errorMessage\":\"2024-03-21T13:48:18.322Z 872d4791-9520-4990-9b5d-4d5333baf5f6 Task timed out after 1.06 seconds\"}",
  "timestamp": 5100
}
{
  "sandboxLog": "{\"errorMessage\":\"2024-03-21T13:48:19.431Z c4928981-b67d-463a-9240-3095f58a8b29 Task timed out after 1.09 seconds\"}",
  "lambdaLog": "{\"errorMessage\":\"2024-03-21T13:48:19.431Z c4928981-b67d-463a-9240-3095f58a8b29 Task timed out after 1.09 seconds\"}",
  "timestamp": 5200
}
{
  "sandboxLog": "{\"errorMessage\":\"2024-03-21T13:48:20.512Z 0e0c86c0-89e0-4831-b6c4-df8037ada23d Task timed out after 1.06 seconds\"}",
  "lambdaLog": "{\"errorMessage\":\"2024-03-21T13:48:20.512Z 0e0c86c0-89e0-4831-b6c4-df8037ada23d Task timed out after 1.06 seconds\"}",
  "timestamp": 5300
}
{
  "sandboxLog": "{\"errorMessage\":\"2024-03-21T13:48:21.624Z 7cfad802-a77f-47ce-81ca-6d91231239cf Task timed out after 1.10 seconds\"}",
  "lambdaLog": "{\"errorMessage\":\"2024-03-21T13:48:21.624Z 7cfad802-a77f-47ce-81ca-6d91231239cf Task timed out after 1.10 seconds\"}",
  "timestamp": 5400
}
{
  "sandboxLog": "{\"errorMessage\":\"2024-03-21T13:48:22.712Z 0d0f3b25-5115-49f0-b7a4-334396b3b8b8 Task timed out after 1.07 seconds\"}",
  "lambdaLog": "{\"errorMessage\":\"2024-03-21T13:48:22.712Z 0d0f3b25-5115-49f0-b7a4-334396b3b8b8 Task timed out after 1.07 seconds\"}",
  "timestamp": 5500
}
{
  "sandboxLog": "{\"errorMessage\":\"2024-03-21T13:48:23.783Z 9721d63c-f326-4117-8786-085e28b16032 Task timed out after 1.05 seconds\"}",
  "lambdaLog": "{\"errorMessage\":\"2024-03-21T13:48:23.783Z 9721d63c-f326-4117-8786-085e28b16032 Task timed out after 1.05 seconds\"}",
  "timestamp": 5600
}
{
  "sandboxLog": "{\"errorMessage\":\"2024-03-21T13:48:24.812Z fef436d3-6b77-4575-a4b9-cdc10bfd4286 Task timed out after 1.01 seconds\"}",
  "lambdaLog": "{\"errorMessage\":\"2024-03-21T13:48:24.812Z fef436d3-6b77-4575-a4b9-cdc10bfd4286 Task timed out after 1.01 seconds\"}",
  "timestamp": 5700
}
{
  "sandboxLog": "{\"errorMessage\":\"2024-03-21T13:48:25.903Z d10eab54-5557-4fba-85da-273fcee88df9 Task timed out after 1.07 seconds\"}",
  "lambdaLog": "{\"errorMessage\":\"2024-03-21T13:48:25.903Z d10eab54-5557-4fba-85da-273fcee88df9 Task timed out after 1.07 seconds\"}",
  "timestamp": 5800
}
{
  "sandboxLog": "{\"errorMessage\":\"2024-03-21T13:48:26.991Z 9d276ce7-4a1a-48c6-bd5a-0c604a819afa Task timed out after 1.07 seconds\"}",
  "lambdaLog": "{\"errorMessage\":\"2024-03-21T13:48:26.991Z 9d276ce7-4a1a-48c6-bd5a-0c604a819afa Task timed out after 1.07 seconds\"}",
  "timestamp": 5900
}
{
  "sandboxLog": "{\"errorMessage\":\"2024-03-21T13:48:28.103Z adcfa5b0-7f71-4e2c-bcc8-6f0c00a95538 Task timed out after 1.10 seconds\"}",
  "lambdaLog": "{\"errorMessage\":\"2024-03-21T13:48:28.103Z adcfa5b0-7f71-4e2c-bcc8-6f0c00a95538 Task timed out after 1.10 seconds\"}",
  "timestamp": 6000
}
{
  "sandboxLog": "{\"errorMessage\":\"2024-03-21T13:48:29.192Z 705b3979-2504-4f67-b8f9-a88278d92e5f Task timed out after 1.08 seconds\"}",
  "lambdaLog": "{\"errorMessage\":\"2024-03-21T13:48:29.192Z 705b3979-2504-4f67-b8f9-a88278d92e5f Task timed out after 1.08 seconds\"}",
  "timestamp": 6100
}
{
  "sandboxLog": "{\"errorMessage\":\"2024-03-21T13:48:30.291Z 8826000e-69a5-48a9-9e96-969583d8a7f1 Task timed out after 1.08 seconds\"}",
  "lambdaLog": "{\"errorMessage\":\"2024-03-21T13:48:30.291Z 8826000e-69a5-48a9-9e96-969583d8a7f1 Task timed out after 1.08 seconds\"}",
  "timestamp": 6200
}
{
  "sandboxLog": "{\"errorMessage\":\"2024-03-21T13:48:31.372Z b11c8142-5f68-478c-90dd-9f243f36ee11 Task timed out after 1.06 seconds\"}",
  "lambdaLog": "{\"errorMessage\":\"2024-03-21T13:48:31.372Z b11c8142-5f68-478c-90dd-9f243f36ee11 Task timed out after 1.06 seconds\"}",
  "timestamp": 6300
}
{
  "sandboxLog": "{\"errorMessage\":\"2024-03-21T13:48:32.503Z 9b058ec7-4399-441a-8fb0-a546eb861e12 Task timed out after 1.12 seconds\"}",
  "lambdaLog": "{\"errorMessage\":\"2024-03-21T13:48:32.503Z 9b058ec7-4399-441a-8fb0-a546eb861e12 Task timed out after 1.12 seconds\"}",
  "timestamp": 6400
}
{
  "sandboxLog": "{\"errorMessage\":\"2024-03-21T13:48:33.713Z 90826d14-2760-447a-b072-9ed405456820 Task timed out after 1.20 seconds\"}",
  "lambdaLog": "{\"errorMessage\":\"2024-03-21T13:48:33.713Z 90826d14-2760-447a-b072-9ed405456820 Task timed out after 1.20 seconds\"}",
  "timestamp": 6500
}
{
  "sandboxLog": "{\"errorMessage\":\"2024-03-21T13:48:34.843Z aece1cc5-61e4-44c6-8c46-95ce06501bba Task timed out after 1.12 seconds\"}",
  "lambdaLog": "{\"errorMessage\":\"2024-03-21T13:48:34.843Z aece1cc5-61e4-44c6-8c46-95ce06501bba Task timed out after 1.12 seconds\"}",
  "timestamp": 6600
}
{
  "sandboxLog": "{\"errorMessage\":\"2024-03-21T13:48:35.932Z 3b381ca6-b720-49dc-b339-23824f7c8fae Task timed out after 1.08 seconds\"}",
  "lambdaLog": "{\"errorMessage\":\"2024-03-21T13:48:35.932Z 3b381ca6-b720-49dc-b339-23824f7c8fae Task timed out after 1.08 seconds\"}",
  "timestamp": 6700
}
{
  "sandboxLog": "{\"errorMessage\":\"2024-03-21T13:48:37.003Z 0328c49c-92b9-41fb-a54e-0784b0228212 Task timed out after 1.06 seconds\"}",
  "lambdaLog": "{\"errorMessage\":\"2024-03-21T13:48:37.003Z 0328c49c-92b9-41fb-a54e-0784b0228212 Task timed out after 1.06 seconds\"}",
  "timestamp": 6800
}
{
  "sandboxLog": "{\"errorMessage\":\"2024-03-21T13:48:38.091Z b3784db1-67a1-4c79-af51-ad73d1a0a251 Task timed out after 1.07 seconds\"}",
  "lambdaLog": "{\"errorMessage\":\"2024-03-21T13:48:38.091Z b3784db1-67a1-4c79-af51-ad73d1a0a251 Task timed out after 1.07 seconds\"}",
  "timestamp": 6900
}
{
  "sandboxLog": "{\"errorMessage\":\"2024-03-21T13:48:39.144Z b31c292e-b9a8-4ba4-9ba2-2b570c3cb922 Task timed out after 1.04 seconds\"}",
  "lambdaLog": "{\"errorMessage\":\"2024-03-21T13:48:39.144Z b31c292e-b9a8-4ba4-9ba2-2b570c3cb922 Task timed out after 1.04 seconds\"}",
  "timestamp": 7000
}
{
  "sandboxLog": "{\"errorMessage\":\"2024-03-21T13:48:40.233Z 5306fe19-8685-4fd9-b0f5-194eb2b3bc35 Task timed out after 1.07 seconds\"}",
  "lambdaLog": "{\"errorMessage\":\"2024-03-21T13:48:40.233Z 5306fe19-8685-4fd9-b0f5-194eb2b3bc35 Task timed out after 1.07 seconds\"}",
  "timestamp": 7100
}
{
  "sandboxLog": "{\"errorMessage\":\"2024-03-21T13:48:41.304Z 4ed45674-e19e-49d3-beec-3f9c1189bca8 Task timed out after 1.06 seconds\"}",
  "lambdaLog": "{\"errorMessage\":\"2024-03-21T13:48:41.304Z 4ed45674-e19e-49d3-beec-3f9c1189bca8 Task timed out after 1.06 seconds\"}",
  "timestamp": 7200
}
{
  "sandboxLog": "{\"errorMessage\":\"2024-03-21T13:48:42.391Z 447b4bb6-960c-4fde-a38d-e4f02ae5f28b Task timed out after 1.07 seconds\"}",
  "lambdaLog": "{\"errorMessage\":\"2024-03-21T13:48:42.391Z 447b4bb6-960c-4fde-a38d-e4f02ae5f28b Task timed out after 1.07 seconds\"}",
  "timestamp": 7300
}
{
  "sandboxLog": "{\"errorMessage\":\"2024-03-21T13:48:43.444Z 24243b53-4744-4a01-9e79-04b2e967abd5 Task timed out after 1.04 seconds\"}",
  "lambdaLog": "{\"errorMessage\":\"2024-03-21T13:48:43.444Z 24243b53-4744-4a01-9e79-04b2e967abd5 Task timed out after 1.04 seconds\"}",
  "timestamp": 7400
}
{
  "sandboxLog": "{\"errorMessage\":\"2024-03-21T13:48:44.473Z 4792a904-fe35-46b0-ae28-2b78e0ff35f7 Task timed out after 1.01 seconds\"}",
  "lambdaLog": "{\"errorMessage\":\"2024-03-21T13:48:44.473Z 4792a904-fe35-46b0-ae28-2b78e0ff35f7 Task timed out after 1.01 seconds\"}",
  "timestamp": 7500
}
{
  "sandboxLog": "{\"errorMessage\":\"2024-03-21T13:48:45.544Z 71f67213-9792-4ca8-b1e5-b86df75b415a Task timed out after 1.06 seconds\"}",
  "lambdaLog": "{\"errorMessage\":\"2024-03-21T13:48:45.544Z 71f67213-9792-4ca8-b1e5-b86df75b415a Task timed out after 1.06 seconds\"}",
  "timestamp": 7600
}
{
  "sandboxLog": "{\"errorMessage\":\"2024-03-21T13:48:46.631Z 6288f3e6-1dac-4e6d-ad8a-aa5f6a553243 Task timed out after 1.08 seconds\"}",
  "lambdaLog": "{\"errorMessage\":\"2024-03-21T13:48:46.631Z 6288f3e6-1dac-4e6d-ad8a-aa5f6a553243 Task timed out after 1.08 seconds\"}",
  "timestamp": 7700
}
{
  "sandboxLog": "{\"errorMessage\":\"2024-03-21T13:48:47.744Z 5d1fe6c4-3d70-4a78-ae85-db99cd0e468b Task timed out after 1.10 seconds\"}",
  "lambdaLog": "{\"errorMessage\":\"2024-03-21T13:48:47.744Z 5d1fe6c4-3d70-4a78-ae85-db99cd0e468b Task timed out after 1.10 seconds\"}",
  "timestamp": 7800
}
{
  "sandboxLog": "{\"errorMessage\":\"2024-03-21T13:48:48.831Z 3b32ed5b-2579-4fda-b552-9eef74cbc33a Task timed out after 1.07 seconds\"}",
  "lambdaLog": "{\"errorMessage\":\"2024-03-21T13:48:48.831Z 3b32ed5b-2579-4fda-b552-9eef74cbc33a Task timed out after 1.07 seconds\"}",
  "timestamp": 7900
}
{
  "sandboxLog": "{\"errorMessage\":\"2024-03-21T13:48:49.864Z 9a6652b6-3543-4294-9abd-8a6fd406752d Task timed out after 1.02 seconds\"}",
  "lambdaLog": "{\"errorMessage\":\"2024-03-21T13:48:49.864Z 9a6652b6-3543-4294-9abd-8a6fd406752d Task timed out after 1.02 seconds\"}",
  "timestamp": 8000
}
{
  "sandboxLog": "{\"errorMessage\":\"2024-03-21T13:48:50.952Z 59d94307-8c5d-463a-acf8-c8b240d2df4b Task timed out after 1.07 seconds\"}",
  "lambdaLog": "{\"errorMessage\":\"2024-03-21T13:48:50.952Z 59d94307-8c5d-463a-acf8-c8b240d2df4b Task timed out after 1.07 seconds\"}",
  "timestamp": 8100
}
{
  "sandboxLog": "{\"errorMessage\":\"2024-03-21T13:48:52.024Z f3317ae0-4a1f-455d-95bc-b8db71674cdc Task timed out after 1.06 seconds\"}",
  "lambdaLog": "{\"errorMessage\":\"2024-03-21T13:48:52.024Z f3317ae0-4a1f-455d-95bc-b8db71674cdc Task timed out after 1.06 seconds\"}",
  "timestamp": 8200
}
{
  "sandboxLog": "{\"errorMessage\":\"2024-03-21T13:48:53.112Z 1b401f53-099e-47ec-bc00-2bef42842866 Task timed out after 1.08 seconds\"}",
  "lambdaLog": "{\"errorMessage\":\"2024-03-21T13:48:53.112Z 1b401f53-099e-47ec-bc00-2bef42842866 Task timed out after 1.08 seconds\"}",
  "timestamp": 8300
}
{
  "sandboxLog": "{\"errorMessage\":\"2024-03-21T13:48:54.223Z 27b4e515-3e9e-45a6-b504-7109c0be6daa Task timed out after 1.07 seconds\"}",
  "lambdaLog": "{\"errorMessage\":\"2024-03-21T13:48:54.223Z 27b4e515-3e9e-45a6-b504-7109c0be6daa Task timed out after 1.07 seconds\"}",
  "timestamp": 8400
}
{
  "sandboxLog": "{\"errorMessage\":\"2024-03-21T13:48:55.323Z 93c74574-fa10-4ff9-a9cc-4fc7c5ca6078 Task timed out after 1.08 seconds\"}",
  "lambdaLog": "{\"errorMessage\":\"2024-03-21T13:48:55.323Z 93c74574-fa10-4ff9-a9cc-4fc7c5ca6078 Task timed out after 1.08 seconds\"}",
  "timestamp": 8500
}
{
  "sandboxLog": "{\"errorMessage\":\"2024-03-21T13:48:56.431Z 67168e51-1d3d-41d8-a0a3-fbb4369246ba Task timed out after 1.10 seconds\"}",
  "lambdaLog": "{\"errorMessage\":\"2024-03-21T13:48:56.431Z 67168e51-1d3d-41d8-a0a3-fbb4369246ba Task timed out after 1.10 seconds\"}",
  "timestamp": 8600
}
{
  "sandboxLog": "{\"errorMessage\":\"2024-03-21T13:48:57.512Z 0ac0b63b-62a1-4dd4-b310-574ba864af63 Task timed out after 1.06 seconds\"}",
  "lambdaLog": "{\"errorMessage\":\"2024-03-21T13:48:57.512Z 0ac0b63b-62a1-4dd4-b310-574ba864af63 Task timed out after 1.06 seconds\"}",
  "timestamp": 8700
}
{
  "sandboxLog": "{\"errorMessage\":\"2024-03-21T13:48:58.583Z 6a1511ff-d5d5-4f92-8e69-cdb3e2565e21 Task timed out after 1.06 seconds\"}",
  "lambdaLog": "{\"errorMessage\":\"2024-03-21T13:48:58.583Z 6a1511ff-d5d5-4f92-8e69-cdb3e2565e21 Task timed out after 1.06 seconds\"}",
  "timestamp": 8800
}
{
  "sandboxLog": "{\"errorMessage\":\"2024-03-21T13:48:59.672Z 429d4fcb-5ee1-410f-9e9d-e7a7ff4d0300 Task timed out after 1.08 seconds\"}",
  "lambdaLog": "{\"errorMessage\":\"2024-03-21T13:48:59.672Z 429d4fcb-5ee1-410f-9e9d-e7a7ff4d0300 Task timed out after 1.08 seconds\"}",
  "timestamp": 8900
}
{
  "sandboxLog": "{\"errorMessage\":\"2024-03-21T13:49:00.743Z b44782bb-f8fa-431e-8468-46da4c941bda Task timed out after 1.06 seconds\"}",
  "lambdaLog": "{\"errorMessage\":\"2024-03-21T13:49:00.743Z b44782bb-f8fa-431e-8468-46da4c941bda Task timed out after 1.06 seconds\"}",
  "timestamp": 9000
}
{
  "sandboxLog": "{\"errorMessage\":\"2024-03-21T13:49:01.813Z 0bc8224b-81a5-4c0a-92e1-87c30c8b0f68 Task timed out after 1.06 seconds\"}",
  "lambdaLog": "{\"errorMessage\":\"2024-03-21T13:49:01.813Z 0bc8224b-81a5-4c0a-92e1-87c30c8b0f68 Task timed out after 1.06 seconds\"}",
  "timestamp": 9100
}
{
  "sandboxLog": "{\"errorMessage\":\"2024-03-21T13:49:02.903Z 531f97ce-aeae-48b5-a5a9-5d8db51ddd40 Task timed out after 1.07 seconds\"}",
  "lambdaLog": "{\"errorMessage\":\"2024-03-21T13:49:02.903Z 531f97ce-aeae-48b5-a5a9-5d8db51ddd40 Task timed out after 1.07 seconds\"}",
  "timestamp": 9200
}
{
  "sandboxLog": "{\"errorMessage\":\"2024-03-21T13:49:03.992Z 793d7577-e417-4b59-83cc-829b6f67a42e Task timed out after 1.07 seconds\"}",
  "lambdaLog": "{\"errorMessage\":\"2024-03-21T13:49:03.992Z 793d7577-e417-4b59-83cc-829b6f67a42e Task timed out after 1.07 seconds\"}",
  "timestamp": 9300
}
{
  "sandboxLog": "{\"errorMessage\":\"2024-03-21T13:49:05.083Z aed7df59-f43a-4e25-a4e9-2a72a4e11e91 Task timed out after 1.07 seconds\"}",
  "lambdaLog": "{\"errorMessage\":\"2024-03-21T13:49:05.083Z aed7df59-f43a-4e25-a4e9-2a72a4e11e91 Task timed out after 1.07 seconds\"}",
  "timestamp": 9400
}
{
  "sandboxLog": "{\"errorMessage\":\"2024-03-21T13:49:06.144Z 184c1d89-0520-4886-a66d-838389e313c7 Task timed out after 1.04 seconds\"}",
  "lambdaLog": "{\"errorMessage\":\"2024-03-21T13:49:06.144Z 184c1d89-0520-4886-a66d-838389e313c7 Task timed out after 1.04 seconds\"}",
  "timestamp": 9500
}
{
  "sandboxLog": "{\"errorMessage\":\"2024-03-21T13:49:07.443Z 60acac36-495d-4687-9900-a0801646ab9b Task timed out after 1.07 seconds\"}",
  "lambdaLog": "{\"errorMessage\":\"2024-03-21T13:49:07.443Z 60acac36-495d-4687-9900-a0801646ab9b Task timed out after 1.07 seconds\"}",
  "timestamp": 9600
}
{
  "sandboxLog": "{\"errorMessage\":\"2024-03-21T13:49:08.664Z 12a452b3-c188-4038-9e3c-0f6807937ddf Task timed out after 1.07 seconds\"}",
  "lambdaLog": "{\"errorMessage\":\"2024-03-21T13:49:08.664Z 12a452b3-c188-4038-9e3c-0f6807937ddf Task timed out after 1.07 seconds\"}",
  "timestamp": 9700
}
{
  "sandboxLog": "{\"errorMessage\":\"2024-03-21T13:49:09.732Z c7e6714b-34ac-4c06-973d-996837df80e1 Task timed out after 1.05 seconds\"}",
  "lambdaLog": "{\"errorMessage\":\"2024-03-21T13:49:09.732Z c7e6714b-34ac-4c06-973d-996837df80e1 Task timed out after 1.05 seconds\"}",
  "timestamp": 9800
}
{
  "sandboxLog": "{\"errorMessage\":\"2024-03-21T13:49:10.803Z 7e687402-835c-4401-9e28-ee1168f031af Task timed out after 1.06 seconds\"}",
  "lambdaLog": "{\"errorMessage\":\"2024-03-21T13:49:10.803Z 7e687402-835c-4401-9e28-ee1168f031af Task timed out after 1.06 seconds\"}",
  "timestamp": 9900
}
{
  "sandboxLog": "{\"errorMessage\":\"2024-03-21T13:49:11.892Z b7ae2c8d-5edd-4a2d-ba43-c47d9f660d34 Task timed out after 1.07 seconds\"}",
  "lambdaLog": "{\"errorMessage\":\"2024-03-21T13:49:11.892Z b7ae2c8d-5edd-4a2d-ba43-c47d9f660d34 Task timed out after 1.07 seconds\"}",
  "timestamp": 10000
}
{
  "sandboxLog": "{\"errorMessage\":\"2024-03-21T13:49:12.971Z 3d42587f-a627-419e-8b83-bc841ac571e4 Task timed out after 1.03 seconds\"}",
  "lambdaLog": "{\"errorMessage\":\"2024-03-21T13:49:12.971Z 3d42587f-a627-419e-8b83-bc841ac571e4 Task timed out after 1.03 seconds\"}",
  "timestamp": 10100
}
{
  "sandboxLog": "{\"errorMessage\":\"2024-03-21T13:49:14.043Z 4b85b75e-9f2d-4e8c-bb37-fce42fde6274 Task timed out after 1.06 seconds\"}",
  "lambdaLog": "{\"errorMessage\":\"2024-03-21T13:49:14.043Z 4b85b75e-9f2d-4e8c-bb37-fce42fde6274 Task timed out after 1.06 seconds\"}",
  "timestamp": 10200
}
{
  "sandboxLog": "{\"errorMessage\":\"2024-03-21T13:49:15.152Z 240942f7-c2b7-4481-99ac-6e7942e0d62f Task timed out after 1.09 seconds\"}",
  "lambdaLog": "{\"errorMessage\":\"2024-03-21T13:49:15.152Z 240942f7-c2b7-4481-99ac-6e7942e0d62f Task timed out after 1.09 seconds\"}",
  "timestamp": 10300
}
{
  "sandboxLog": "{\"errorMessage\":\"2024-03-21T13:49:16.352Z bdee7c2b-207b-4ca3-b1ff-e593027aec1b Task timed out after 1.07 seconds\"}",
  "lambdaLog": "{\"errorMessage\":\"2024-03-21T13:49:16.352Z bdee7c2b-207b-4ca3-b1ff-e593027aec1b Task timed out after 1.07 seconds\"}",
  "timestamp": 10400
}
{
  "sandboxLog": "{\"errorMessage\":\"2024-03-21T13:49:17.423Z 292a06c0-01fb-4069-b424-f17ff003a74c Task timed out after 1.06 seconds\"}",
  "lambdaLog": "{\"errorMessage\":\"2024-03-21T13:49:17.423Z 292a06c0-01fb-4069-b424-f17ff003a74c Task timed out after 1.06 seconds\"}",
  "timestamp": 10500
}
{
  "sandboxLog": "{\"errorMessage\":\"2024-03-21T13:49:18.484Z b48591b4-03af-40c4-b2fe-777739820863 Task timed out after 1.03 seconds\"}",
  "lambdaLog": "{\"errorMessage\":\"2024-03-21T13:49:18.484Z b48591b4-03af-40c4-b2fe-777739820863 Task timed out after 1.03 seconds\"}",
  "timestamp": 10600
}
{
  "sandboxLog": "{\"errorMessage\":\"2024-03-21T13:49:19.564Z 7bb1e040-f3a5-4029-a890-5e9453c390ce Task timed out after 1.06 seconds\"}",
  "lambdaLog": "{\"errorMessage\":\"2024-03-21T13:49:19.564Z 7bb1e040-f3a5-4029-a890-5e9453c390ce Task timed out after 1.06 seconds\"}",
  "timestamp": 10700
}
{
  "sandboxLog": "{\"errorMessage\":\"2024-03-21T13:49:20.633Z a015ac90-ca29-4ea6-a308-4565a37743e9 Task timed out after 1.05 seconds\"}",
  "lambdaLog": "{\"errorMessage\":\"2024-03-21T13:49:20.633Z a015ac90-ca29-4ea6-a308-4565a37743e9 Task timed out after 1.05 seconds\"}",
  "timestamp": 10800
}
{
  "sandboxLog": "{\"errorMessage\":\"2024-03-21T13:49:21.703Z 19f4632b-c354-49ef-9462-7d22fb2e902c Task timed out after 1.06 seconds\"}",
  "lambdaLog": "{\"errorMessage\":\"2024-03-21T13:49:21.703Z 19f4632b-c354-49ef-9462-7d22fb2e902c Task timed out after 1.06 seconds\"}",
  "timestamp": 10900
}
{
  "sandboxLog": "{\"errorMessage\":\"2024-03-21T13:49:22.793Z dae32e40-5646-4963-9389-f43593095697 Task timed out after 1.08 seconds\"}",
  "lambdaLog": "{\"errorMessage\":\"2024-03-21T13:49:22.793Z dae32e40-5646-4963-9389-f43593095697 Task timed out after 1.08 seconds\"}",
  "timestamp": 11000
}
{
  "sandboxLog": "{\"errorMessage\":\"2024-03-21T13:49:23.924Z 0867340a-7e7b-437a-8cf4-649f4d6b866b Task timed out after 1.12 seconds\"}",
  "lambdaLog": "{\"errorMessage\":\"2024-03-21T13:49:23.924Z 0867340a-7e7b-437a-8cf4-649f4d6b866b Task timed out after 1.12 seconds\"}",
  "timestamp": 11100
}
{
  "sandboxLog": "{\"errorMessage\":\"2024-03-21T13:49:25.012Z 4214d9b8-a06d-47e0-801d-f790e39f00d6 Task timed out after 1.08 seconds\"}",
  "lambdaLog": "{\"errorMessage\":\"2024-03-21T13:49:25.012Z 4214d9b8-a06d-47e0-801d-f790e39f00d6 Task timed out after 1.08 seconds\"}",
  "timestamp": 11200
}
{
  "sandboxLog": "{\"errorMessage\":\"2024-03-21T13:49:26.084Z ffd0183c-8e67-46ce-9921-5f7009dc2f6a Task timed out after 1.06 seconds\"}",
  "lambdaLog": "{\"errorMessage\":\"2024-03-21T13:49:26.084Z ffd0183c-8e67-46ce-9921-5f7009dc2f6a Task timed out after 1.06 seconds\"}",
  "timestamp": 11300
}
{
  "sandboxLog": "{\"errorMessage\":\"2024-03-21T13:49:27.172Z c5f51e87-2e62-478a-bbbe-ef96729f7e03 Task timed out after 1.07 seconds\"}",
  "lambdaLog": "{\"errorMessage\":\"2024-03-21T13:49:27.172Z c5f51e87-2e62-478a-bbbe-ef96729f7e03 Task timed out after 1.07 seconds\"}",
  "timestamp": 11400
}
{
  "sandboxLog": "{\"errorMessage\":\"2024-03-21T13:49:28.244Z 52dc3acb-469c-47cd-b661-4e83f0c5374d Task timed out after 1.06 seconds\"}",
  "lambdaLog": "{\"errorMessage\":\"2024-03-21T13:49:28.244Z 52dc3acb-469c-47cd-b661-4e83f0c5374d Task timed out after 1.06 seconds\"}",
  "timestamp": 11500
}
{
  "sandboxLog": "{\"errorMessage\":\"2024-03-21T13:49:29.333Z 3599af3d-5d0c-4de5-9dbf-54db4d104e39 Task timed out after 1.06 seconds\"}",
  "lambdaLog": "{\"errorMessage\":\"2024-03-21T13:49:29.333Z 3599af3d-5d0c-4de5-9dbf-54db4d104e39 Task timed out after 1.06 seconds\"}",
  "timestamp": 11600
}
{
  "sandboxLog": "{\"errorMessage\":\"2024-03-21T13:49:30.404Z e10d36f2-272a-4918-93a0-04da7738bdcb Task timed out after 1.06 seconds\"}",
  "lambdaLog": "{\"errorMessage\":\"2024-03-21T13:49:30.404Z e10d36f2-272a-4918-93a0-04da7738bdcb Task timed out after 1.06 seconds\"}",
  "timestamp": 11700
}
{
  "sandboxLog": "{\"errorMessage\":\"2024-03-21T13:49:31.632Z dbb6543b-e950-4f9f-bfca-8835a48ba8c6 Task timed out after 1.21 seconds\"}",
  "lambdaLog": "{\"errorMessage\":\"2024-03-21T13:49:31.632Z dbb6543b-e950-4f9f-bfca-8835a48ba8c6 Task timed out after 1.21 seconds\"}",
  "timestamp": 11800
}
{
  "sandboxLog": "{\"errorMessage\":\"2024-03-21T13:49:32.704Z 0ce7fa6a-5842-497d-bc63-39fe14d41ff3 Task timed out after 1.05 seconds\"}",
  "lambdaLog": "{\"errorMessage\":\"2024-03-21T13:49:32.704Z 0ce7fa6a-5842-497d-bc63-39fe14d41ff3 Task timed out after 1.05 seconds\"}",
  "timestamp": 11900
}
{
  "sandboxLog": "{\"errorMessage\":\"2024-03-21T13:49:33.792Z 26207bff-0339-4692-b05f-0cecd98b95af Task timed out after 1.07 seconds\"}",
  "lambdaLog": "{\"errorMessage\":\"2024-03-21T13:49:33.792Z 26207bff-0339-4692-b05f-0cecd98b95af Task timed out after 1.07 seconds\"}",
  "timestamp": 12000
}
{
  "sandboxLog": "{\"errorMessage\":\"2024-03-21T13:49:34.883Z fa91ae09-d37e-420f-9e65-f28e5be30be6 Task timed out after 1.08 seconds\"}",
  "lambdaLog": "{\"errorMessage\":\"2024-03-21T13:49:34.883Z fa91ae09-d37e-420f-9e65-f28e5be30be6 Task timed out after 1.08 seconds\"}",
  "timestamp": 12100
}
{
  "sandboxLog": "{\"errorMessage\":\"2024-03-21T13:49:35.972Z df502b6f-06a9-4bb8-ba74-26ea3b904043 Task timed out after 1.07 seconds\"}",
  "lambdaLog": "{\"errorMessage\":\"2024-03-21T13:49:35.972Z df502b6f-06a9-4bb8-ba74-26ea3b904043 Task timed out after 1.07 seconds\"}",
  "timestamp": 12200
}
{
  "sandboxLog": "{\"errorMessage\":\"2024-03-21T13:49:37.044Z 11260e26-2e2f-4e32-b467-d3b1250be701 Task timed out after 1.06 seconds\"}",
  "lambdaLog": "{\"errorMessage\":\"2024-03-21T13:49:37.044Z 11260e26-2e2f-4e32-b467-d3b1250be701 Task timed out after 1.06 seconds\"}",
  "timestamp": 12300
}
{
  "sandboxLog": "{\"errorMessage\":\"2024-03-21T13:49:38.203Z f01fe124-9e5f-475d-b67c-5797e166de47 Task timed out after 1.05 seconds\"}",
  "lambdaLog": "{\"errorMessage\":\"2024-03-21T13:49:38.203Z f01fe124-9e5f-475d-b67c-5797e166de47 Task timed out after 1.05 seconds\"}",
  "timestamp": 12400
}
{
  "sandboxLog": "{\"errorMessage\":\"2024-03-21T13:49:39.312Z debcade2-44ff-48d9-ad43-73c3e4b27b52 Task timed out after 1.09 seconds\"}",
  "lambdaLog": "{\"errorMessage\":\"2024-03-21T13:49:39.312Z debcade2-44ff-48d9-ad43-73c3e4b27b52 Task timed out after 1.09 seconds\"}",
  "timestamp": 12500
}
{
  "sandboxLog": "{\"errorMessage\":\"2024-03-21T13:49:40.393Z a4fe3e9f-c0a0-4219-84e2-84687efd5a87 Task timed out after 1.06 seconds\"}",
  "lambdaLog": "{\"errorMessage\":\"2024-03-21T13:49:40.393Z a4fe3e9f-c0a0-4219-84e2-84687efd5a87 Task timed out after 1.06 seconds\"}",
  "timestamp": 12600
}
{
  "sandboxLog": "{\"errorMessage\":\"2024-03-21T13:49:41.463Z 14eb842e-ee37-47bb-aa85-bf62bb703308 Task timed out after 1.06 seconds\"}",
  "lambdaLog": "{\"errorMessage\":\"2024-03-21T13:49:41.463Z 14eb842e-ee37-47bb-aa85-bf62bb703308 Task timed out after 1.06 seconds\"}",
  "timestamp": 12700
}
{
  "sandboxLog": "{\"errorMessage\":\"2024-03-21T13:49:42.533Z 9c83591a-4fae-40d1-8575-57407c4bf0a5 Task timed out after 1.05 seconds\"}",
  "lambdaLog": "{\"errorMessage\":\"2024-03-21T13:49:42.533Z 9c83591a-4fae-40d1-8575-57407c4bf0a5 Task timed out after 1.05 seconds\"}",
  "timestamp": 12800
}
{
  "sandboxLog": "{\"errorMessage\":\"2024-03-21T13:49:43.603Z 1f03f21a-5e68-4a42-98bd-52b76477ca0a Task timed out after 1.06 seconds\"}",
  "lambdaLog": "{\"errorMessage\":\"2024-03-21T13:49:43.603Z 1f03f21a-5e68-4a42-98bd-52b76477ca0a Task timed out after 1.06 seconds\"}",
  "timestamp": 12900
}
{
  "sandboxLog": "{\"errorMessage\":\"2024-03-21T13:49:44.664Z e087e90d-2c66-4e30-bbf0-23f7bc3de32b Task timed out after 1.03 seconds\"}",
  "lambdaLog": "{\"errorMessage\":\"2024-03-21T13:49:44.664Z e087e90d-2c66-4e30-bbf0-23f7bc3de32b Task timed out after 1.03 seconds\"}",
  "timestamp": 13000
}
{
  "sandboxLog": "{\"errorMessage\":\"2024-03-21T13:49:45.752Z fa471d3a-1421-4305-8ed9-14afaabe3c67 Task timed out after 1.07 seconds\"}",
  "lambdaLog": "{\"errorMessage\":\"2024-03-21T13:49:45.752Z fa471d3a-1421-4305-8ed9-14afaabe3c67 Task timed out after 1.07 seconds\"}",
  "timestamp": 13100
}
{
  "sandboxLog": "{\"errorMessage\":\"2024-03-21T13:49:46.865Z c236adcb-7d18-4f32-9fc2-d3f82f02a1d1 Task timed out after 1.10 seconds\"}",
  "lambdaLog": "{\"errorMessage\":\"2024-03-21T13:49:46.865Z c236adcb-7d18-4f32-9fc2-d3f82f02a1d1 Task timed out after 1.10 seconds\"}",
  "timestamp": 13200
}
{
  "sandboxLog": "{\"errorMessage\":\"2024-03-21T13:49:48.012Z 84b2c347-a416-45b4-aa0b-df769263874c Task timed out after 1.13 seconds\"}",
  "lambdaLog": "{\"errorMessage\":\"2024-03-21T13:49:48.012Z 84b2c347-a416-45b4-aa0b-df769263874c Task timed out after 1.13 seconds\"}",
  "timestamp": 13300
}
{
  "sandboxLog": "{\"errorMessage\":\"2024-03-21T13:49:49.203Z b0ca8e47-d548-41bc-bf5b-d3f15ad7063d Task timed out after 1.18 seconds\"}",
  "lambdaLog": "{\"errorMessage\":\"2024-03-21T13:49:49.203Z b0ca8e47-d548-41bc-bf5b-d3f15ad7063d Task timed out after 1.18 seconds\"}",
  "timestamp": 13400
}
{
  "sandboxLog": "{\"errorMessage\":\"2024-03-21T13:49:50.293Z 8a686660-b08c-4f00-aa41-c5e23d3d7525 Task timed out after 1.07 seconds\"}",
  "lambdaLog": "{\"errorMessage\":\"2024-03-21T13:49:50.293Z 8a686660-b08c-4f00-aa41-c5e23d3d7525 Task timed out after 1.07 seconds\"}",
  "timestamp": 13500
}
{
  "sandboxLog": "{\"errorMessage\":\"2024-03-21T13:49:51.365Z bd9d84ad-e505-4af2-ab15-d4d83e1cf272 Task timed out after 1.06 seconds\"}",
  "lambdaLog": "{\"errorMessage\":\"2024-03-21T13:49:51.365Z bd9d84ad-e505-4af2-ab15-d4d83e1cf272 Task timed out after 1.06 seconds\"}",
  "timestamp": 13600
}
{
  "sandboxLog": "{\"errorMessage\":\"2024-03-21T13:49:52.452Z fd4687a9-f49d-4308-90f4-e7eedaf08ca7 Task timed out after 1.07 seconds\"}",
  "lambdaLog": "{\"errorMessage\":\"2024-03-21T13:49:52.452Z fd4687a9-f49d-4308-90f4-e7eedaf08ca7 Task timed out after 1.07 seconds\"}",
  "timestamp": 13700
}
{
  "sandboxLog": "{\"errorMessage\":\"2024-03-21T13:49:53.533Z f2ca7f78-a5d8-48b0-9ed8-df78befa13d0 Task timed out after 1.06 seconds\"}",
  "lambdaLog": "{\"errorMessage\":\"2024-03-21T13:49:53.533Z f2ca7f78-a5d8-48b0-9ed8-df78befa13d0 Task timed out after 1.06 seconds\"}",
  "timestamp": 13800
}
{
  "sandboxLog": "{\"errorMessage\":\"2024-03-21T13:49:54.584Z 42711d33-bac2-4411-9689-4349149abb05 Task timed out after 1.04 seconds\"}",
  "lambdaLog": "{\"errorMessage\":\"2024-03-21T13:49:54.584Z 42711d33-bac2-4411-9689-4349149abb05 Task timed out after 1.04 seconds\"}",
  "timestamp": 13900
}
{
  "sandboxLog": "{\"errorMessage\":\"2024-03-21T13:49:55.672Z 62a875ed-49c8-4338-8f35-e15ce8548715 Task timed out after 1.07 seconds\"}",
  "lambdaLog": "{\"errorMessage\":\"2024-03-21T13:49:55.672Z 62a875ed-49c8-4338-8f35-e15ce8548715 Task timed out after 1.07 seconds\"}",
  "timestamp": 14000
}
{
  "sandboxLog": "{\"errorMessage\":\"2024-03-21T13:49:56.725Z b746e277-d847-40be-9423-1679c921b4c3 Task timed out after 1.04 seconds\"}",
  "lambdaLog": "{\"errorMessage\":\"2024-03-21T13:49:56.725Z b746e277-d847-40be-9423-1679c921b4c3 Task timed out after 1.04 seconds\"}",
  "timestamp": 14100
}
{
  "sandboxLog": "{\"errorMessage\":\"2024-03-21T13:49:57.796Z 3eb25ef3-1933-44bb-82ef-45c25b0c4b20 Task timed out after 1.06 seconds\"}",
  "lambdaLog": "{\"errorMessage\":\"2024-03-21T13:49:57.796Z 3eb25ef3-1933-44bb-82ef-45c25b0c4b20 Task timed out after 1.06 seconds\"}",
  "timestamp": 14200
}
{
  "sandboxLog": "{\"errorMessage\":\"2024-03-21T13:49:58.893Z 8f3e0bb5-59a8-4a5b-9550-772d8940e2aa Task timed out after 1.07 seconds\"}",
  "lambdaLog": "{\"errorMessage\":\"2024-03-21T13:49:58.893Z 8f3e0bb5-59a8-4a5b-9550-772d8940e2aa Task timed out after 1.07 seconds\"}",
  "timestamp": 14300
}
{
  "sandboxLog": "{\"errorMessage\":\"2024-03-21T13:49:59.964Z 485e3b1d-7ede-4b46-a20d-aff64be996da Task timed out after 1.06 seconds\"}",
  "lambdaLog": "{\"errorMessage\":\"2024-03-21T13:49:59.964Z 485e3b1d-7ede-4b46-a20d-aff64be996da Task timed out after 1.06 seconds\"}",
  "timestamp": 14400
}
{
  "sandboxLog": "{\"errorMessage\":\"2024-03-21T13:50:01.153Z 3b72ba51-cebe-4ce7-a585-2c0cf3b0be76 Task timed out after 1.17 seconds\"}",
  "lambdaLog": "{\"errorMessage\":\"2024-03-21T13:50:01.153Z 3b72ba51-cebe-4ce7-a585-2c0cf3b0be76 Task timed out after 1.17 seconds\"}",
  "timestamp": 14500
}
{
  "sandboxLog": "{\"errorMessage\":\"2024-03-21T13:50:02.224Z 014e01c3-f670-4c04-be41-8349e3049b1c Task timed out after 1.06 seconds\"}",
  "lambdaLog": "{\"errorMessage\":\"2024-03-21T13:50:02.224Z 014e01c3-f670-4c04-be41-8349e3049b1c Task timed out after 1.06 seconds\"}",
  "timestamp": 14600
}
{
  "sandboxLog": "{\"errorMessage\":\"2024-03-21T13:50:03.373Z 1364887d-6ef6-4baf-bda2-c128575bbb5f Task timed out after 1.13 seconds\"}",
  "lambdaLog": "{\"errorMessage\":\"2024-03-21T13:50:03.373Z 1364887d-6ef6-4baf-bda2-c128575bbb5f Task timed out after 1.13 seconds\"}",
  "timestamp": 14700
}
{
  "sandboxLog": "{\"errorMessage\":\"2024-03-21T13:50:04.444Z 71a59392-8896-4fae-b8c1-8d4dc822c56a Task timed out after 1.06 seconds\"}",
  "lambdaLog": "{\"errorMessage\":\"2024-03-21T13:50:04.444Z 71a59392-8896-4fae-b8c1-8d4dc822c56a Task timed out after 1.06 seconds\"}",
  "timestamp": 14800
}
{
  "sandboxLog": "{\"errorMessage\":\"2024-03-21T13:50:05.532Z 326cbb4e-c729-4b72-a12b-f72615d42484 Task timed out after 1.07 seconds\"}",
  "lambdaLog": "{\"errorMessage\":\"2024-03-21T13:50:05.532Z 326cbb4e-c729-4b72-a12b-f72615d42484 Task timed out after 1.07 seconds\"}",
  "timestamp": 14900
}
{
  "sandboxLog": "{\"errorMessage\":\"2024-03-21T13:50:06.603Z 64898273-e19f-4bfe-84a8-4e51d818bedb Task timed out after 1.06 seconds\"}",
  "lambdaLog": "{\"errorMessage\":\"2024-03-21T13:50:06.603Z 64898273-e19f-4bfe-84a8-4e51d818bedb Task timed out after 1.06 seconds\"}",
  "timestamp": 15000
}
{
  "sandboxLog": "{\"errorMessage\":\"2024-03-21T13:50:07.692Z 344e3d28-1349-4895-b5a3-1ab007fb60e1 Task timed out after 1.08 seconds\"}",
  "lambdaLog": "{\"errorMessage\":\"2024-03-21T13:50:07.692Z 344e3d28-1349-4895-b5a3-1ab007fb60e1 Task timed out after 1.08 seconds\"}",
  "timestamp": 15100
}
{
  "sandboxLog": "{\"errorMessage\":\"2024-03-21T13:50:08.793Z c7af424b-9f39-4e72-acd7-aa46904f34e4 Task timed out after 1.08 seconds\"}",
  "lambdaLog": "{\"errorMessage\":\"2024-03-21T13:50:08.793Z c7af424b-9f39-4e72-acd7-aa46904f34e4 Task timed out after 1.08 seconds\"}",
  "timestamp": 15200
}
{
  "sandboxLog": "{\"errorMessage\":\"2024-03-21T13:50:09.943Z 034e9ddb-cf54-4cbd-9e8e-6e1fafe42c0c Task timed out after 1.14 seconds\"}",
  "lambdaLog": "{\"errorMessage\":\"2024-03-21T13:50:09.943Z 034e9ddb-cf54-4cbd-9e8e-6e1fafe42c0c Task timed out after 1.14 seconds\"}",
  "timestamp": 15300
}
{
  "sandboxLog": "{\"errorMessage\":\"2024-03-21T13:50:11.005Z 4e327e08-7572-48e9-a7ff-44a288ef0bca Task timed out after 1.04 seconds\"}",
  "lambdaLog": "{\"errorMessage\":\"2024-03-21T13:50:11.005Z 4e327e08-7572-48e9-a7ff-44a288ef0bca Task timed out after 1.04 seconds\"}",
  "timestamp": 15400
}
{
  "sandboxLog": "{\"errorMessage\":\"2024-03-21T13:50:12.052Z 02c22ee7-93ea-4814-9ca0-5d7883acc20f Task timed out after 1.03 seconds\"}",
  "lambdaLog": "{\"errorMessage\":\"2024-03-21T13:50:12.052Z 02c22ee7-93ea-4814-9ca0-5d7883acc20f Task timed out after 1.03 seconds\"}",
  "timestamp": 15500
}
{
  "sandboxLog": "Lambda errors have reached maximum value for submission 81a12991-9b95-4193-8d65-d8d9d6f6b391",
  "lambdaLog": null,
  "timestamp": 15514
}
{
  "sandboxLog": "{\"errorMessage\":\"2024-03-21T13:50:13.124Z 7d2fc2ac-30c5-4e56-8c62-52b561a598e0 Task timed out after 1.06 seconds\"}",
  "lambdaLog": "{\"errorMessage\":\"2024-03-21T13:50:13.124Z 7d2fc2ac-30c5-4e56-8c62-52b561a598e0 Task timed out after 1.06 seconds\"}",
  "timestamp": 15600
}
{
  "sandboxLog": "{\"errorMessage\":\"2024-03-21T13:50:14.233Z 90becc26-e48f-4e0d-8351-30f3b889bbd0 Task timed out after 1.09 seconds\"}",
  "lambdaLog": "{\"errorMessage\":\"2024-03-21T13:50:14.233Z 90becc26-e48f-4e0d-8351-30f3b889bbd0 Task timed out after 1.09 seconds\"}",
  "timestamp": 15700
}
{
  "sandboxLog": "{\"errorMessage\":\"2024-03-21T13:50:15.303Z ba721229-2575-4611-88b6-375065d994cc Task timed out after 1.06 seconds\"}",
  "lambdaLog": "{\"errorMessage\":\"2024-03-21T13:50:15.303Z ba721229-2575-4611-88b6-375065d994cc Task timed out after 1.06 seconds\"}",
  "timestamp": 15800
}
{
  "sandboxLog": "{\"errorMessage\":\"2024-03-21T13:50:16.392Z 5900fae5-ac9b-439d-8835-85eb3b7f1a89 Task timed out after 1.07 seconds\"}",
  "lambdaLog": "{\"errorMessage\":\"2024-03-21T13:50:16.392Z 5900fae5-ac9b-439d-8835-85eb3b7f1a89 Task timed out after 1.07 seconds\"}",
  "timestamp": 15900
}
{
  "sandboxLog": "{\"errorMessage\":\"2024-03-21T13:50:17.583Z 319da261-a785-45e9-86f0-d1fed42dff3e Task timed out after 1.18 seconds\"}",
  "lambdaLog": "{\"errorMessage\":\"2024-03-21T13:50:17.583Z 319da261-a785-45e9-86f0-d1fed42dff3e Task timed out after 1.18 seconds\"}",
  "timestamp": 16000
}
{
  "sandboxLog": "{\"errorMessage\":\"2024-03-21T13:50:18.672Z 1446755d-f63d-49f0-b3ce-083e952362a1 Task timed out after 1.07 seconds\"}",
  "lambdaLog": "{\"errorMessage\":\"2024-03-21T13:50:18.672Z 1446755d-f63d-49f0-b3ce-083e952362a1 Task timed out after 1.07 seconds\"}",
  "timestamp": 16100
}
{
  "sandboxLog": "{\"errorMessage\":\"2024-03-21T13:50:19.744Z 1e2c248f-a69a-4990-8a89-afa7b7ea4dc7 Task timed out after 1.06 seconds\"}",
  "lambdaLog": "{\"errorMessage\":\"2024-03-21T13:50:19.744Z 1e2c248f-a69a-4990-8a89-afa7b7ea4dc7 Task timed out after 1.06 seconds\"}",
  "timestamp": 16200
}
{
  "sandboxLog": "{\"errorMessage\":\"2024-03-21T13:50:20.832Z 6ca9c292-8def-4ca4-ad9f-867a578bf9b9 Task timed out after 1.08 seconds\"}",
  "lambdaLog": "{\"errorMessage\":\"2024-03-21T13:50:20.832Z 6ca9c292-8def-4ca4-ad9f-867a578bf9b9 Task timed out after 1.08 seconds\"}",
  "timestamp": 16300
}
{
  "sandboxLog": "{\"errorMessage\":\"2024-03-21T13:50:21.864Z 75b96392-37fe-4652-812b-1d5407355af4 Task timed out after 1.02 seconds\"}",
  "lambdaLog": "{\"errorMessage\":\"2024-03-21T13:50:21.864Z 75b96392-37fe-4652-812b-1d5407355af4 Task timed out after 1.02 seconds\"}",
  "timestamp": 16400
}
{
  "sandboxLog": "{\"errorMessage\":\"2024-03-21T13:50:23.013Z b0324b3d-e145-4197-82cd-7a1aedd24d11 Task timed out after 1.14 seconds\"}",
  "lambdaLog": "{\"errorMessage\":\"2024-03-21T13:50:23.013Z b0324b3d-e145-4197-82cd-7a1aedd24d11 Task timed out after 1.14 seconds\"}",
  "timestamp": 16500
}
{
  "sandboxLog": "{\"errorMessage\":\"2024-03-21T13:50:24.104Z c600b3a7-d9b4-4764-b0f0-7d8118cb6517 Task timed out after 1.08 seconds\"}",
  "lambdaLog": "{\"errorMessage\":\"2024-03-21T13:50:24.104Z c600b3a7-d9b4-4764-b0f0-7d8118cb6517 Task timed out after 1.08 seconds\"}",
  "timestamp": 16600
}
{
  "sandboxLog": "{\"errorMessage\":\"2024-03-21T13:50:25.165Z 50505993-7f4e-46bc-8ad7-f7c93441feb8 Task timed out after 1.03 seconds\"}",
  "lambdaLog": "{\"errorMessage\":\"2024-03-21T13:50:25.165Z 50505993-7f4e-46bc-8ad7-f7c93441feb8 Task timed out after 1.03 seconds\"}",
  "timestamp": 16700
}
{
  "sandboxLog": "{\"errorMessage\":\"2024-03-21T13:50:26.252Z a6d45311-3951-400c-b6ae-37b86c077c73 Task timed out after 1.07 seconds\"}",
  "lambdaLog": "{\"errorMessage\":\"2024-03-21T13:50:26.252Z a6d45311-3951-400c-b6ae-37b86c077c73 Task timed out after 1.07 seconds\"}",
  "timestamp": 16800
}
{
  "sandboxLog": "{\"errorMessage\":\"2024-03-21T13:50:27.304Z 10d93cb5-33dd-4c11-9087-056563d69242 Task timed out after 1.04 seconds\"}",
  "lambdaLog": "{\"errorMessage\":\"2024-03-21T13:50:27.304Z 10d93cb5-33dd-4c11-9087-056563d69242 Task timed out after 1.04 seconds\"}",
  "timestamp": 16900
}
{
  "sandboxLog": "{\"errorMessage\":\"2024-03-21T13:50:28.373Z bb0cbf44-90de-4a85-bed7-54253c24c42d Task timed out after 1.05 seconds\"}",
  "lambdaLog": "{\"errorMessage\":\"2024-03-21T13:50:28.373Z bb0cbf44-90de-4a85-bed7-54253c24c42d Task timed out after 1.05 seconds\"}",
  "timestamp": 17000
}
{
  "sandboxLog": "{\"errorMessage\":\"2024-03-21T13:50:29.444Z 8429b418-3f1e-4bc1-9310-9fd5991ed79d Task timed out after 1.06 seconds\"}",
  "lambdaLog": "{\"errorMessage\":\"2024-03-21T13:50:29.444Z 8429b418-3f1e-4bc1-9310-9fd5991ed79d Task timed out after 1.06 seconds\"}",
  "timestamp": 17100
}
{
  "sandboxLog": "{\"errorMessage\":\"2024-03-21T13:50:30.513Z 00ba4180-8c06-4975-aba5-cd4dbff669a2 Task timed out after 1.06 seconds\"}",
  "lambdaLog": "{\"errorMessage\":\"2024-03-21T13:50:30.513Z 00ba4180-8c06-4975-aba5-cd4dbff669a2 Task timed out after 1.06 seconds\"}",
  "timestamp": 17200
}
{
  "sandboxLog": "{\"errorMessage\":\"2024-03-21T13:50:31.604Z 8689fe6f-e001-4ea0-a7b3-0de216201cc7 Task timed out after 1.08 seconds\"}",
  "lambdaLog": "{\"errorMessage\":\"2024-03-21T13:50:31.604Z 8689fe6f-e001-4ea0-a7b3-0de216201cc7 Task timed out after 1.08 seconds\"}",
  "timestamp": 17300
}
{
  "sandboxLog": "{\"errorMessage\":\"2024-03-21T13:50:32.692Z 33d24f9a-7fc1-46d8-b4cb-fda1ae35856f Task timed out after 1.07 seconds\"}",
  "lambdaLog": "{\"errorMessage\":\"2024-03-21T13:50:32.692Z 33d24f9a-7fc1-46d8-b4cb-fda1ae35856f Task timed out after 1.07 seconds\"}",
  "timestamp": 17400
}
{
  "sandboxLog": "{\"errorMessage\":\"2024-03-21T13:50:33.805Z 3bfe7dd8-dbec-45e3-b84a-f66eb41a5e9c Task timed out after 1.10 seconds\"}",
  "lambdaLog": "{\"errorMessage\":\"2024-03-21T13:50:33.805Z 3bfe7dd8-dbec-45e3-b84a-f66eb41a5e9c Task timed out after 1.10 seconds\"}",
  "timestamp": 17500
}
{
  "sandboxLog": "{\"errorMessage\":\"2024-03-21T13:50:34.894Z e14a4d0f-35ad-4cbf-aaf5-a95dffb3b1f5 Task timed out after 1.08 seconds\"}",
  "lambdaLog": "{\"errorMessage\":\"2024-03-21T13:50:34.894Z e14a4d0f-35ad-4cbf-aaf5-a95dffb3b1f5 Task timed out after 1.08 seconds\"}",
  "timestamp": 17600
}
{
  "sandboxLog": "{\"errorMessage\":\"2024-03-21T13:50:36.005Z 4b685447-0051-49ef-abe7-9c4b737a4d77 Task timed out after 1.10 seconds\"}",
  "lambdaLog": "{\"errorMessage\":\"2024-03-21T13:50:36.005Z 4b685447-0051-49ef-abe7-9c4b737a4d77 Task timed out after 1.10 seconds\"}",
  "timestamp": 17700
}
{
  "sandboxLog": "{\"errorMessage\":\"2024-03-21T13:50:37.112Z 8a9d9250-df36-46ae-9dec-6092b96ad27b Task timed out after 1.09 seconds\"}",
  "lambdaLog": "{\"errorMessage\":\"2024-03-21T13:50:37.112Z 8a9d9250-df36-46ae-9dec-6092b96ad27b Task timed out after 1.09 seconds\"}",
  "timestamp": 17800
}
{
  "sandboxLog": "{\"errorMessage\":\"2024-03-21T13:50:38.185Z 36fc797d-75e0-43f5-b713-a19ac15994bf Task timed out after 1.06 seconds\"}",
  "lambdaLog": "{\"errorMessage\":\"2024-03-21T13:50:38.185Z 36fc797d-75e0-43f5-b713-a19ac15994bf Task timed out after 1.06 seconds\"}",
  "timestamp": 17900
}
{
  "sandboxLog": "{\"errorMessage\":\"2024-03-21T13:50:39.272Z 7070b43c-7103-4866-929c-8bef1a873f39 Task timed out after 1.07 seconds\"}",
  "lambdaLog": "{\"errorMessage\":\"2024-03-21T13:50:39.272Z 7070b43c-7103-4866-929c-8bef1a873f39 Task timed out after 1.07 seconds\"}",
  "timestamp": 18000
}
{
  "sandboxLog": "{\"errorMessage\":\"2024-03-21T13:50:40.344Z c6674603-9d6a-49bc-95c8-7fd5c55a3925 Task timed out after 1.06 seconds\"}",
  "lambdaLog": "{\"errorMessage\":\"2024-03-21T13:50:40.344Z c6674603-9d6a-49bc-95c8-7fd5c55a3925 Task timed out after 1.06 seconds\"}",
  "timestamp": 18100
}
{
  "sandboxLog": "{\"errorMessage\":\"2024-03-21T13:50:41.493Z a3d32a1e-65b4-4a12-b9c3-191e59671dc3 Task timed out after 1.13 seconds\"}",
  "lambdaLog": "{\"errorMessage\":\"2024-03-21T13:50:41.493Z a3d32a1e-65b4-4a12-b9c3-191e59671dc3 Task timed out after 1.13 seconds\"}",
  "timestamp": 18200
}
{
  "sandboxLog": "{\"errorMessage\":\"2024-03-21T13:50:42.624Z a2142b54-ec2c-488e-9c2d-f77bbb3e00b0 Task timed out after 1.12 seconds\"}",
  "lambdaLog": "{\"errorMessage\":\"2024-03-21T13:50:42.624Z a2142b54-ec2c-488e-9c2d-f77bbb3e00b0 Task timed out after 1.12 seconds\"}",
  "timestamp": 18300
}
{
  "sandboxLog": "{\"errorMessage\":\"2024-03-21T13:50:43.712Z 6a89db20-08bf-491b-97c6-0f5d3be5e9ac Task timed out after 1.08 seconds\"}",
  "lambdaLog": "{\"errorMessage\":\"2024-03-21T13:50:43.712Z 6a89db20-08bf-491b-97c6-0f5d3be5e9ac Task timed out after 1.08 seconds\"}",
  "timestamp": 18400
}
{
  "sandboxLog": "{\"errorMessage\":\"2024-03-21T13:50:44.825Z 57164ec7-62a6-479f-9483-57a89746919d Task timed out after 1.10 seconds\"}",
  "lambdaLog": "{\"errorMessage\":\"2024-03-21T13:50:44.825Z 57164ec7-62a6-479f-9483-57a89746919d Task timed out after 1.10 seconds\"}",
  "timestamp": 18500
}
{
  "sandboxLog": "{\"errorMessage\":\"2024-03-21T13:50:45.913Z 8156d2ba-63bc-41f1-9252-cb7199a10450 Task timed out after 1.08 seconds\"}",
  "lambdaLog": "{\"errorMessage\":\"2024-03-21T13:50:45.913Z 8156d2ba-63bc-41f1-9252-cb7199a10450 Task timed out after 1.08 seconds\"}",
  "timestamp": 18600
}
{
  "sandboxLog": "{\"errorMessage\":\"2024-03-21T13:50:46.985Z 0273e45b-f32f-4a05-8522-3ecd94e188de Task timed out after 1.06 seconds\"}",
  "lambdaLog": "{\"errorMessage\":\"2024-03-21T13:50:46.985Z 0273e45b-f32f-4a05-8522-3ecd94e188de Task timed out after 1.06 seconds\"}",
  "timestamp": 18700
}
{
  "sandboxLog": "{\"errorMessage\":\"2024-03-21T13:50:48.132Z e0ea69fc-eeb6-43f9-bef9-0d6cd2c4f882 Task timed out after 1.13 seconds\"}",
  "lambdaLog": "{\"errorMessage\":\"2024-03-21T13:50:48.132Z e0ea69fc-eeb6-43f9-bef9-0d6cd2c4f882 Task timed out after 1.13 seconds\"}",
  "timestamp": 18800
}
{
  "sandboxLog": "{\"errorMessage\":\"2024-03-21T13:50:49.205Z 2bfffed9-7860-495f-9e3e-4763770b479e Task timed out after 1.06 seconds\"}",
  "lambdaLog": "{\"errorMessage\":\"2024-03-21T13:50:49.205Z 2bfffed9-7860-495f-9e3e-4763770b479e Task timed out after 1.06 seconds\"}",
  "timestamp": 18900
}
{
  "sandboxLog": "{\"errorMessage\":\"2024-03-21T13:50:50.292Z 71466142-ab1f-4285-a74e-90382248da36 Task timed out after 1.08 seconds\"}",
  "lambdaLog": "{\"errorMessage\":\"2024-03-21T13:50:50.292Z 71466142-ab1f-4285-a74e-90382248da36 Task timed out after 1.08 seconds\"}",
  "timestamp": 19000
}
{
  "sandboxLog": "{\"errorMessage\":\"2024-03-21T13:50:51.404Z a2a276f7-b3e4-4d2b-a4a2-9d8e452192d3 Task timed out after 1.10 seconds\"}",
  "lambdaLog": "{\"errorMessage\":\"2024-03-21T13:50:51.404Z a2a276f7-b3e4-4d2b-a4a2-9d8e452192d3 Task timed out after 1.10 seconds\"}",
  "timestamp": 19100
}
{
  "sandboxLog": "{\"errorMessage\":\"2024-03-21T13:50:52.466Z 158892b1-555c-4d31-a540-849e68a49f15 Task timed out after 1.03 seconds\"}",
  "lambdaLog": "{\"errorMessage\":\"2024-03-21T13:50:52.466Z 158892b1-555c-4d31-a540-849e68a49f15 Task timed out after 1.03 seconds\"}",
  "timestamp": 19200
}
{
  "sandboxLog": "{\"errorMessage\":\"2024-03-21T13:50:53.613Z 0445846f-ef02-4e88-b965-c7528c28c6e6 Task timed out after 1.14 seconds\"}",
  "lambdaLog": "{\"errorMessage\":\"2024-03-21T13:50:53.613Z 0445846f-ef02-4e88-b965-c7528c28c6e6 Task timed out after 1.14 seconds\"}",
  "timestamp": 19300
}
{
  "sandboxLog": "{\"errorMessage\":\"2024-03-21T13:50:54.725Z f163022b-1aad-4820-bf9b-7fdfe1c382c0 Task timed out after 1.10 seconds\"}",
  "lambdaLog": "{\"errorMessage\":\"2024-03-21T13:50:54.725Z f163022b-1aad-4820-bf9b-7fdfe1c382c0 Task timed out after 1.10 seconds\"}",
  "timestamp": 19400
}
{
  "sandboxLog": "{\"errorMessage\":\"2024-03-21T13:50:55.793Z 64a46a24-0849-4c7f-9894-65860cce5800 Task timed out after 1.06 seconds\"}",
  "lambdaLog": "{\"errorMessage\":\"2024-03-21T13:50:55.793Z 64a46a24-0849-4c7f-9894-65860cce5800 Task timed out after 1.06 seconds\"}",
  "timestamp": 19500
}
{
  "sandboxLog": "{\"errorMessage\":\"2024-03-21T13:50:56.864Z 5723303b-3250-4489-a971-7b6d87bee261 Task timed out after 1.06 seconds\"}",
  "lambdaLog": "{\"errorMessage\":\"2024-03-21T13:50:56.864Z 5723303b-3250-4489-a971-7b6d87bee261 Task timed out after 1.06 seconds\"}",
  "timestamp": 19600
}
{
  "sandboxLog": "{\"errorMessage\":\"2024-03-21T13:50:57.924Z 0f0ec1b5-189b-4e34-bf56-cd450fe5604c Task timed out after 1.04 seconds\"}",
  "lambdaLog": "{\"errorMessage\":\"2024-03-21T13:50:57.924Z 0f0ec1b5-189b-4e34-bf56-cd450fe5604c Task timed out after 1.04 seconds\"}",
  "timestamp": 19700
}
{
  "sandboxLog": "{\"errorMessage\":\"2024-03-21T13:50:58.953Z b0608d2e-8fc4-4880-afd7-0981b5343028 Task timed out after 1.01 seconds\"}",
  "lambdaLog": "{\"errorMessage\":\"2024-03-21T13:50:58.953Z b0608d2e-8fc4-4880-afd7-0981b5343028 Task timed out after 1.01 seconds\"}",
  "timestamp": 19800
}
{
  "sandboxLog": "{\"errorMessage\":\"2024-03-21T13:51:00.005Z a05b96c4-1b9e-4d49-a9d0-a96007b93497 Task timed out after 1.04 seconds\"}",
  "lambdaLog": "{\"errorMessage\":\"2024-03-21T13:51:00.005Z a05b96c4-1b9e-4d49-a9d0-a96007b93497 Task timed out after 1.04 seconds\"}",
  "timestamp": 19900
}
{
  "sandboxLog": "{\"errorMessage\":\"2024-03-21T13:51:01.093Z 78d7d75b-c93f-4ccd-bb23-394fb01e2894 Task timed out after 1.07 seconds\"}",
  "lambdaLog": "{\"errorMessage\":\"2024-03-21T13:51:01.093Z 78d7d75b-c93f-4ccd-bb23-394fb01e2894 Task timed out after 1.07 seconds\"}",
  "timestamp": 20000
}



Activities log:
day;timestamp;product;bid_price_1;bid_volume_1;bid_price_2;bid_volume_2;bid_price_3;bid_volume_3;ask_price_1;ask_volume_1;ask_price_2;ask_volume_2;ask_price_3;ask_volume_3;mid_price;profit_and_loss




Trade History:
null