Sandbox logs:
{
  "sandboxLog": "{\"errorMessage\":\"2024-03-21T13:55:55.612Z 4f2344c3-83c3-47f0-ab52-d47644404344 Task timed out after 1.05 seconds\"}",
  "lambdaLog": "{\"errorMessage\":\"2024-03-21T13:55:55.612Z 4f2344c3-83c3-47f0-ab52-d47644404344 Task timed out after 1.05 seconds\"}",
  "timestamp": 0
}
{
  "sandboxLog": "{\"errorMessage\":\"2024-03-21T13:55:56.872Z 7d34c0f8-f007-44a8-8b6f-046c18b76106 Task timed out after 1.04 seconds\"}",
  "lambdaLog": "{\"errorMessage\":\"2024-03-21T13:55:56.872Z 7d34c0f8-f007-44a8-8b6f-046c18b76106 Task timed out after 1.04 seconds\"}",
  "timestamp": 100
}
{
  "sandboxLog": "{\"errorMessage\":\"2024-03-21T13:55:57.913Z 3fc135e5-6d3b-42ff-8c9a-ffc9fc726b3f Task timed out after 1.01 seconds\"}",
  "lambdaLog": "{\"errorMessage\":\"2024-03-21T13:55:57.913Z 3fc135e5-6d3b-42ff-8c9a-ffc9fc726b3f Task timed out after 1.01 seconds\"}",
  "timestamp": 200
}
{
  "sandboxLog": "{\"errorMessage\":\"2024-03-21T13:55:58.959Z 17493dcf-2093-434d-9342-60ed01d91987 Task timed out after 1.03 seconds\"}",
  "lambdaLog": "{\"errorMessage\":\"2024-03-21T13:55:58.959Z 17493dcf-2093-434d-9342-60ed01d91987 Task timed out after 1.03 seconds\"}",
  "timestamp": 300
}
{
  "sandboxLog": "{\"errorMessage\":\"2024-03-21T13:56:00.032Z 410979a2-9e23-4b70-9c7d-d83e256448af Task timed out after 1.06 seconds\"}",
  "lambdaLog": "{\"errorMessage\":\"2024-03-21T13:56:00.032Z 410979a2-9e23-4b70-9c7d-d83e256448af Task timed out after 1.06 seconds\"}",
  "timestamp": 400
}
{
  "sandboxLog": "{\"errorMessage\":\"2024-03-21T13:56:01.080Z 6d86c193-39fe-4035-8bc6-a2dfc0a23c6e Task timed out after 1.03 seconds\"}",
  "lambdaLog": "{\"errorMessage\":\"2024-03-21T13:56:01.080Z 6d86c193-39fe-4035-8bc6-a2dfc0a23c6e Task timed out after 1.03 seconds\"}",
  "timestamp": 500
}
{
  "sandboxLog": "{\"errorMessage\":\"2024-03-21T13:56:02.154Z 863fbd99-2a4a-48e8-8718-28c13c28401b Task timed out after 1.06 seconds\"}",
  "lambdaLog": "{\"errorMessage\":\"2024-03-21T13:56:02.154Z 863fbd99-2a4a-48e8-8718-28c13c28401b Task timed out after 1.06 seconds\"}",
  "timestamp": 600
}
{
  "sandboxLog": "{\"errorMessage\":\"2024-03-21T13:56:03.200Z b12475cf-532f-406f-bdba-20a93eac9f43 Task timed out after 1.03 seconds\"}",
  "lambdaLog": "{\"errorMessage\":\"2024-03-21T13:56:03.200Z b12475cf-532f-406f-bdba-20a93eac9f43 Task timed out after 1.03 seconds\"}",
  "timestamp": 700
}
{
  "sandboxLog": "{\"errorMessage\":\"2024-03-21T13:56:04.313Z 81761644-b570-47a0-9acf-cbf76cea6de4 Task timed out after 1.10 seconds\"}",
  "lambdaLog": "{\"errorMessage\":\"2024-03-21T13:56:04.313Z 81761644-b570-47a0-9acf-cbf76cea6de4 Task timed out after 1.10 seconds\"}",
  "timestamp": 800
}
{
  "sandboxLog": "{\"errorMessage\":\"2024-03-21T13:56:05.379Z 26ef770c-4e1f-44b7-9997-5767842642c4 Task timed out after 1.05 seconds\"}",
  "lambdaLog": "{\"errorMessage\":\"2024-03-21T13:56:05.379Z 26ef770c-4e1f-44b7-9997-5767842642c4 Task timed out after 1.05 seconds\"}",
  "timestamp": 900
}
{
  "sandboxLog": "{\"errorMessage\":\"2024-03-21T13:56:06.453Z 817e826e-13f0-49f8-80b1-afab2ece0c54 Task timed out after 1.06 seconds\"}",
  "lambdaLog": "{\"errorMessage\":\"2024-03-21T13:56:06.453Z 817e826e-13f0-49f8-80b1-afab2ece0c54 Task timed out after 1.06 seconds\"}",
  "timestamp": 1000
}
{
  "sandboxLog": "{\"errorMessage\":\"2024-03-21T13:56:07.560Z d76ef30d-212e-4d57-b299-e686644be3b3 Task timed out after 1.09 seconds\"}",
  "lambdaLog": "{\"errorMessage\":\"2024-03-21T13:56:07.560Z d76ef30d-212e-4d57-b299-e686644be3b3 Task timed out after 1.09 seconds\"}",
  "timestamp": 1100
}
{
  "sandboxLog": "{\"errorMessage\":\"2024-03-21T13:56:08.713Z 58c07a25-19b0-435e-bfb2-37865fc8a03c Task timed out after 1.14 seconds\"}",
  "lambdaLog": "{\"errorMessage\":\"2024-03-21T13:56:08.713Z 58c07a25-19b0-435e-bfb2-37865fc8a03c Task timed out after 1.14 seconds\"}",
  "timestamp": 1200
}
{
  "sandboxLog": "{\"errorMessage\":\"2024-03-21T13:56:09.820Z 0069a638-39c4-48f5-8f1e-866670584a62 Task timed out after 1.09 seconds\"}",
  "lambdaLog": "{\"errorMessage\":\"2024-03-21T13:56:09.820Z 0069a638-39c4-48f5-8f1e-866670584a62 Task timed out after 1.09 seconds\"}",
  "timestamp": 1300
}
{
  "sandboxLog": "{\"errorMessage\":\"2024-03-21T13:56:10.892Z 14299479-5fa8-4eb1-aee5-bbc1baf4551e Task timed out after 1.06 seconds\"}",
  "lambdaLog": "{\"errorMessage\":\"2024-03-21T13:56:10.892Z 14299479-5fa8-4eb1-aee5-bbc1baf4551e Task timed out after 1.06 seconds\"}",
  "timestamp": 1400
}
{
  "sandboxLog": "{\"errorMessage\":\"2024-03-21T13:56:12.000Z c49d345a-700c-4a6d-b22b-da586edfc4ec Task timed out after 1.09 seconds\"}",
  "lambdaLog": "{\"errorMessage\":\"2024-03-21T13:56:12.000Z c49d345a-700c-4a6d-b22b-da586edfc4ec Task timed out after 1.09 seconds\"}",
  "timestamp": 1500
}
{
  "sandboxLog": "{\"errorMessage\":\"2024-03-21T13:56:13.073Z 5e6fc9d9-ec53-4060-b1f9-27e9edf4f833 Task timed out after 1.06 seconds\"}",
  "lambdaLog": "{\"errorMessage\":\"2024-03-21T13:56:13.073Z 5e6fc9d9-ec53-4060-b1f9-27e9edf4f833 Task timed out after 1.06 seconds\"}",
  "timestamp": 1600
}
{
  "sandboxLog": "{\"errorMessage\":\"2024-03-21T13:56:14.273Z 479bc1f0-62d2-47f6-a4b3-51f3a27c71a7 Task timed out after 1.18 seconds\"}",
  "lambdaLog": "{\"errorMessage\":\"2024-03-21T13:56:14.273Z 479bc1f0-62d2-47f6-a4b3-51f3a27c71a7 Task timed out after 1.18 seconds\"}",
  "timestamp": 1700
}
{
  "sandboxLog": "{\"errorMessage\":\"2024-03-21T13:56:15.319Z 10248b18-7a00-4d54-8d1c-e301990025c6 Task timed out after 1.03 seconds\"}",
  "lambdaLog": "{\"errorMessage\":\"2024-03-21T13:56:15.319Z 10248b18-7a00-4d54-8d1c-e301990025c6 Task timed out after 1.03 seconds\"}",
  "timestamp": 1800
}
{
  "sandboxLog": "{\"errorMessage\":\"2024-03-21T13:56:16.433Z 3b2c1566-e0fe-4894-8d1a-2f41fc20a929 Task timed out after 1.10 seconds\"}",
  "lambdaLog": "{\"errorMessage\":\"2024-03-21T13:56:16.433Z 3b2c1566-e0fe-4894-8d1a-2f41fc20a929 Task timed out after 1.10 seconds\"}",
  "timestamp": 1900
}
{
  "sandboxLog": "{\"errorMessage\":\"2024-03-21T13:56:17.579Z eaf328b5-4032-4992-97c2-9079bbf20e74 Task timed out after 1.13 seconds\"}",
  "lambdaLog": "{\"errorMessage\":\"2024-03-21T13:56:17.579Z eaf328b5-4032-4992-97c2-9079bbf20e74 Task timed out after 1.13 seconds\"}",
  "timestamp": 2000
}
{
  "sandboxLog": "{\"errorMessage\":\"2024-03-21T13:56:18.653Z 3354c2e0-2c6f-47b0-bac5-607a0c842351 Task timed out after 1.06 seconds\"}",
  "lambdaLog": "{\"errorMessage\":\"2024-03-21T13:56:18.653Z 3354c2e0-2c6f-47b0-bac5-607a0c842351 Task timed out after 1.06 seconds\"}",
  "timestamp": 2100
}
{
  "sandboxLog": "{\"errorMessage\":\"2024-03-21T13:56:19.700Z 5824b915-7d2f-4695-ba9e-a9a824edbbc5 Task timed out after 1.03 seconds\"}",
  "lambdaLog": "{\"errorMessage\":\"2024-03-21T13:56:19.700Z 5824b915-7d2f-4695-ba9e-a9a824edbbc5 Task timed out after 1.03 seconds\"}",
  "timestamp": 2200
}
{
  "sandboxLog": "{\"errorMessage\":\"2024-03-21T13:56:20.752Z a479cf7e-d210-4692-b300-676c546286dd Task timed out after 1.04 seconds\"}",
  "lambdaLog": "{\"errorMessage\":\"2024-03-21T13:56:20.752Z a479cf7e-d210-4692-b300-676c546286dd Task timed out after 1.04 seconds\"}",
  "timestamp": 2300
}
{
  "sandboxLog": "{\"errorMessage\":\"2024-03-21T13:56:21.799Z af1e0c6b-6e59-4265-8ac8-1c08e6499c7e Task timed out after 1.03 seconds\"}",
  "lambdaLog": "{\"errorMessage\":\"2024-03-21T13:56:21.799Z af1e0c6b-6e59-4265-8ac8-1c08e6499c7e Task timed out after 1.03 seconds\"}",
  "timestamp": 2400
}
{
  "sandboxLog": "{\"errorMessage\":\"2024-03-21T13:56:22.872Z 6cd54cbe-eb25-4408-9090-7726062bee17 Task timed out after 1.06 seconds\"}",
  "lambdaLog": "{\"errorMessage\":\"2024-03-21T13:56:22.872Z 6cd54cbe-eb25-4408-9090-7726062bee17 Task timed out after 1.06 seconds\"}",
  "timestamp": 2500
}
{
  "sandboxLog": "{\"errorMessage\":\"2024-03-21T13:56:23.912Z 7cfb8138-296d-40c0-b551-a9bfa3b0eef0 Task timed out after 1.02 seconds\"}",
  "lambdaLog": "{\"errorMessage\":\"2024-03-21T13:56:23.912Z 7cfb8138-296d-40c0-b551-a9bfa3b0eef0 Task timed out after 1.02 seconds\"}",
  "timestamp": 2600
}
{
  "sandboxLog": "{\"errorMessage\":\"2024-03-21T13:56:24.960Z 84b0a07c-b6e4-4249-9882-b0352051a346 Task timed out after 1.03 seconds\"}",
  "lambdaLog": "{\"errorMessage\":\"2024-03-21T13:56:24.960Z 84b0a07c-b6e4-4249-9882-b0352051a346 Task timed out after 1.03 seconds\"}",
  "timestamp": 2700
}
{
  "sandboxLog": "{\"errorMessage\":\"2024-03-21T13:56:26.034Z cb55d56a-d7b9-4056-8d49-0582a24c0b34 Task timed out after 1.05 seconds\"}",
  "lambdaLog": "{\"errorMessage\":\"2024-03-21T13:56:26.034Z cb55d56a-d7b9-4056-8d49-0582a24c0b34 Task timed out after 1.05 seconds\"}",
  "timestamp": 2800
}
{
  "sandboxLog": "{\"errorMessage\":\"2024-03-21T13:56:27.079Z 61885a06-739b-4825-a143-2e8bb2acc774 Task timed out after 1.03 seconds\"}",
  "lambdaLog": "{\"errorMessage\":\"2024-03-21T13:56:27.079Z 61885a06-739b-4825-a143-2e8bb2acc774 Task timed out after 1.03 seconds\"}",
  "timestamp": 2900
}
{
  "sandboxLog": "{\"errorMessage\":\"2024-03-21T13:56:28.114Z 487b1b18-c4ba-401f-89be-b2b2e8e243d6 Task timed out after 1.02 seconds\"}",
  "lambdaLog": "{\"errorMessage\":\"2024-03-21T13:56:28.114Z 487b1b18-c4ba-401f-89be-b2b2e8e243d6 Task timed out after 1.02 seconds\"}",
  "timestamp": 3000
}
{
  "sandboxLog": "{\"errorMessage\":\"2024-03-21T13:56:29.180Z 7a294306-4388-4a70-bc8c-52c0df4bc8a3 Task timed out after 1.05 seconds\"}",
  "lambdaLog": "{\"errorMessage\":\"2024-03-21T13:56:29.180Z 7a294306-4388-4a70-bc8c-52c0df4bc8a3 Task timed out after 1.05 seconds\"}",
  "timestamp": 3100
}
{
  "sandboxLog": "{\"errorMessage\":\"2024-03-21T13:56:30.252Z d98593e3-b2d0-46ed-84c5-54857bf8c562 Task timed out after 1.06 seconds\"}",
  "lambdaLog": "{\"errorMessage\":\"2024-03-21T13:56:30.252Z d98593e3-b2d0-46ed-84c5-54857bf8c562 Task timed out after 1.06 seconds\"}",
  "timestamp": 3200
}
{
  "sandboxLog": "{\"errorMessage\":\"2024-03-21T13:56:31.300Z c7df8335-6bfb-4153-8a9d-a02f2c03eb4e Task timed out after 1.04 seconds\"}",
  "lambdaLog": "{\"errorMessage\":\"2024-03-21T13:56:31.300Z c7df8335-6bfb-4153-8a9d-a02f2c03eb4e Task timed out after 1.04 seconds\"}",
  "timestamp": 3300
}
{
  "sandboxLog": "{\"errorMessage\":\"2024-03-21T13:56:32.372Z 1413b29d-35f5-4da1-849a-1c90171407ac Task timed out after 1.06 seconds\"}",
  "lambdaLog": "{\"errorMessage\":\"2024-03-21T13:56:32.372Z 1413b29d-35f5-4da1-849a-1c90171407ac Task timed out after 1.06 seconds\"}",
  "timestamp": 3400
}
{
  "sandboxLog": "{\"errorMessage\":\"2024-03-21T13:56:33.499Z bdbca60f-5860-4ab0-80b6-d3fdd7a5bf29 Task timed out after 1.12 seconds\"}",
  "lambdaLog": "{\"errorMessage\":\"2024-03-21T13:56:33.499Z bdbca60f-5860-4ab0-80b6-d3fdd7a5bf29 Task timed out after 1.12 seconds\"}",
  "timestamp": 3500
}
{
  "sandboxLog": "{\"errorMessage\":\"2024-03-21T13:56:34.553Z 61d20670-1834-45b4-9fc4-dea4d6c2c8f1 Task timed out after 1.04 seconds\"}",
  "lambdaLog": "{\"errorMessage\":\"2024-03-21T13:56:34.553Z 61d20670-1834-45b4-9fc4-dea4d6c2c8f1 Task timed out after 1.04 seconds\"}",
  "timestamp": 3600
}
{
  "sandboxLog": "{\"errorMessage\":\"2024-03-21T13:56:35.601Z 1665fd11-9fa4-499d-a281-993b71f30f7d Task timed out after 1.04 seconds\"}",
  "lambdaLog": "{\"errorMessage\":\"2024-03-21T13:56:35.601Z 1665fd11-9fa4-499d-a281-993b71f30f7d Task timed out after 1.04 seconds\"}",
  "timestamp": 3700
}
{
  "sandboxLog": "{\"errorMessage\":\"2024-03-21T13:56:36.653Z 85a6e5ee-ba68-456c-975c-f550beeec607 Task timed out after 1.04 seconds\"}",
  "lambdaLog": "{\"errorMessage\":\"2024-03-21T13:56:36.653Z 85a6e5ee-ba68-456c-975c-f550beeec607 Task timed out after 1.04 seconds\"}",
  "timestamp": 3800
}
{
  "sandboxLog": "{\"errorMessage\":\"2024-03-21T13:56:37.719Z 633b8335-c626-469a-a34e-1a00c39a7d96 Task timed out after 1.05 seconds\"}",
  "lambdaLog": "{\"errorMessage\":\"2024-03-21T13:56:37.719Z 633b8335-c626-469a-a34e-1a00c39a7d96 Task timed out after 1.05 seconds\"}",
  "timestamp": 3900
}
{
  "sandboxLog": "{\"errorMessage\":\"2024-03-21T13:56:38.773Z e0a3aa5d-d52a-43e3-ae9a-64d09656f5af Task timed out after 1.04 seconds\"}",
  "lambdaLog": "{\"errorMessage\":\"2024-03-21T13:56:38.773Z e0a3aa5d-d52a-43e3-ae9a-64d09656f5af Task timed out after 1.04 seconds\"}",
  "timestamp": 4000
}
{
  "sandboxLog": "{\"errorMessage\":\"2024-03-21T13:56:39.819Z c6d11ca0-735e-42ee-aa7e-e6f106591576 Task timed out after 1.03 seconds\"}",
  "lambdaLog": "{\"errorMessage\":\"2024-03-21T13:56:39.819Z c6d11ca0-735e-42ee-aa7e-e6f106591576 Task timed out after 1.03 seconds\"}",
  "timestamp": 4100
}
{
  "sandboxLog": "{\"errorMessage\":\"2024-03-21T13:56:40.893Z 288dfb7f-28ac-4527-a85a-3e245eab7f06 Task timed out after 1.06 seconds\"}",
  "lambdaLog": "{\"errorMessage\":\"2024-03-21T13:56:40.893Z 288dfb7f-28ac-4527-a85a-3e245eab7f06 Task timed out after 1.06 seconds\"}",
  "timestamp": 4200
}
{
  "sandboxLog": "{\"errorMessage\":\"2024-03-21T13:56:42.001Z c3f96275-c999-41cb-a47e-3a3f312526c8 Task timed out after 1.09 seconds\"}",
  "lambdaLog": "{\"errorMessage\":\"2024-03-21T13:56:42.001Z c3f96275-c999-41cb-a47e-3a3f312526c8 Task timed out after 1.09 seconds\"}",
  "timestamp": 4300
}
{
  "sandboxLog": "{\"errorMessage\":\"2024-03-21T13:56:43.093Z 0ab32531-411a-4de7-bb22-940fc82219ac Task timed out after 1.08 seconds\"}",
  "lambdaLog": "{\"errorMessage\":\"2024-03-21T13:56:43.093Z 0ab32531-411a-4de7-bb22-940fc82219ac Task timed out after 1.08 seconds\"}",
  "timestamp": 4400
}
{
  "sandboxLog": "{\"errorMessage\":\"2024-03-21T13:56:44.219Z 8e1ec54f-1f40-42ef-8252-088b628fa285 Task timed out after 1.12 seconds\"}",
  "lambdaLog": "{\"errorMessage\":\"2024-03-21T13:56:44.219Z 8e1ec54f-1f40-42ef-8252-088b628fa285 Task timed out after 1.12 seconds\"}",
  "timestamp": 4500
}
{
  "sandboxLog": "{\"errorMessage\":\"2024-03-21T13:56:45.300Z 3a6fa6d0-141a-4e7f-9c93-33c29704b48a Task timed out after 1.06 seconds\"}",
  "lambdaLog": "{\"errorMessage\":\"2024-03-21T13:56:45.300Z 3a6fa6d0-141a-4e7f-9c93-33c29704b48a Task timed out after 1.06 seconds\"}",
  "timestamp": 4600
}
{
  "sandboxLog": "{\"errorMessage\":\"2024-03-21T13:56:46.352Z da0cf925-5c88-4e2b-b368-99e0fa499370 Task timed out after 1.04 seconds\"}",
  "lambdaLog": "{\"errorMessage\":\"2024-03-21T13:56:46.352Z da0cf925-5c88-4e2b-b368-99e0fa499370 Task timed out after 1.04 seconds\"}",
  "timestamp": 4700
}
{
  "sandboxLog": "{\"errorMessage\":\"2024-03-21T13:56:47.400Z 79cf4e04-fd32-4383-8a57-d977140b735a Task timed out after 1.04 seconds\"}",
  "lambdaLog": "{\"errorMessage\":\"2024-03-21T13:56:47.400Z 79cf4e04-fd32-4383-8a57-d977140b735a Task timed out after 1.04 seconds\"}",
  "timestamp": 4800
}
{
  "sandboxLog": "{\"errorMessage\":\"2024-03-21T13:56:48.473Z b9316cc9-e0f7-4dde-8c89-b0362b570ab0 Task timed out after 1.06 seconds\"}",
  "lambdaLog": "{\"errorMessage\":\"2024-03-21T13:56:48.473Z b9316cc9-e0f7-4dde-8c89-b0362b570ab0 Task timed out after 1.06 seconds\"}",
  "timestamp": 4900
}
{
  "sandboxLog": "{\"errorMessage\":\"2024-03-21T13:56:49.539Z 225ec50a-1220-47cd-8e8b-e6619dafadef Task timed out after 1.06 seconds\"}",
  "lambdaLog": "{\"errorMessage\":\"2024-03-21T13:56:49.539Z 225ec50a-1220-47cd-8e8b-e6619dafadef Task timed out after 1.06 seconds\"}",
  "timestamp": 5000
}
{
  "sandboxLog": "{\"errorMessage\":\"2024-03-21T13:56:50.554Z 089d97ff-1e5e-424d-b6ad-d18bca49cc5f Task timed out after 1.00 seconds\"}",
  "lambdaLog": "{\"errorMessage\":\"2024-03-21T13:56:50.554Z 089d97ff-1e5e-424d-b6ad-d18bca49cc5f Task timed out after 1.00 seconds\"}",
  "timestamp": 5100
}
{
  "sandboxLog": "{\"errorMessage\":\"2024-03-21T13:56:51.599Z b554b365-6a77-47f0-b808-d46eda0bd771 Task timed out after 1.04 seconds\"}",
  "lambdaLog": "{\"errorMessage\":\"2024-03-21T13:56:51.599Z b554b365-6a77-47f0-b808-d46eda0bd771 Task timed out after 1.04 seconds\"}",
  "timestamp": 5200
}
{
  "sandboxLog": "{\"errorMessage\":\"2024-03-21T13:56:52.653Z 610ef7c9-cb34-4edd-b18b-db005671a994 Task timed out after 1.04 seconds\"}",
  "lambdaLog": "{\"errorMessage\":\"2024-03-21T13:56:52.653Z 610ef7c9-cb34-4edd-b18b-db005671a994 Task timed out after 1.04 seconds\"}",
  "timestamp": 5300
}
{
  "sandboxLog": "{\"errorMessage\":\"2024-03-21T13:56:53.719Z e6991969-b990-477e-91d2-a84badfb804a Task timed out after 1.05 seconds\"}",
  "lambdaLog": "{\"errorMessage\":\"2024-03-21T13:56:53.719Z e6991969-b990-477e-91d2-a84badfb804a Task timed out after 1.05 seconds\"}",
  "timestamp": 5400
}
{
  "sandboxLog": "{\"errorMessage\":\"2024-03-21T13:56:54.792Z baef236a-aa42-433c-94d2-4315d820ea5d Task timed out after 1.06 seconds\"}",
  "lambdaLog": "{\"errorMessage\":\"2024-03-21T13:56:54.792Z baef236a-aa42-433c-94d2-4315d820ea5d Task timed out after 1.06 seconds\"}",
  "timestamp": 5500
}
{
  "sandboxLog": "{\"errorMessage\":\"2024-03-21T13:56:55.840Z 8160880d-de86-4fd6-8097-9140bb7e28aa Task timed out after 1.04 seconds\"}",
  "lambdaLog": "{\"errorMessage\":\"2024-03-21T13:56:55.840Z 8160880d-de86-4fd6-8097-9140bb7e28aa Task timed out after 1.04 seconds\"}",
  "timestamp": 5600
}
{
  "sandboxLog": "{\"errorMessage\":\"2024-03-21T13:56:56.892Z 191fc22f-1925-4382-bbbc-32fd42a63a8a Task timed out after 1.04 seconds\"}",
  "lambdaLog": "{\"errorMessage\":\"2024-03-21T13:56:56.892Z 191fc22f-1925-4382-bbbc-32fd42a63a8a Task timed out after 1.04 seconds\"}",
  "timestamp": 5700
}
{
  "sandboxLog": "{\"errorMessage\":\"2024-03-21T13:56:57.960Z bc321310-41bb-49fe-9da2-4f377cb7c761 Task timed out after 1.06 seconds\"}",
  "lambdaLog": "{\"errorMessage\":\"2024-03-21T13:56:57.960Z bc321310-41bb-49fe-9da2-4f377cb7c761 Task timed out after 1.06 seconds\"}",
  "timestamp": 5800
}
{
  "sandboxLog": "{\"errorMessage\":\"2024-03-21T13:56:59.032Z 6888623a-8910-4e92-81e2-5b050bc7b273 Task timed out after 1.06 seconds\"}",
  "lambdaLog": "{\"errorMessage\":\"2024-03-21T13:56:59.032Z 6888623a-8910-4e92-81e2-5b050bc7b273 Task timed out after 1.06 seconds\"}",
  "timestamp": 5900
}
{
  "sandboxLog": "{\"errorMessage\":\"2024-03-21T13:57:00.099Z 0e556c6c-3128-46fd-b6f6-f7258a9a767c Task timed out after 1.06 seconds\"}",
  "lambdaLog": "{\"errorMessage\":\"2024-03-21T13:57:00.099Z 0e556c6c-3128-46fd-b6f6-f7258a9a767c Task timed out after 1.06 seconds\"}",
  "timestamp": 6000
}
{
  "sandboxLog": "{\"errorMessage\":\"2024-03-21T13:57:01.132Z f818db73-0411-4097-a18f-f8f924703b61 Task timed out after 1.02 seconds\"}",
  "lambdaLog": "{\"errorMessage\":\"2024-03-21T13:57:01.132Z f818db73-0411-4097-a18f-f8f924703b61 Task timed out after 1.02 seconds\"}",
  "timestamp": 6100
}
{
  "sandboxLog": "{\"errorMessage\":\"2024-03-21T13:57:02.180Z 8fad7978-c899-4f8d-9de7-d8bb673ff570 Task timed out after 1.04 seconds\"}",
  "lambdaLog": "{\"errorMessage\":\"2024-03-21T13:57:02.180Z 8fad7978-c899-4f8d-9de7-d8bb673ff570 Task timed out after 1.04 seconds\"}",
  "timestamp": 6200
}
{
  "sandboxLog": "{\"errorMessage\":\"2024-03-21T13:57:03.232Z 325bfe55-246b-4915-9392-e61f19e85c0f Task timed out after 1.04 seconds\"}",
  "lambdaLog": "{\"errorMessage\":\"2024-03-21T13:57:03.232Z 325bfe55-246b-4915-9392-e61f19e85c0f Task timed out after 1.04 seconds\"}",
  "timestamp": 6300
}
{
  "sandboxLog": "{\"errorMessage\":\"2024-03-21T13:57:04.280Z 9df940a5-fc95-4ff7-affd-85374959027d Task timed out after 1.04 seconds\"}",
  "lambdaLog": "{\"errorMessage\":\"2024-03-21T13:57:04.280Z 9df940a5-fc95-4ff7-affd-85374959027d Task timed out after 1.04 seconds\"}",
  "timestamp": 6400
}
{
  "sandboxLog": "{\"errorMessage\":\"2024-03-21T13:57:05.293Z d637730d-e4ce-4f53-998a-58db5399a9aa Task timed out after 1.00 seconds\"}",
  "lambdaLog": "{\"errorMessage\":\"2024-03-21T13:57:05.293Z d637730d-e4ce-4f53-998a-58db5399a9aa Task timed out after 1.00 seconds\"}",
  "timestamp": 6500
}
{
  "sandboxLog": "{\"errorMessage\":\"2024-03-21T13:57:06.419Z 1e5d0ca6-3b49-494c-8f73-bb03b23b07a7 Task timed out after 1.11 seconds\"}",
  "lambdaLog": "{\"errorMessage\":\"2024-03-21T13:57:06.419Z 1e5d0ca6-3b49-494c-8f73-bb03b23b07a7 Task timed out after 1.11 seconds\"}",
  "timestamp": 6600
}
{
  "sandboxLog": "{\"errorMessage\":\"2024-03-21T13:57:07.552Z 6300be28-145a-4cb7-8255-677da82ff5a9 Task timed out after 1.12 seconds\"}",
  "lambdaLog": "{\"errorMessage\":\"2024-03-21T13:57:07.552Z 6300be28-145a-4cb7-8255-677da82ff5a9 Task timed out after 1.12 seconds\"}",
  "timestamp": 6700
}
{
  "sandboxLog": "{\"errorMessage\":\"2024-03-21T13:57:08.619Z 03c86053-3e75-4b42-b39f-52b9b3546637 Task timed out after 1.06 seconds\"}",
  "lambdaLog": "{\"errorMessage\":\"2024-03-21T13:57:08.619Z 03c86053-3e75-4b42-b39f-52b9b3546637 Task timed out after 1.06 seconds\"}",
  "timestamp": 6800
}
{
  "sandboxLog": "{\"errorMessage\":\"2024-03-21T13:57:09.636Z 3c0baba2-4b0b-430c-a323-fbe3dd33254e Task timed out after 1.00 seconds\"}",
  "lambdaLog": "{\"errorMessage\":\"2024-03-21T13:57:09.636Z 3c0baba2-4b0b-430c-a323-fbe3dd33254e Task timed out after 1.00 seconds\"}",
  "timestamp": 6900
}
{
  "sandboxLog": "{\"errorMessage\":\"2024-03-21T13:57:10.932Z 057def87-ce87-4d3e-b579-aa4b6f03693f Task timed out after 1.07 seconds\"}",
  "lambdaLog": "{\"errorMessage\":\"2024-03-21T13:57:10.932Z 057def87-ce87-4d3e-b579-aa4b6f03693f Task timed out after 1.07 seconds\"}",
  "timestamp": 7000
}
{
  "sandboxLog": "{\"errorMessage\":\"2024-03-21T13:57:11.999Z 755bb56e-e477-4225-8fc3-419ee9f70d2b Task timed out after 1.06 seconds\"}",
  "lambdaLog": "{\"errorMessage\":\"2024-03-21T13:57:11.999Z 755bb56e-e477-4225-8fc3-419ee9f70d2b Task timed out after 1.06 seconds\"}",
  "timestamp": 7100
}
{
  "sandboxLog": "{\"errorMessage\":\"2024-03-21T13:57:13.073Z 7b1a8d53-1ed2-4837-a3a0-cb63db9ec45f Task timed out after 1.06 seconds\"}",
  "lambdaLog": "{\"errorMessage\":\"2024-03-21T13:57:13.073Z 7b1a8d53-1ed2-4837-a3a0-cb63db9ec45f Task timed out after 1.06 seconds\"}",
  "timestamp": 7200
}
{
  "sandboxLog": "{\"errorMessage\":\"2024-03-21T13:57:14.119Z c43fbab1-d8d2-47f5-97b2-a968fd040094 Task timed out after 1.04 seconds\"}",
  "lambdaLog": "{\"errorMessage\":\"2024-03-21T13:57:14.119Z c43fbab1-d8d2-47f5-97b2-a968fd040094 Task timed out after 1.04 seconds\"}",
  "timestamp": 7300
}
{
  "sandboxLog": "{\"errorMessage\":\"2024-03-21T13:57:15.192Z b8fc8e3b-0240-4f93-8721-88f50fc70090 Task timed out after 1.06 seconds\"}",
  "lambdaLog": "{\"errorMessage\":\"2024-03-21T13:57:15.192Z b8fc8e3b-0240-4f93-8721-88f50fc70090 Task timed out after 1.06 seconds\"}",
  "timestamp": 7400
}
{
  "sandboxLog": "{\"errorMessage\":\"2024-03-21T13:57:16.232Z 040500f8-6c6c-4099-affc-0778e62bae54 Task timed out after 1.02 seconds\"}",
  "lambdaLog": "{\"errorMessage\":\"2024-03-21T13:57:16.232Z 040500f8-6c6c-4099-affc-0778e62bae54 Task timed out after 1.02 seconds\"}",
  "timestamp": 7500
}
{
  "sandboxLog": "{\"errorMessage\":\"2024-03-21T13:57:17.320Z e02bf2f4-09d7-4457-8313-c92a34fc559d Task timed out after 1.07 seconds\"}",
  "lambdaLog": "{\"errorMessage\":\"2024-03-21T13:57:17.320Z e02bf2f4-09d7-4457-8313-c92a34fc559d Task timed out after 1.07 seconds\"}",
  "timestamp": 7600
}
{
  "sandboxLog": "{\"errorMessage\":\"2024-03-21T13:57:18.392Z 89c74d27-005d-4bde-89d1-d14170b44920 Task timed out after 1.06 seconds\"}",
  "lambdaLog": "{\"errorMessage\":\"2024-03-21T13:57:18.392Z 89c74d27-005d-4bde-89d1-d14170b44920 Task timed out after 1.06 seconds\"}",
  "timestamp": 7700
}
{
  "sandboxLog": "{\"errorMessage\":\"2024-03-21T13:57:19.500Z 9741a2a9-5d0e-461d-8030-fd0c76a031b7 Task timed out after 1.09 seconds\"}",
  "lambdaLog": "{\"errorMessage\":\"2024-03-21T13:57:19.500Z 9741a2a9-5d0e-461d-8030-fd0c76a031b7 Task timed out after 1.09 seconds\"}",
  "timestamp": 7800
}
{
  "sandboxLog": "{\"errorMessage\":\"2024-03-21T13:57:20.533Z c78c4ce1-508c-44da-871f-50762ff75768 Task timed out after 1.02 seconds\"}",
  "lambdaLog": "{\"errorMessage\":\"2024-03-21T13:57:20.533Z c78c4ce1-508c-44da-871f-50762ff75768 Task timed out after 1.02 seconds\"}",
  "timestamp": 7900
}
{
  "sandboxLog": "{\"errorMessage\":\"2024-03-21T13:57:21.619Z 4f9a2def-5b80-40ba-aba3-cad680d0ec95 Task timed out after 1.08 seconds\"}",
  "lambdaLog": "{\"errorMessage\":\"2024-03-21T13:57:21.619Z 4f9a2def-5b80-40ba-aba3-cad680d0ec95 Task timed out after 1.08 seconds\"}",
  "timestamp": 8000
}
{
  "sandboxLog": "{\"errorMessage\":\"2024-03-21T13:57:22.679Z 854a0949-04d6-42d7-b7b8-2a9b118bf987 Task timed out after 1.04 seconds\"}",
  "lambdaLog": "{\"errorMessage\":\"2024-03-21T13:57:22.679Z 854a0949-04d6-42d7-b7b8-2a9b118bf987 Task timed out after 1.04 seconds\"}",
  "timestamp": 8100
}
{
  "sandboxLog": "{\"errorMessage\":\"2024-03-21T13:57:23.793Z 9bb28de2-487d-46d6-8a6b-c9a09f9da66b Task timed out after 1.10 seconds\"}",
  "lambdaLog": "{\"errorMessage\":\"2024-03-21T13:57:23.793Z 9bb28de2-487d-46d6-8a6b-c9a09f9da66b Task timed out after 1.10 seconds\"}",
  "timestamp": 8200
}
{
  "sandboxLog": "{\"errorMessage\":\"2024-03-21T13:57:24.842Z 4c0e49dc-750b-4d72-a0f0-994cfcddbcaa Task timed out after 1.04 seconds\"}",
  "lambdaLog": "{\"errorMessage\":\"2024-03-21T13:57:24.842Z 4c0e49dc-750b-4d72-a0f0-994cfcddbcaa Task timed out after 1.04 seconds\"}",
  "timestamp": 8300
}
{
  "sandboxLog": "{\"errorMessage\":\"2024-03-21T13:57:25.892Z 4985e14c-24a3-4b5d-b8c9-6bd4f0ba6580 Task timed out after 1.04 seconds\"}",
  "lambdaLog": "{\"errorMessage\":\"2024-03-21T13:57:25.892Z 4985e14c-24a3-4b5d-b8c9-6bd4f0ba6580 Task timed out after 1.04 seconds\"}",
  "timestamp": 8400
}
{
  "sandboxLog": "{\"errorMessage\":\"2024-03-21T13:57:26.980Z b053abff-4140-47f0-a32b-86e8041ba4aa Task timed out after 1.08 seconds\"}",
  "lambdaLog": "{\"errorMessage\":\"2024-03-21T13:57:26.980Z b053abff-4140-47f0-a32b-86e8041ba4aa Task timed out after 1.08 seconds\"}",
  "timestamp": 8500
}
{
  "sandboxLog": "{\"errorMessage\":\"2024-03-21T13:57:28.013Z 1fe63408-da0a-4a4e-995b-c077d5df0755 Task timed out after 1.02 seconds\"}",
  "lambdaLog": "{\"errorMessage\":\"2024-03-21T13:57:28.013Z 1fe63408-da0a-4a4e-995b-c077d5df0755 Task timed out after 1.02 seconds\"}",
  "timestamp": 8600
}
{
  "sandboxLog": "{\"errorMessage\":\"2024-03-21T13:57:29.079Z 66f9c771-2ddb-406f-92c6-8561bfe4d2ac Task timed out after 1.06 seconds\"}",
  "lambdaLog": "{\"errorMessage\":\"2024-03-21T13:57:29.079Z 66f9c771-2ddb-406f-92c6-8561bfe4d2ac Task timed out after 1.06 seconds\"}",
  "timestamp": 8700
}
{
  "sandboxLog": "{\"errorMessage\":\"2024-03-21T13:57:30.112Z 19651520-25b9-40d2-a327-f01e42645f22 Task timed out after 1.02 seconds\"}",
  "lambdaLog": "{\"errorMessage\":\"2024-03-21T13:57:30.112Z 19651520-25b9-40d2-a327-f01e42645f22 Task timed out after 1.02 seconds\"}",
  "timestamp": 8800
}
{
  "sandboxLog": "{\"errorMessage\":\"2024-03-21T13:57:31.159Z 046535f2-fbc6-4d76-a505-d1c0e257046b Task timed out after 1.04 seconds\"}",
  "lambdaLog": "{\"errorMessage\":\"2024-03-21T13:57:31.159Z 046535f2-fbc6-4d76-a505-d1c0e257046b Task timed out after 1.04 seconds\"}",
  "timestamp": 8900
}
{
  "sandboxLog": "{\"errorMessage\":\"2024-03-21T13:57:32.240Z 18bf48bf-8172-4cd0-a9b5-bde6f4815666 Task timed out after 1.04 seconds\"}",
  "lambdaLog": "{\"errorMessage\":\"2024-03-21T13:57:32.240Z 18bf48bf-8172-4cd0-a9b5-bde6f4815666 Task timed out after 1.04 seconds\"}",
  "timestamp": 9000
}
{
  "sandboxLog": "{\"errorMessage\":\"2024-03-21T13:57:33.313Z 75921887-5849-4d0e-b477-18cd2e2d1a89 Task timed out after 1.06 seconds\"}",
  "lambdaLog": "{\"errorMessage\":\"2024-03-21T13:57:33.313Z 75921887-5849-4d0e-b477-18cd2e2d1a89 Task timed out after 1.06 seconds\"}",
  "timestamp": 9100
}
{
  "sandboxLog": "{\"errorMessage\":\"2024-03-21T13:57:34.499Z afb09b5e-4108-4be2-b42e-0ede2bb9da38 Task timed out after 1.17 seconds\"}",
  "lambdaLog": "{\"errorMessage\":\"2024-03-21T13:57:34.499Z afb09b5e-4108-4be2-b42e-0ede2bb9da38 Task timed out after 1.17 seconds\"}",
  "timestamp": 9200
}
{
  "sandboxLog": "{\"errorMessage\":\"2024-03-21T13:57:35.613Z d2191998-5341-4ed2-a0f5-29e8bdd0c01c Task timed out after 1.10 seconds\"}",
  "lambdaLog": "{\"errorMessage\":\"2024-03-21T13:57:35.613Z d2191998-5341-4ed2-a0f5-29e8bdd0c01c Task timed out after 1.10 seconds\"}",
  "timestamp": 9300
}
{
  "sandboxLog": "{\"errorMessage\":\"2024-03-21T13:57:36.660Z dc72ab0a-5f6b-4d3a-8b03-551b96a0073d Task timed out after 1.04 seconds\"}",
  "lambdaLog": "{\"errorMessage\":\"2024-03-21T13:57:36.660Z dc72ab0a-5f6b-4d3a-8b03-551b96a0073d Task timed out after 1.04 seconds\"}",
  "timestamp": 9400
}
{
  "sandboxLog": "{\"errorMessage\":\"2024-03-21T13:57:37.732Z ec85059b-b6fe-4ee6-bd39-c5adc84e8473 Task timed out after 1.06 seconds\"}",
  "lambdaLog": "{\"errorMessage\":\"2024-03-21T13:57:37.732Z ec85059b-b6fe-4ee6-bd39-c5adc84e8473 Task timed out after 1.06 seconds\"}",
  "timestamp": 9500
}
{
  "sandboxLog": "{\"errorMessage\":\"2024-03-21T13:57:38.794Z a41c436d-f2c1-4528-829d-f71e37ef80b1 Task timed out after 1.04 seconds\"}",
  "lambdaLog": "{\"errorMessage\":\"2024-03-21T13:57:38.794Z a41c436d-f2c1-4528-829d-f71e37ef80b1 Task timed out after 1.04 seconds\"}",
  "timestamp": 9600
}
{
  "sandboxLog": "{\"errorMessage\":\"2024-03-21T13:57:39.859Z ce579f68-c1c4-457d-9e8c-6c7fd9ec2a89 Task timed out after 1.05 seconds\"}",
  "lambdaLog": "{\"errorMessage\":\"2024-03-21T13:57:39.859Z ce579f68-c1c4-457d-9e8c-6c7fd9ec2a89 Task timed out after 1.05 seconds\"}",
  "timestamp": 9700
}
{
  "sandboxLog": "{\"errorMessage\":\"2024-03-21T13:57:40.873Z 81552241-077c-4cf4-8cd3-542344bc487a Task timed out after 1.00 seconds\"}",
  "lambdaLog": "{\"errorMessage\":\"2024-03-21T13:57:40.873Z 81552241-077c-4cf4-8cd3-542344bc487a Task timed out after 1.00 seconds\"}",
  "timestamp": 9800
}
{
  "sandboxLog": "{\"errorMessage\":\"2024-03-21T13:57:41.921Z d7434359-7a2e-48cf-9285-8d88adce3d00 Task timed out after 1.04 seconds\"}",
  "lambdaLog": "{\"errorMessage\":\"2024-03-21T13:57:41.921Z d7434359-7a2e-48cf-9285-8d88adce3d00 Task timed out after 1.04 seconds\"}",
  "timestamp": 9900
}
{
  "sandboxLog": "{\"errorMessage\":\"2024-03-21T13:57:42.972Z e5d95c11-7812-4324-bd2c-fac9eec557c6 Task timed out after 1.03 seconds\"}",
  "lambdaLog": "{\"errorMessage\":\"2024-03-21T13:57:42.972Z e5d95c11-7812-4324-bd2c-fac9eec557c6 Task timed out after 1.03 seconds\"}",
  "timestamp": 10000
}
{
  "sandboxLog": "{\"errorMessage\":\"2024-03-21T13:57:44.020Z 20f26d04-2cfa-4cfb-a483-99dc9a954c7b Task timed out after 1.04 seconds\"}",
  "lambdaLog": "{\"errorMessage\":\"2024-03-21T13:57:44.020Z 20f26d04-2cfa-4cfb-a483-99dc9a954c7b Task timed out after 1.04 seconds\"}",
  "timestamp": 10100
}
{
  "sandboxLog": "{\"errorMessage\":\"2024-03-21T13:57:45.054Z 0950f01b-085d-4d16-a6fe-bbec791146b9 Task timed out after 1.02 seconds\"}",
  "lambdaLog": "{\"errorMessage\":\"2024-03-21T13:57:45.054Z 0950f01b-085d-4d16-a6fe-bbec791146b9 Task timed out after 1.02 seconds\"}",
  "timestamp": 10200
}
{
  "sandboxLog": "{\"errorMessage\":\"2024-03-21T13:57:46.179Z 51520f21-086b-4f1d-9e59-7b3364f55e86 Task timed out after 1.11 seconds\"}",
  "lambdaLog": "{\"errorMessage\":\"2024-03-21T13:57:46.179Z 51520f21-086b-4f1d-9e59-7b3364f55e86 Task timed out after 1.11 seconds\"}",
  "timestamp": 10300
}
{
  "sandboxLog": "{\"errorMessage\":\"2024-03-21T13:57:47.280Z ae371ead-4c66-4aec-a5c4-3675cf2fe3da Task timed out after 1.08 seconds\"}",
  "lambdaLog": "{\"errorMessage\":\"2024-03-21T13:57:47.280Z ae371ead-4c66-4aec-a5c4-3675cf2fe3da Task timed out after 1.08 seconds\"}",
  "timestamp": 10400
}
{
  "sandboxLog": "{\"errorMessage\":\"2024-03-21T13:57:48.332Z 4b9901cc-3040-4b3e-9a4e-6489b40ff096 Task timed out after 1.04 seconds\"}",
  "lambdaLog": "{\"errorMessage\":\"2024-03-21T13:57:48.332Z 4b9901cc-3040-4b3e-9a4e-6489b40ff096 Task timed out after 1.04 seconds\"}",
  "timestamp": 10500
}
{
  "sandboxLog": "{\"errorMessage\":\"2024-03-21T13:57:49.361Z 00c8bf60-765e-4344-9b38-9d7c1866f896 Task timed out after 1.02 seconds\"}",
  "lambdaLog": "{\"errorMessage\":\"2024-03-21T13:57:49.361Z 00c8bf60-765e-4344-9b38-9d7c1866f896 Task timed out after 1.02 seconds\"}",
  "timestamp": 10600
}
{
  "sandboxLog": "{\"errorMessage\":\"2024-03-21T13:57:50.413Z 0faf2eeb-32be-4b92-a974-42ef31e59641 Task timed out after 1.04 seconds\"}",
  "lambdaLog": "{\"errorMessage\":\"2024-03-21T13:57:50.413Z 0faf2eeb-32be-4b92-a974-42ef31e59641 Task timed out after 1.04 seconds\"}",
  "timestamp": 10700
}
{
  "sandboxLog": "{\"errorMessage\":\"2024-03-21T13:57:51.479Z a63b3bf9-e985-4839-a88a-27cf1f380afa Task timed out after 1.05 seconds\"}",
  "lambdaLog": "{\"errorMessage\":\"2024-03-21T13:57:51.479Z a63b3bf9-e985-4839-a88a-27cf1f380afa Task timed out after 1.05 seconds\"}",
  "timestamp": 10800
}
{
  "sandboxLog": "{\"errorMessage\":\"2024-03-21T13:57:52.532Z 789162b0-ea2b-472c-86ae-83992cc102e4 Task timed out after 1.04 seconds\"}",
  "lambdaLog": "{\"errorMessage\":\"2024-03-21T13:57:52.532Z 789162b0-ea2b-472c-86ae-83992cc102e4 Task timed out after 1.04 seconds\"}",
  "timestamp": 10900
}
{
  "sandboxLog": "{\"errorMessage\":\"2024-03-21T13:57:53.652Z 79f0adf5-4525-4fc7-861f-9bacafb3c833 Task timed out after 1.06 seconds\"}",
  "lambdaLog": "{\"errorMessage\":\"2024-03-21T13:57:53.652Z 79f0adf5-4525-4fc7-861f-9bacafb3c833 Task timed out after 1.06 seconds\"}",
  "timestamp": 11000
}
{
  "sandboxLog": "{\"errorMessage\":\"2024-03-21T13:57:54.699Z 5ac62b32-c5e3-4cb7-8502-68e8e938a697 Task timed out after 1.03 seconds\"}",
  "lambdaLog": "{\"errorMessage\":\"2024-03-21T13:57:54.699Z 5ac62b32-c5e3-4cb7-8502-68e8e938a697 Task timed out after 1.03 seconds\"}",
  "timestamp": 11100
}
{
  "sandboxLog": "{\"errorMessage\":\"2024-03-21T13:57:55.753Z 9ee147e7-a91e-4f30-8fe4-884399d50b68 Task timed out after 1.04 seconds\"}",
  "lambdaLog": "{\"errorMessage\":\"2024-03-21T13:57:55.753Z 9ee147e7-a91e-4f30-8fe4-884399d50b68 Task timed out after 1.04 seconds\"}",
  "timestamp": 11200
}
{
  "sandboxLog": "{\"errorMessage\":\"2024-03-21T13:57:56.800Z 78e3d289-ace9-4427-b491-6c8da37f7ae4 Task timed out after 1.04 seconds\"}",
  "lambdaLog": "{\"errorMessage\":\"2024-03-21T13:57:56.800Z 78e3d289-ace9-4427-b491-6c8da37f7ae4 Task timed out after 1.04 seconds\"}",
  "timestamp": 11300
}
{
  "sandboxLog": "{\"errorMessage\":\"2024-03-21T13:57:57.832Z 1e2d367b-fe1a-4f51-9b1a-fd2124b93d01 Task timed out after 1.02 seconds\"}",
  "lambdaLog": "{\"errorMessage\":\"2024-03-21T13:57:57.832Z 1e2d367b-fe1a-4f51-9b1a-fd2124b93d01 Task timed out after 1.02 seconds\"}",
  "timestamp": 11400
}
{
  "sandboxLog": "{\"errorMessage\":\"2024-03-21T13:57:58.880Z 7c824e62-f4b2-4828-9a06-3754cef75fb7 Task timed out after 1.04 seconds\"}",
  "lambdaLog": "{\"errorMessage\":\"2024-03-21T13:57:58.880Z 7c824e62-f4b2-4828-9a06-3754cef75fb7 Task timed out after 1.04 seconds\"}",
  "timestamp": 11500
}
{
  "sandboxLog": "{\"errorMessage\":\"2024-03-21T13:57:59.933Z 6b56d182-7830-4eed-98b8-88f52e3a7b6e Task timed out after 1.04 seconds\"}",
  "lambdaLog": "{\"errorMessage\":\"2024-03-21T13:57:59.933Z 6b56d182-7830-4eed-98b8-88f52e3a7b6e Task timed out after 1.04 seconds\"}",
  "timestamp": 11600
}
{
  "sandboxLog": "{\"errorMessage\":\"2024-03-21T13:58:00.960Z f8eb1959-f7aa-4dbc-b979-b71852547577 Task timed out after 1.02 seconds\"}",
  "lambdaLog": "{\"errorMessage\":\"2024-03-21T13:58:00.960Z f8eb1959-f7aa-4dbc-b979-b71852547577 Task timed out after 1.02 seconds\"}",
  "timestamp": 11700
}
{
  "sandboxLog": "{\"errorMessage\":\"2024-03-21T13:58:02.032Z 4285ba04-f0ed-4d41-af7e-82f044e1a6d9 Task timed out after 1.06 seconds\"}",
  "lambdaLog": "{\"errorMessage\":\"2024-03-21T13:58:02.032Z 4285ba04-f0ed-4d41-af7e-82f044e1a6d9 Task timed out after 1.06 seconds\"}",
  "timestamp": 11800
}
{
  "sandboxLog": "{\"errorMessage\":\"2024-03-21T13:58:03.139Z ef228b24-da16-49e6-8cff-e489b568d463 Task timed out after 1.09 seconds\"}",
  "lambdaLog": "{\"errorMessage\":\"2024-03-21T13:58:03.139Z ef228b24-da16-49e6-8cff-e489b568d463 Task timed out after 1.09 seconds\"}",
  "timestamp": 11900
}
{
  "sandboxLog": "{\"errorMessage\":\"2024-03-21T13:58:04.212Z 4f2a1ab6-d856-42b2-b280-568ca068f22e Task timed out after 1.06 seconds\"}",
  "lambdaLog": "{\"errorMessage\":\"2024-03-21T13:58:04.212Z 4f2a1ab6-d856-42b2-b280-568ca068f22e Task timed out after 1.06 seconds\"}",
  "timestamp": 12000
}
{
  "sandboxLog": "{\"errorMessage\":\"2024-03-21T13:58:05.259Z 01b06f10-a79c-44ca-ac75-220630561cff Task timed out after 1.04 seconds\"}",
  "lambdaLog": "{\"errorMessage\":\"2024-03-21T13:58:05.259Z 01b06f10-a79c-44ca-ac75-220630561cff Task timed out after 1.04 seconds\"}",
  "timestamp": 12100
}
{
  "sandboxLog": "{\"errorMessage\":\"2024-03-21T13:58:06.312Z 5ce2b19c-d3fe-4be9-97d5-626b20f185d2 Task timed out after 1.04 seconds\"}",
  "lambdaLog": "{\"errorMessage\":\"2024-03-21T13:58:06.312Z 5ce2b19c-d3fe-4be9-97d5-626b20f185d2 Task timed out after 1.04 seconds\"}",
  "timestamp": 12200
}
{
  "sandboxLog": "{\"errorMessage\":\"2024-03-21T13:58:07.554Z 4a2867e7-1f71-4edc-bb0a-a363998e859b Task timed out after 1.04 seconds\"}",
  "lambdaLog": "{\"errorMessage\":\"2024-03-21T13:58:07.554Z 4a2867e7-1f71-4edc-bb0a-a363998e859b Task timed out after 1.04 seconds\"}",
  "timestamp": 12300
}
{
  "sandboxLog": "{\"errorMessage\":\"2024-03-21T13:58:08.712Z a2afb2fb-7fc7-49ad-ae94-a4b1fbdd4685 Task timed out after 1.05 seconds\"}",
  "lambdaLog": "{\"errorMessage\":\"2024-03-21T13:58:08.712Z a2afb2fb-7fc7-49ad-ae94-a4b1fbdd4685 Task timed out after 1.05 seconds\"}",
  "timestamp": 12400
}
{
  "sandboxLog": "{\"errorMessage\":\"2024-03-21T13:58:09.832Z 84d441d5-1490-47d1-a8e8-09c62912e15f Task timed out after 1.08 seconds\"}",
  "lambdaLog": "{\"errorMessage\":\"2024-03-21T13:58:09.832Z 84d441d5-1490-47d1-a8e8-09c62912e15f Task timed out after 1.08 seconds\"}",
  "timestamp": 12500
}
{
  "sandboxLog": "{\"errorMessage\":\"2024-03-21T13:58:10.880Z 12880063-82a9-42c8-895c-33bddc863004 Task timed out after 1.04 seconds\"}",
  "lambdaLog": "{\"errorMessage\":\"2024-03-21T13:58:10.880Z 12880063-82a9-42c8-895c-33bddc863004 Task timed out after 1.04 seconds\"}",
  "timestamp": 12600
}
{
  "sandboxLog": "{\"errorMessage\":\"2024-03-21T13:58:11.952Z d7364bde-f7c9-4a8c-bc69-2354addb7029 Task timed out after 1.06 seconds\"}",
  "lambdaLog": "{\"errorMessage\":\"2024-03-21T13:58:11.952Z d7364bde-f7c9-4a8c-bc69-2354addb7029 Task timed out after 1.06 seconds\"}",
  "timestamp": 12700
}
{
  "sandboxLog": "{\"errorMessage\":\"2024-03-21T13:58:13.032Z d1fb7d31-341c-4daa-ba52-32e7010de62c Task timed out after 1.06 seconds\"}",
  "lambdaLog": "{\"errorMessage\":\"2024-03-21T13:58:13.032Z d1fb7d31-341c-4daa-ba52-32e7010de62c Task timed out after 1.06 seconds\"}",
  "timestamp": 12800
}
{
  "sandboxLog": "{\"errorMessage\":\"2024-03-21T13:58:14.079Z 29843143-f6ba-4377-b0e9-ca10aef55b99 Task timed out after 1.04 seconds\"}",
  "lambdaLog": "{\"errorMessage\":\"2024-03-21T13:58:14.079Z 29843143-f6ba-4377-b0e9-ca10aef55b99 Task timed out after 1.04 seconds\"}",
  "timestamp": 12900
}
{
  "sandboxLog": "{\"errorMessage\":\"2024-03-21T13:58:15.133Z 9e74c577-16ba-4b06-bc11-0a148336d290 Task timed out after 1.04 seconds\"}",
  "lambdaLog": "{\"errorMessage\":\"2024-03-21T13:58:15.133Z 9e74c577-16ba-4b06-bc11-0a148336d290 Task timed out after 1.04 seconds\"}",
  "timestamp": 13000
}
{
  "sandboxLog": "{\"errorMessage\":\"2024-03-21T13:58:16.180Z 23f81953-2019-4869-86e5-2d46759b401f Task timed out after 1.03 seconds\"}",
  "lambdaLog": "{\"errorMessage\":\"2024-03-21T13:58:16.180Z 23f81953-2019-4869-86e5-2d46759b401f Task timed out after 1.03 seconds\"}",
  "timestamp": 13100
}
{
  "sandboxLog": "{\"errorMessage\":\"2024-03-21T13:58:17.252Z ed992fb9-6d9a-42dc-8cbf-a74dcb644dd6 Task timed out after 1.06 seconds\"}",
  "lambdaLog": "{\"errorMessage\":\"2024-03-21T13:58:17.252Z ed992fb9-6d9a-42dc-8cbf-a74dcb644dd6 Task timed out after 1.06 seconds\"}",
  "timestamp": 13200
}
{
  "sandboxLog": "{\"errorMessage\":\"2024-03-21T13:58:18.319Z 7b806ffc-52c6-4d69-94b9-edcfacc94578 Task timed out after 1.06 seconds\"}",
  "lambdaLog": "{\"errorMessage\":\"2024-03-21T13:58:18.319Z 7b806ffc-52c6-4d69-94b9-edcfacc94578 Task timed out after 1.06 seconds\"}",
  "timestamp": 13300
}
{
  "sandboxLog": "{\"errorMessage\":\"2024-03-21T13:58:19.392Z 89c3466d-72bc-411a-bb32-11fb1d9a9410 Task timed out after 1.06 seconds\"}",
  "lambdaLog": "{\"errorMessage\":\"2024-03-21T13:58:19.392Z 89c3466d-72bc-411a-bb32-11fb1d9a9410 Task timed out after 1.06 seconds\"}",
  "timestamp": 13400
}
{
  "sandboxLog": "{\"errorMessage\":\"2024-03-21T13:58:20.512Z c60c67d9-5e54-4a02-a143-96eed682f9d0 Task timed out after 1.10 seconds\"}",
  "lambdaLog": "{\"errorMessage\":\"2024-03-21T13:58:20.512Z c60c67d9-5e54-4a02-a143-96eed682f9d0 Task timed out after 1.10 seconds\"}",
  "timestamp": 13500
}
{
  "sandboxLog": "{\"errorMessage\":\"2024-03-21T13:58:21.572Z 0f973652-66c9-41c7-9ec6-1d9e51f74072 Task timed out after 1.04 seconds\"}",
  "lambdaLog": "{\"errorMessage\":\"2024-03-21T13:58:21.572Z 0f973652-66c9-41c7-9ec6-1d9e51f74072 Task timed out after 1.04 seconds\"}",
  "timestamp": 13600
}
{
  "sandboxLog": "{\"errorMessage\":\"2024-03-21T13:58:22.600Z ef9c9453-9331-4771-b741-2db9e620e560 Task timed out after 1.01 seconds\"}",
  "lambdaLog": "{\"errorMessage\":\"2024-03-21T13:58:22.600Z ef9c9453-9331-4771-b741-2db9e620e560 Task timed out after 1.01 seconds\"}",
  "timestamp": 13700
}
{
  "sandboxLog": "{\"errorMessage\":\"2024-03-21T13:58:23.653Z f9072d9a-5c52-446d-a9b9-9dc481a0e65c Task timed out after 1.04 seconds\"}",
  "lambdaLog": "{\"errorMessage\":\"2024-03-21T13:58:23.653Z f9072d9a-5c52-446d-a9b9-9dc481a0e65c Task timed out after 1.04 seconds\"}",
  "timestamp": 13800
}
{
  "sandboxLog": "{\"errorMessage\":\"2024-03-21T13:58:24.701Z 6da02119-b5ad-47dd-b7c5-81360f246c76 Task timed out after 1.03 seconds\"}",
  "lambdaLog": "{\"errorMessage\":\"2024-03-21T13:58:24.701Z 6da02119-b5ad-47dd-b7c5-81360f246c76 Task timed out after 1.03 seconds\"}",
  "timestamp": 13900
}
{
  "sandboxLog": "{\"errorMessage\":\"2024-03-21T13:58:25.772Z a71b7a61-76cd-4959-9fd4-d88cea08d736 Task timed out after 1.06 seconds\"}",
  "lambdaLog": "{\"errorMessage\":\"2024-03-21T13:58:25.772Z a71b7a61-76cd-4959-9fd4-d88cea08d736 Task timed out after 1.06 seconds\"}",
  "timestamp": 14000
}
{
  "sandboxLog": "{\"errorMessage\":\"2024-03-21T13:58:26.892Z 94a3320d-a501-42ea-936a-be7bc5eacb01 Task timed out after 1.10 seconds\"}",
  "lambdaLog": "{\"errorMessage\":\"2024-03-21T13:58:26.892Z 94a3320d-a501-42ea-936a-be7bc5eacb01 Task timed out after 1.10 seconds\"}",
  "timestamp": 14100
}
{
  "sandboxLog": "{\"errorMessage\":\"2024-03-21T13:58:27.940Z d6cbc883-b179-4b05-965a-87ed74d3d9ab Task timed out after 1.04 seconds\"}",
  "lambdaLog": "{\"errorMessage\":\"2024-03-21T13:58:27.940Z d6cbc883-b179-4b05-965a-87ed74d3d9ab Task timed out after 1.04 seconds\"}",
  "timestamp": 14200
}
{
  "sandboxLog": "{\"errorMessage\":\"2024-03-21T13:58:29.012Z 1a22eb1f-1a7e-4c86-81de-5aa853d5ae8b Task timed out after 1.06 seconds\"}",
  "lambdaLog": "{\"errorMessage\":\"2024-03-21T13:58:29.012Z 1a22eb1f-1a7e-4c86-81de-5aa853d5ae8b Task timed out after 1.06 seconds\"}",
  "timestamp": 14300
}
{
  "sandboxLog": "{\"errorMessage\":\"2024-03-21T13:58:30.139Z 73a94afb-b17d-4668-bfa4-5c17c3eff45c Task timed out after 1.11 seconds\"}",
  "lambdaLog": "{\"errorMessage\":\"2024-03-21T13:58:30.139Z 73a94afb-b17d-4668-bfa4-5c17c3eff45c Task timed out after 1.11 seconds\"}",
  "timestamp": 14400
}
{
  "sandboxLog": "{\"errorMessage\":\"2024-03-21T13:58:31.219Z 4bcbf82a-48a3-4c00-b460-190b88e59be2 Task timed out after 1.06 seconds\"}",
  "lambdaLog": "{\"errorMessage\":\"2024-03-21T13:58:31.219Z 4bcbf82a-48a3-4c00-b460-190b88e59be2 Task timed out after 1.06 seconds\"}",
  "timestamp": 14500
}
{
  "sandboxLog": "{\"errorMessage\":\"2024-03-21T13:58:32.235Z 75057d1f-0dac-4956-a55f-2524b6b2f851 Task timed out after 1.00 seconds\"}",
  "lambdaLog": "{\"errorMessage\":\"2024-03-21T13:58:32.235Z 75057d1f-0dac-4956-a55f-2524b6b2f851 Task timed out after 1.00 seconds\"}",
  "timestamp": 14600
}
{
  "sandboxLog": "{\"errorMessage\":\"2024-03-21T13:58:33.280Z 5c0725ba-c85f-4817-a2c1-94794b7e749a Task timed out after 1.02 seconds\"}",
  "lambdaLog": "{\"errorMessage\":\"2024-03-21T13:58:33.280Z 5c0725ba-c85f-4817-a2c1-94794b7e749a Task timed out after 1.02 seconds\"}",
  "timestamp": 14700
}
{
  "sandboxLog": "{\"errorMessage\":\"2024-03-21T13:58:34.352Z 9ef579eb-6297-4da5-bd28-241025dacce7 Task timed out after 1.06 seconds\"}",
  "lambdaLog": "{\"errorMessage\":\"2024-03-21T13:58:34.352Z 9ef579eb-6297-4da5-bd28-241025dacce7 Task timed out after 1.06 seconds\"}",
  "timestamp": 14800
}
{
  "sandboxLog": "{\"errorMessage\":\"2024-03-21T13:58:35.479Z 430328c0-5bb6-4926-b6d0-f8bb66910ff2 Task timed out after 1.11 seconds\"}",
  "lambdaLog": "{\"errorMessage\":\"2024-03-21T13:58:35.479Z 430328c0-5bb6-4926-b6d0-f8bb66910ff2 Task timed out after 1.11 seconds\"}",
  "timestamp": 14900
}
{
  "sandboxLog": "{\"errorMessage\":\"2024-03-21T13:58:36.539Z 5c34dfe9-9c73-47e1-84ee-aac0fb4f22f5 Task timed out after 1.04 seconds\"}",
  "lambdaLog": "{\"errorMessage\":\"2024-03-21T13:58:36.539Z 5c34dfe9-9c73-47e1-84ee-aac0fb4f22f5 Task timed out after 1.04 seconds\"}",
  "timestamp": 15000
}
{
  "sandboxLog": "{\"errorMessage\":\"2024-03-21T13:58:37.593Z 1f176bee-0abf-413b-be37-f456689d9512 Task timed out after 1.04 seconds\"}",
  "lambdaLog": "{\"errorMessage\":\"2024-03-21T13:58:37.593Z 1f176bee-0abf-413b-be37-f456689d9512 Task timed out after 1.04 seconds\"}",
  "timestamp": 15100
}
{
  "sandboxLog": "{\"errorMessage\":\"2024-03-21T13:58:38.662Z ea9c28eb-e606-4453-bd5a-52380c2b0629 Task timed out after 1.06 seconds\"}",
  "lambdaLog": "{\"errorMessage\":\"2024-03-21T13:58:38.662Z ea9c28eb-e606-4453-bd5a-52380c2b0629 Task timed out after 1.06 seconds\"}",
  "timestamp": 15200
}
{
  "sandboxLog": "{\"errorMessage\":\"2024-03-21T13:58:39.780Z 5955f1bb-5258-4ee2-8950-048279eda679 Task timed out after 1.10 seconds\"}",
  "lambdaLog": "{\"errorMessage\":\"2024-03-21T13:58:39.780Z 5955f1bb-5258-4ee2-8950-048279eda679 Task timed out after 1.10 seconds\"}",
  "timestamp": 15300
}
{
  "sandboxLog": "{\"errorMessage\":\"2024-03-21T13:58:40.812Z 8b3d9ecb-9db4-496a-bf98-67f47701d415 Task timed out after 1.02 seconds\"}",
  "lambdaLog": "{\"errorMessage\":\"2024-03-21T13:58:40.812Z 8b3d9ecb-9db4-496a-bf98-67f47701d415 Task timed out after 1.02 seconds\"}",
  "timestamp": 15400
}
{
  "sandboxLog": "{\"errorMessage\":\"2024-03-21T13:58:41.860Z ba24e86b-c918-4e96-b2a9-11e13eb5c2ff Task timed out after 1.04 seconds\"}",
  "lambdaLog": "{\"errorMessage\":\"2024-03-21T13:58:41.860Z ba24e86b-c918-4e96-b2a9-11e13eb5c2ff Task timed out after 1.04 seconds\"}",
  "timestamp": 15500
}
{
  "sandboxLog": "Lambda errors have reached maximum value for submission 5cdabd88-2b1d-4006-a625-12faba60ac22",
  "lambdaLog": null,
  "timestamp": 15516
}
{
  "sandboxLog": "{\"errorMessage\":\"2024-03-21T13:58:42.912Z 6087d2c7-a557-4fb5-952a-ae0d5a57b074 Task timed out after 1.04 seconds\"}",
  "lambdaLog": "{\"errorMessage\":\"2024-03-21T13:58:42.912Z 6087d2c7-a557-4fb5-952a-ae0d5a57b074 Task timed out after 1.04 seconds\"}",
  "timestamp": 15600
}
{
  "sandboxLog": "{\"errorMessage\":\"2024-03-21T13:58:43.940Z 86a59991-a23d-4b8f-ab63-d048bac17c28 Task timed out after 1.02 seconds\"}",
  "lambdaLog": "{\"errorMessage\":\"2024-03-21T13:58:43.940Z 86a59991-a23d-4b8f-ab63-d048bac17c28 Task timed out after 1.02 seconds\"}",
  "timestamp": 15700
}
{
  "sandboxLog": "{\"errorMessage\":\"2024-03-21T13:58:44.993Z 812f2482-b038-4d57-bc4b-b665af6c3a14 Task timed out after 1.04 seconds\"}",
  "lambdaLog": "{\"errorMessage\":\"2024-03-21T13:58:44.993Z 812f2482-b038-4d57-bc4b-b665af6c3a14 Task timed out after 1.04 seconds\"}",
  "timestamp": 15800
}
{
  "sandboxLog": "{\"errorMessage\":\"2024-03-21T13:58:46.040Z ffaac59e-1b9c-44e9-af2b-4879543302da Task timed out after 1.03 seconds\"}",
  "lambdaLog": "{\"errorMessage\":\"2024-03-21T13:58:46.040Z ffaac59e-1b9c-44e9-af2b-4879543302da Task timed out after 1.03 seconds\"}",
  "timestamp": 15900
}
{
  "sandboxLog": "{\"errorMessage\":\"2024-03-21T13:58:47.112Z 0ac295e7-9480-4e78-abf4-f62886dd43c5 Task timed out after 1.06 seconds\"}",
  "lambdaLog": "{\"errorMessage\":\"2024-03-21T13:58:47.112Z 0ac295e7-9480-4e78-abf4-f62886dd43c5 Task timed out after 1.06 seconds\"}",
  "timestamp": 16000
}
{
  "sandboxLog": "{\"errorMessage\":\"2024-03-21T13:58:48.142Z 5af36066-e557-4ca6-a3ad-deee39eab618 Task timed out after 1.02 seconds\"}",
  "lambdaLog": "{\"errorMessage\":\"2024-03-21T13:58:48.142Z 5af36066-e557-4ca6-a3ad-deee39eab618 Task timed out after 1.02 seconds\"}",
  "timestamp": 16100
}
{
  "sandboxLog": "{\"errorMessage\":\"2024-03-21T13:58:49.232Z 4307da6f-e2bf-4353-b916-84c35a4a65b1 Task timed out after 1.08 seconds\"}",
  "lambdaLog": "{\"errorMessage\":\"2024-03-21T13:58:49.232Z 4307da6f-e2bf-4353-b916-84c35a4a65b1 Task timed out after 1.08 seconds\"}",
  "timestamp": 16200
}
{
  "sandboxLog": "{\"errorMessage\":\"2024-03-21T13:58:50.299Z c34d92ba-0ac4-46b1-bf65-ff7db7a9d4fd Task timed out after 1.06 seconds\"}",
  "lambdaLog": "{\"errorMessage\":\"2024-03-21T13:58:50.299Z c34d92ba-0ac4-46b1-bf65-ff7db7a9d4fd Task timed out after 1.06 seconds\"}",
  "timestamp": 16300
}
{
  "sandboxLog": "{\"errorMessage\":\"2024-03-21T13:58:51.352Z db334d3d-0ccd-4380-9b04-017f0a182600 Task timed out after 1.04 seconds\"}",
  "lambdaLog": "{\"errorMessage\":\"2024-03-21T13:58:51.352Z db334d3d-0ccd-4380-9b04-017f0a182600 Task timed out after 1.04 seconds\"}",
  "timestamp": 16400
}
{
  "sandboxLog": "{\"errorMessage\":\"2024-03-21T13:58:52.401Z 737c201f-0cd2-460f-898f-a97a9723ae62 Task timed out after 1.04 seconds\"}",
  "lambdaLog": "{\"errorMessage\":\"2024-03-21T13:58:52.401Z 737c201f-0cd2-460f-898f-a97a9723ae62 Task timed out after 1.04 seconds\"}",
  "timestamp": 16500
}
{
  "sandboxLog": "{\"errorMessage\":\"2024-03-21T13:58:53.472Z 0ef2e855-b2b8-42f9-be56-641142785869 Task timed out after 1.06 seconds\"}",
  "lambdaLog": "{\"errorMessage\":\"2024-03-21T13:58:53.472Z 0ef2e855-b2b8-42f9-be56-641142785869 Task timed out after 1.06 seconds\"}",
  "timestamp": 16600
}
{
  "sandboxLog": "{\"errorMessage\":\"2024-03-21T13:58:54.539Z 35d15002-501c-4673-9160-8d3a82c13113 Task timed out after 1.05 seconds\"}",
  "lambdaLog": "{\"errorMessage\":\"2024-03-21T13:58:54.539Z 35d15002-501c-4673-9160-8d3a82c13113 Task timed out after 1.05 seconds\"}",
  "timestamp": 16700
}
{
  "sandboxLog": "{\"errorMessage\":\"2024-03-21T13:58:55.632Z 8ddf1171-929c-4b43-85eb-aed30bc1cc46 Task timed out after 1.08 seconds\"}",
  "lambdaLog": "{\"errorMessage\":\"2024-03-21T13:58:55.632Z 8ddf1171-929c-4b43-85eb-aed30bc1cc46 Task timed out after 1.08 seconds\"}",
  "timestamp": 16800
}
{
  "sandboxLog": "{\"errorMessage\":\"2024-03-21T13:58:56.720Z 5c17f0d8-e3fa-4369-8475-605c0a4becd7 Task timed out after 1.07 seconds\"}",
  "lambdaLog": "{\"errorMessage\":\"2024-03-21T13:58:56.720Z 5c17f0d8-e3fa-4369-8475-605c0a4becd7 Task timed out after 1.07 seconds\"}",
  "timestamp": 16900
}
{
  "sandboxLog": "{\"errorMessage\":\"2024-03-21T13:58:57.794Z 20fb84d4-7ead-4163-9fb8-bb44aa2c2c18 Task timed out after 1.06 seconds\"}",
  "lambdaLog": "{\"errorMessage\":\"2024-03-21T13:58:57.794Z 20fb84d4-7ead-4163-9fb8-bb44aa2c2c18 Task timed out after 1.06 seconds\"}",
  "timestamp": 17000
}
{
  "sandboxLog": "{\"errorMessage\":\"2024-03-21T13:58:58.900Z d44702bd-e97a-40b0-9a6b-1f6cdd42287f Task timed out after 1.09 seconds\"}",
  "lambdaLog": "{\"errorMessage\":\"2024-03-21T13:58:58.900Z d44702bd-e97a-40b0-9a6b-1f6cdd42287f Task timed out after 1.09 seconds\"}",
  "timestamp": 17100
}
{
  "sandboxLog": "{\"errorMessage\":\"2024-03-21T13:58:59.952Z df024e24-1f7d-43fd-b61f-2f7430bf4a91 Task timed out after 1.04 seconds\"}",
  "lambdaLog": "{\"errorMessage\":\"2024-03-21T13:58:59.952Z df024e24-1f7d-43fd-b61f-2f7430bf4a91 Task timed out after 1.04 seconds\"}",
  "timestamp": 17200
}
{
  "sandboxLog": "{\"errorMessage\":\"2024-03-21T13:59:01.000Z c72de6c4-6a5c-446a-806c-da3a2e2c23c2 Task timed out after 1.04 seconds\"}",
  "lambdaLog": "{\"errorMessage\":\"2024-03-21T13:59:01.000Z c72de6c4-6a5c-446a-806c-da3a2e2c23c2 Task timed out after 1.04 seconds\"}",
  "timestamp": 17300
}
{
  "sandboxLog": "{\"errorMessage\":\"2024-03-21T13:59:02.072Z bb9c0ca6-84f2-45ef-b954-eb8f60c9bcc9 Task timed out after 1.06 seconds\"}",
  "lambdaLog": "{\"errorMessage\":\"2024-03-21T13:59:02.072Z bb9c0ca6-84f2-45ef-b954-eb8f60c9bcc9 Task timed out after 1.06 seconds\"}",
  "timestamp": 17400
}
{
  "sandboxLog": "{\"errorMessage\":\"2024-03-21T13:59:03.259Z 6a0254f4-1b94-472e-993a-6c5c9fb394ef Task timed out after 1.18 seconds\"}",
  "lambdaLog": "{\"errorMessage\":\"2024-03-21T13:59:03.259Z 6a0254f4-1b94-472e-993a-6c5c9fb394ef Task timed out after 1.18 seconds\"}",
  "timestamp": 17500
}
{
  "sandboxLog": "{\"errorMessage\":\"2024-03-21T13:59:04.312Z eaedb0e3-ec57-451b-9d90-e3836fe249af Task timed out after 1.04 seconds\"}",
  "lambdaLog": "{\"errorMessage\":\"2024-03-21T13:59:04.312Z eaedb0e3-ec57-451b-9d90-e3836fe249af Task timed out after 1.04 seconds\"}",
  "timestamp": 17600
}
{
  "sandboxLog": "{\"errorMessage\":\"2024-03-21T13:59:05.360Z c3484172-ed31-4541-823c-4bcf76c1ae95 Task timed out after 1.04 seconds\"}",
  "lambdaLog": "{\"errorMessage\":\"2024-03-21T13:59:05.360Z c3484172-ed31-4541-823c-4bcf76c1ae95 Task timed out after 1.04 seconds\"}",
  "timestamp": 17700
}
{
  "sandboxLog": "{\"errorMessage\":\"2024-03-21T13:59:06.493Z c95448d2-44be-418e-b536-85afa3c5ac18 Task timed out after 1.12 seconds\"}",
  "lambdaLog": "{\"errorMessage\":\"2024-03-21T13:59:06.493Z c95448d2-44be-418e-b536-85afa3c5ac18 Task timed out after 1.12 seconds\"}",
  "timestamp": 17800
}
{
  "sandboxLog": "{\"errorMessage\":\"2024-03-21T13:59:07.600Z b4db2038-2dd5-4b92-8ef5-deaaee00001e Task timed out after 1.10 seconds\"}",
  "lambdaLog": "{\"errorMessage\":\"2024-03-21T13:59:07.600Z b4db2038-2dd5-4b92-8ef5-deaaee00001e Task timed out after 1.10 seconds\"}",
  "timestamp": 17900
}
{
  "sandboxLog": "{\"errorMessage\":\"2024-03-21T13:59:08.633Z 0edb45dc-87dc-4df8-8442-18f98db98c91 Task timed out after 1.02 seconds\"}",
  "lambdaLog": "{\"errorMessage\":\"2024-03-21T13:59:08.633Z 0edb45dc-87dc-4df8-8442-18f98db98c91 Task timed out after 1.02 seconds\"}",
  "timestamp": 18000
}
{
  "sandboxLog": "{\"errorMessage\":\"2024-03-21T13:59:09.740Z 3f77c035-f1c0-4c47-9bd9-30b625d47d56 Task timed out after 1.10 seconds\"}",
  "lambdaLog": "{\"errorMessage\":\"2024-03-21T13:59:09.740Z 3f77c035-f1c0-4c47-9bd9-30b625d47d56 Task timed out after 1.10 seconds\"}",
  "timestamp": 18100
}
{
  "sandboxLog": "{\"errorMessage\":\"2024-03-21T13:59:10.794Z 2296b542-8054-476e-b3ee-2ae875b8109c Task timed out after 1.03 seconds\"}",
  "lambdaLog": "{\"errorMessage\":\"2024-03-21T13:59:10.794Z 2296b542-8054-476e-b3ee-2ae875b8109c Task timed out after 1.03 seconds\"}",
  "timestamp": 18200
}
{
  "sandboxLog": "{\"errorMessage\":\"2024-03-21T13:59:11.839Z f5fceb06-c61d-430b-b1ff-cc519ece4810 Task timed out after 1.03 seconds\"}",
  "lambdaLog": "{\"errorMessage\":\"2024-03-21T13:59:11.839Z f5fceb06-c61d-430b-b1ff-cc519ece4810 Task timed out after 1.03 seconds\"}",
  "timestamp": 18300
}
{
  "sandboxLog": "{\"errorMessage\":\"2024-03-21T13:59:12.892Z f3a7b1cf-01e7-42ef-a0a2-b097abcee31a Task timed out after 1.04 seconds\"}",
  "lambdaLog": "{\"errorMessage\":\"2024-03-21T13:59:12.892Z f3a7b1cf-01e7-42ef-a0a2-b097abcee31a Task timed out after 1.04 seconds\"}",
  "timestamp": 18400
}
{
  "sandboxLog": "{\"errorMessage\":\"2024-03-21T13:59:13.940Z 85eb519d-3d05-4d2e-bf03-c48e96682d9f Task timed out after 1.04 seconds\"}",
  "lambdaLog": "{\"errorMessage\":\"2024-03-21T13:59:13.940Z 85eb519d-3d05-4d2e-bf03-c48e96682d9f Task timed out after 1.04 seconds\"}",
  "timestamp": 18500
}
{
  "sandboxLog": "{\"errorMessage\":\"2024-03-21T13:59:14.994Z ccad8f33-0ac1-4084-96da-669e1b9b5f7f Task timed out after 1.04 seconds\"}",
  "lambdaLog": "{\"errorMessage\":\"2024-03-21T13:59:14.994Z ccad8f33-0ac1-4084-96da-669e1b9b5f7f Task timed out after 1.04 seconds\"}",
  "timestamp": 18600
}
{
  "sandboxLog": "{\"errorMessage\":\"2024-03-21T13:59:16.100Z ec2afd2e-011e-43df-b5e9-69912078c944 Task timed out after 1.09 seconds\"}",
  "lambdaLog": "{\"errorMessage\":\"2024-03-21T13:59:16.100Z ec2afd2e-011e-43df-b5e9-69912078c944 Task timed out after 1.09 seconds\"}",
  "timestamp": 18700
}
{
  "sandboxLog": "{\"errorMessage\":\"2024-03-21T13:59:17.172Z 9c6469f5-4e4b-462c-83f6-bb05e1582a2a Task timed out after 1.06 seconds\"}",
  "lambdaLog": "{\"errorMessage\":\"2024-03-21T13:59:17.172Z 9c6469f5-4e4b-462c-83f6-bb05e1582a2a Task timed out after 1.06 seconds\"}",
  "timestamp": 18800
}
{
  "sandboxLog": "{\"errorMessage\":\"2024-03-21T13:59:18.220Z ea64a963-dee9-449d-81a7-d304473ed68d Task timed out after 1.04 seconds\"}",
  "lambdaLog": "{\"errorMessage\":\"2024-03-21T13:59:18.220Z ea64a963-dee9-449d-81a7-d304473ed68d Task timed out after 1.04 seconds\"}",
  "timestamp": 18900
}
{
  "sandboxLog": "{\"errorMessage\":\"2024-03-21T13:59:19.273Z 88e3f723-f045-4703-b8ed-95a15ca7c570 Task timed out after 1.04 seconds\"}",
  "lambdaLog": "{\"errorMessage\":\"2024-03-21T13:59:19.273Z 88e3f723-f045-4703-b8ed-95a15ca7c570 Task timed out after 1.04 seconds\"}",
  "timestamp": 19000
}
{
  "sandboxLog": "{\"errorMessage\":\"2024-03-21T13:59:20.319Z 46857c26-49a6-43d7-ad06-7e5315a904c8 Task timed out after 1.03 seconds\"}",
  "lambdaLog": "{\"errorMessage\":\"2024-03-21T13:59:20.319Z 46857c26-49a6-43d7-ad06-7e5315a904c8 Task timed out after 1.03 seconds\"}",
  "timestamp": 19100
}
{
  "sandboxLog": "{\"errorMessage\":\"2024-03-21T13:59:21.334Z 000e2ccf-3f95-4166-a15c-95d6e6846a9d Task timed out after 1.00 seconds\"}",
  "lambdaLog": "{\"errorMessage\":\"2024-03-21T13:59:21.334Z 000e2ccf-3f95-4166-a15c-95d6e6846a9d Task timed out after 1.00 seconds\"}",
  "timestamp": 19200
}
{
  "sandboxLog": "{\"errorMessage\":\"2024-03-21T13:59:22.399Z 51b2e3cf-bc0c-45a8-aff8-5a513f292275 Task timed out after 1.05 seconds\"}",
  "lambdaLog": "{\"errorMessage\":\"2024-03-21T13:59:22.399Z 51b2e3cf-bc0c-45a8-aff8-5a513f292275 Task timed out after 1.05 seconds\"}",
  "timestamp": 19300
}
{
  "sandboxLog": "{\"errorMessage\":\"2024-03-21T13:59:23.454Z 0134096f-2fb0-40a3-803a-9b29cdfa200e Task timed out after 1.04 seconds\"}",
  "lambdaLog": "{\"errorMessage\":\"2024-03-21T13:59:23.454Z 0134096f-2fb0-40a3-803a-9b29cdfa200e Task timed out after 1.04 seconds\"}",
  "timestamp": 19400
}
{
  "sandboxLog": "{\"errorMessage\":\"2024-03-21T13:59:24.680Z 489d9944-e428-4e66-9d7f-f00a364e1b3d Task timed out after 1.22 seconds\"}",
  "lambdaLog": "{\"errorMessage\":\"2024-03-21T13:59:24.680Z 489d9944-e428-4e66-9d7f-f00a364e1b3d Task timed out after 1.22 seconds\"}",
  "timestamp": 19500
}
{
  "sandboxLog": "{\"errorMessage\":\"2024-03-21T13:59:25.772Z 302ad3a7-afe5-4a78-adcc-7302e277f69b Task timed out after 1.08 seconds\"}",
  "lambdaLog": "{\"errorMessage\":\"2024-03-21T13:59:25.772Z 302ad3a7-afe5-4a78-adcc-7302e277f69b Task timed out after 1.08 seconds\"}",
  "timestamp": 19600
}
{
  "sandboxLog": "{\"errorMessage\":\"2024-03-21T13:59:26.839Z 68b09cc3-889a-4512-a611-68e1a7886efd Task timed out after 1.06 seconds\"}",
  "lambdaLog": "{\"errorMessage\":\"2024-03-21T13:59:26.839Z 68b09cc3-889a-4512-a611-68e1a7886efd Task timed out after 1.06 seconds\"}",
  "timestamp": 19700
}
{
  "sandboxLog": "{\"errorMessage\":\"2024-03-21T13:59:27.874Z 0d0435cf-873b-456a-bc5e-169229ecb17a Task timed out after 1.02 seconds\"}",
  "lambdaLog": "{\"errorMessage\":\"2024-03-21T13:59:27.874Z 0d0435cf-873b-456a-bc5e-169229ecb17a Task timed out after 1.02 seconds\"}",
  "timestamp": 19800
}
{
  "sandboxLog": "{\"errorMessage\":\"2024-03-21T13:59:28.919Z 075c6023-735a-4e7c-9dc2-8403ccd5964d Task timed out after 1.04 seconds\"}",
  "lambdaLog": "{\"errorMessage\":\"2024-03-21T13:59:28.919Z 075c6023-735a-4e7c-9dc2-8403ccd5964d Task timed out after 1.04 seconds\"}",
  "timestamp": 19900
}
{
  "sandboxLog": "{\"errorMessage\":\"2024-03-21T13:59:29.993Z 8dd02c8c-f7d8-462f-9ffc-7fe530c16e41 Task timed out after 1.06 seconds\"}",
  "lambdaLog": "{\"errorMessage\":\"2024-03-21T13:59:29.993Z 8dd02c8c-f7d8-462f-9ffc-7fe530c16e41 Task timed out after 1.06 seconds\"}",
  "timestamp": 20000
}



Activities log:
day;timestamp;product;bid_price_1;bid_volume_1;bid_price_2;bid_volume_2;bid_price_3;bid_volume_3;ask_price_1;ask_volume_1;ask_price_2;ask_volume_2;ask_price_3;ask_volume_3;mid_price;profit_and_loss




Trade History:
null