Sandbox logs:
{
  "sandboxLog": "{\"errorMessage\": \"'CHOCOLATE'\", \"errorType\": \"KeyError\", \"requestId\": \"6abf5865-9ef7-4791-98b1-db3b6bc0feef\", \"stackTrace\": [\"  File \\\"/var/task/app.py\\\", line 31, in lambda_handler\\n    orders, conversion, traderData = trader.run(trading_state)\\n\", \"  File \\\"/var/task/trader.py\\\", line 309, in run\\n    if len(traderData[\\\"degs\\\"][product]) >= 4 and product in [\\\"STRAWBERRIES\\\", \\\"ROSES\\\", \\\"CHOCOLATE\\\", \\\"GIFT_BASKET\\\"]:\\n\"]}",
  "lambdaLog": "{\"errorMessage\": \"'CHOCOLATE'\", \"errorType\": \"KeyError\", \"requestId\": \"6abf5865-9ef7-4791-98b1-db3b6bc0feef\", \"stackTrace\": [\"  File \\\"/var/task/app.py\\\", line 31, in lambda_handler\\n    orders, conversion, traderData = trader.run(trading_state)\\n\", \"  File \\\"/var/task/trader.py\\\", line 309, in run\\n    if len(traderData[\\\"degs\\\"][product]) >= 4 and product in [\\\"STRAWBERRIES\\\", \\\"ROSES\\\", \\\"CHOCOLATE\\\", \\\"GIFT_BASKET\\\"]:\\n\"]}",
  "timestamp": 0
}
{
  "sandboxLog": "{\"errorMessage\": \"string indices must be integers, not 'str'\", \"errorType\": \"TypeError\", \"requestId\": \"52d26c8d-74a7-4637-8037-f0d551cfd0e8\", \"stackTrace\": [\"  File \\\"/var/task/app.py\\\", line 31, in lambda_handler\\n    orders, conversion, traderData = trader.run(trading_state)\\n\", \"  File \\\"/var/task/trader.py\\\", line 88, in run\\n    last_bid = traderData['history_prices_dict'][product][-1][0]\\n\"]}",
  "lambdaLog": "{\"errorMessage\": \"string indices must be integers, not 'str'\", \"errorType\": \"TypeError\", \"requestId\": \"52d26c8d-74a7-4637-8037-f0d551cfd0e8\", \"stackTrace\": [\"  File \\\"/var/task/app.py\\\", line 31, in lambda_handler\\n    orders, conversion, traderData = trader.run(trading_state)\\n\", \"  File \\\"/var/task/trader.py\\\", line 88, in run\\n    last_bid = traderData['history_prices_dict'][product][-1][0]\\n\"]}",
  "timestamp": 100
}
{
  "sandboxLog": "{\"errorMessage\": \"string indices must be integers, not 'str'\", \"errorType\": \"TypeError\", \"requestId\": \"4135ee7c-1810-467f-86ce-1ec87da13b75\", \"stackTrace\": [\"  File \\\"/var/task/app.py\\\", line 31, in lambda_handler\\n    orders, conversion, traderData = trader.run(trading_state)\\n\", \"  File \\\"/var/task/trader.py\\\", line 88, in run\\n    last_bid = traderData['history_prices_dict'][product][-1][0]\\n\"]}",
  "lambdaLog": "{\"errorMessage\": \"string indices must be integers, not 'str'\", \"errorType\": \"TypeError\", \"requestId\": \"4135ee7c-1810-467f-86ce-1ec87da13b75\", \"stackTrace\": [\"  File \\\"/var/task/app.py\\\", line 31, in lambda_handler\\n    orders, conversion, traderData = trader.run(trading_state)\\n\", \"  File \\\"/var/task/trader.py\\\", line 88, in run\\n    last_bid = traderData['history_prices_dict'][product][-1][0]\\n\"]}",
  "timestamp": 200
}
{
  "sandboxLog": "{\"errorMessage\": \"string indices must be integers, not 'str'\", \"errorType\": \"TypeError\", \"requestId\": \"db9a4afa-39a0-4497-bb93-999a534a93df\", \"stackTrace\": [\"  File \\\"/var/task/app.py\\\", line 31, in lambda_handler\\n    orders, conversion, traderData = trader.run(trading_state)\\n\", \"  File \\\"/var/task/trader.py\\\", line 88, in run\\n    last_bid = traderData['history_prices_dict'][product][-1][0]\\n\"]}",
  "lambdaLog": "{\"errorMessage\": \"string indices must be integers, not 'str'\", \"errorType\": \"TypeError\", \"requestId\": \"db9a4afa-39a0-4497-bb93-999a534a93df\", \"stackTrace\": [\"  File \\\"/var/task/app.py\\\", line 31, in lambda_handler\\n    orders, conversion, traderData = trader.run(trading_state)\\n\", \"  File \\\"/var/task/trader.py\\\", line 88, in run\\n    last_bid = traderData['history_prices_dict'][product][-1][0]\\n\"]}",
  "timestamp": 300
}
{
  "sandboxLog": "{\"errorMessage\": \"string indices must be integers, not 'str'\", \"errorType\": \"TypeError\", \"requestId\": \"6a499ba3-2f95-42ef-9a9c-b66469dd0214\", \"stackTrace\": [\"  File \\\"/var/task/app.py\\\", line 31, in lambda_handler\\n    orders, conversion, traderData = trader.run(trading_state)\\n\", \"  File \\\"/var/task/trader.py\\\", line 88, in run\\n    last_bid = traderData['history_prices_dict'][product][-1][0]\\n\"]}",
  "lambdaLog": "{\"errorMessage\": \"string indices must be integers, not 'str'\", \"errorType\": \"TypeError\", \"requestId\": \"6a499ba3-2f95-42ef-9a9c-b66469dd0214\", \"stackTrace\": [\"  File \\\"/var/task/app.py\\\", line 31, in lambda_handler\\n    orders, conversion, traderData = trader.run(trading_state)\\n\", \"  File \\\"/var/task/trader.py\\\", line 88, in run\\n    last_bid = traderData['history_prices_dict'][product][-1][0]\\n\"]}",
  "timestamp": 400
}
{
  "sandboxLog": "{\"errorMessage\": \"string indices must be integers, not 'str'\", \"errorType\": \"TypeError\", \"requestId\": \"39d2eea8-e660-468a-a370-641796522263\", \"stackTrace\": [\"  File \\\"/var/task/app.py\\\", line 31, in lambda_handler\\n    orders, conversion, traderData = trader.run(trading_state)\\n\", \"  File \\\"/var/task/trader.py\\\", line 88, in run\\n    last_bid = traderData['history_prices_dict'][product][-1][0]\\n\"]}",
  "lambdaLog": "{\"errorMessage\": \"string indices must be integers, not 'str'\", \"errorType\": \"TypeError\", \"requestId\": \"39d2eea8-e660-468a-a370-641796522263\", \"stackTrace\": [\"  File \\\"/var/task/app.py\\\", line 31, in lambda_handler\\n    orders, conversion, traderData = trader.run(trading_state)\\n\", \"  File \\\"/var/task/trader.py\\\", line 88, in run\\n    last_bid = traderData['history_prices_dict'][product][-1][0]\\n\"]}",
  "timestamp": 500
}
{
  "sandboxLog": "{\"errorMessage\": \"string indices must be integers, not 'str'\", \"errorType\": \"TypeError\", \"requestId\": \"e0fa38e7-c5c1-4c31-963f-5ac61510372d\", \"stackTrace\": [\"  File \\\"/var/task/app.py\\\", line 31, in lambda_handler\\n    orders, conversion, traderData = trader.run(trading_state)\\n\", \"  File \\\"/var/task/trader.py\\\", line 88, in run\\n    last_bid = traderData['history_prices_dict'][product][-1][0]\\n\"]}",
  "lambdaLog": "{\"errorMessage\": \"string indices must be integers, not 'str'\", \"errorType\": \"TypeError\", \"requestId\": \"e0fa38e7-c5c1-4c31-963f-5ac61510372d\", \"stackTrace\": [\"  File \\\"/var/task/app.py\\\", line 31, in lambda_handler\\n    orders, conversion, traderData = trader.run(trading_state)\\n\", \"  File \\\"/var/task/trader.py\\\", line 88, in run\\n    last_bid = traderData['history_prices_dict'][product][-1][0]\\n\"]}",
  "timestamp": 600
}
{
  "sandboxLog": "{\"errorMessage\": \"string indices must be integers, not 'str'\", \"errorType\": \"TypeError\", \"requestId\": \"89ed3a18-2320-442c-b2f5-afa331e3537a\", \"stackTrace\": [\"  File \\\"/var/task/app.py\\\", line 31, in lambda_handler\\n    orders, conversion, traderData = trader.run(trading_state)\\n\", \"  File \\\"/var/task/trader.py\\\", line 88, in run\\n    last_bid = traderData['history_prices_dict'][product][-1][0]\\n\"]}",
  "lambdaLog": "{\"errorMessage\": \"string indices must be integers, not 'str'\", \"errorType\": \"TypeError\", \"requestId\": \"89ed3a18-2320-442c-b2f5-afa331e3537a\", \"stackTrace\": [\"  File \\\"/var/task/app.py\\\", line 31, in lambda_handler\\n    orders, conversion, traderData = trader.run(trading_state)\\n\", \"  File \\\"/var/task/trader.py\\\", line 88, in run\\n    last_bid = traderData['history_prices_dict'][product][-1][0]\\n\"]}",
  "timestamp": 700
}
{
  "sandboxLog": "{\"errorMessage\": \"string indices must be integers, not 'str'\", \"errorType\": \"TypeError\", \"requestId\": \"f1bd7bc0-1dda-4d42-9772-f64a2183f3ef\", \"stackTrace\": [\"  File \\\"/var/task/app.py\\\", line 31, in lambda_handler\\n    orders, conversion, traderData = trader.run(trading_state)\\n\", \"  File \\\"/var/task/trader.py\\\", line 88, in run\\n    last_bid = traderData['history_prices_dict'][product][-1][0]\\n\"]}",
  "lambdaLog": "{\"errorMessage\": \"string indices must be integers, not 'str'\", \"errorType\": \"TypeError\", \"requestId\": \"f1bd7bc0-1dda-4d42-9772-f64a2183f3ef\", \"stackTrace\": [\"  File \\\"/var/task/app.py\\\", line 31, in lambda_handler\\n    orders, conversion, traderData = trader.run(trading_state)\\n\", \"  File \\\"/var/task/trader.py\\\", line 88, in run\\n    last_bid = traderData['history_prices_dict'][product][-1][0]\\n\"]}",
  "timestamp": 800
}
{
  "sandboxLog": "{\"errorMessage\": \"string indices must be integers, not 'str'\", \"errorType\": \"TypeError\", \"requestId\": \"4df61219-4e63-4896-8287-57a3be514f00\", \"stackTrace\": [\"  File \\\"/var/task/app.py\\\", line 31, in lambda_handler\\n    orders, conversion, traderData = trader.run(trading_state)\\n\", \"  File \\\"/var/task/trader.py\\\", line 88, in run\\n    last_bid = traderData['history_prices_dict'][product][-1][0]\\n\"]}",
  "lambdaLog": "{\"errorMessage\": \"string indices must be integers, not 'str'\", \"errorType\": \"TypeError\", \"requestId\": \"4df61219-4e63-4896-8287-57a3be514f00\", \"stackTrace\": [\"  File \\\"/var/task/app.py\\\", line 31, in lambda_handler\\n    orders, conversion, traderData = trader.run(trading_state)\\n\", \"  File \\\"/var/task/trader.py\\\", line 88, in run\\n    last_bid = traderData['history_prices_dict'][product][-1][0]\\n\"]}",
  "timestamp": 900
}
{
  "sandboxLog": "{\"errorMessage\": \"string indices must be integers, not 'str'\", \"errorType\": \"TypeError\", \"requestId\": \"43e743c2-21a0-42d0-a6a5-240917897d7f\", \"stackTrace\": [\"  File \\\"/var/task/app.py\\\", line 31, in lambda_handler\\n    orders, conversion, traderData = trader.run(trading_state)\\n\", \"  File \\\"/var/task/trader.py\\\", line 88, in run\\n    last_bid = traderData['history_prices_dict'][product][-1][0]\\n\"]}",
  "lambdaLog": "{\"errorMessage\": \"string indices must be integers, not 'str'\", \"errorType\": \"TypeError\", \"requestId\": \"43e743c2-21a0-42d0-a6a5-240917897d7f\", \"stackTrace\": [\"  File \\\"/var/task/app.py\\\", line 31, in lambda_handler\\n    orders, conversion, traderData = trader.run(trading_state)\\n\", \"  File \\\"/var/task/trader.py\\\", line 88, in run\\n    last_bid = traderData['history_prices_dict'][product][-1][0]\\n\"]}",
  "timestamp": 1000
}
{
  "sandboxLog": "{\"errorMessage\": \"string indices must be integers, not 'str'\", \"errorType\": \"TypeError\", \"requestId\": \"270ee530-a16a-4d50-94c3-f455d6d2423f\", \"stackTrace\": [\"  File \\\"/var/task/app.py\\\", line 31, in lambda_handler\\n    orders, conversion, traderData = trader.run(trading_state)\\n\", \"  File \\\"/var/task/trader.py\\\", line 88, in run\\n    last_bid = traderData['history_prices_dict'][product][-1][0]\\n\"]}",
  "lambdaLog": "{\"errorMessage\": \"string indices must be integers, not 'str'\", \"errorType\": \"TypeError\", \"requestId\": \"270ee530-a16a-4d50-94c3-f455d6d2423f\", \"stackTrace\": [\"  File \\\"/var/task/app.py\\\", line 31, in lambda_handler\\n    orders, conversion, traderData = trader.run(trading_state)\\n\", \"  File \\\"/var/task/trader.py\\\", line 88, in run\\n    last_bid = traderData['history_prices_dict'][product][-1][0]\\n\"]}",
  "timestamp": 1100
}
{
  "sandboxLog": "{\"errorMessage\": \"string indices must be integers, not 'str'\", \"errorType\": \"TypeError\", \"requestId\": \"7a99c3de-deb1-4512-892a-180acc26873a\", \"stackTrace\": [\"  File \\\"/var/task/app.py\\\", line 31, in lambda_handler\\n    orders, conversion, traderData = trader.run(trading_state)\\n\", \"  File \\\"/var/task/trader.py\\\", line 88, in run\\n    last_bid = traderData['history_prices_dict'][product][-1][0]\\n\"]}",
  "lambdaLog": "{\"errorMessage\": \"string indices must be integers, not 'str'\", \"errorType\": \"TypeError\", \"requestId\": \"7a99c3de-deb1-4512-892a-180acc26873a\", \"stackTrace\": [\"  File \\\"/var/task/app.py\\\", line 31, in lambda_handler\\n    orders, conversion, traderData = trader.run(trading_state)\\n\", \"  File \\\"/var/task/trader.py\\\", line 88, in run\\n    last_bid = traderData['history_prices_dict'][product][-1][0]\\n\"]}",
  "timestamp": 1200
}
{
  "sandboxLog": "{\"errorMessage\": \"string indices must be integers, not 'str'\", \"errorType\": \"TypeError\", \"requestId\": \"f5d958ce-fc46-426d-b753-ed52aa681184\", \"stackTrace\": [\"  File \\\"/var/task/app.py\\\", line 31, in lambda_handler\\n    orders, conversion, traderData = trader.run(trading_state)\\n\", \"  File \\\"/var/task/trader.py\\\", line 88, in run\\n    last_bid = traderData['history_prices_dict'][product][-1][0]\\n\"]}",
  "lambdaLog": "{\"errorMessage\": \"string indices must be integers, not 'str'\", \"errorType\": \"TypeError\", \"requestId\": \"f5d958ce-fc46-426d-b753-ed52aa681184\", \"stackTrace\": [\"  File \\\"/var/task/app.py\\\", line 31, in lambda_handler\\n    orders, conversion, traderData = trader.run(trading_state)\\n\", \"  File \\\"/var/task/trader.py\\\", line 88, in run\\n    last_bid = traderData['history_prices_dict'][product][-1][0]\\n\"]}",
  "timestamp": 1300
}
{
  "sandboxLog": "{\"errorMessage\": \"string indices must be integers, not 'str'\", \"errorType\": \"TypeError\", \"requestId\": \"db4699b5-6848-428e-a851-f387fb531e20\", \"stackTrace\": [\"  File \\\"/var/task/app.py\\\", line 31, in lambda_handler\\n    orders, conversion, traderData = trader.run(trading_state)\\n\", \"  File \\\"/var/task/trader.py\\\", line 88, in run\\n    last_bid = traderData['history_prices_dict'][product][-1][0]\\n\"]}",
  "lambdaLog": "{\"errorMessage\": \"string indices must be integers, not 'str'\", \"errorType\": \"TypeError\", \"requestId\": \"db4699b5-6848-428e-a851-f387fb531e20\", \"stackTrace\": [\"  File \\\"/var/task/app.py\\\", line 31, in lambda_handler\\n    orders, conversion, traderData = trader.run(trading_state)\\n\", \"  File \\\"/var/task/trader.py\\\", line 88, in run\\n    last_bid = traderData['history_prices_dict'][product][-1][0]\\n\"]}",
  "timestamp": 1400
}
{
  "sandboxLog": "{\"errorMessage\": \"string indices must be integers, not 'str'\", \"errorType\": \"TypeError\", \"requestId\": \"6af50be6-9c41-4944-98d0-31b51096949e\", \"stackTrace\": [\"  File \\\"/var/task/app.py\\\", line 31, in lambda_handler\\n    orders, conversion, traderData = trader.run(trading_state)\\n\", \"  File \\\"/var/task/trader.py\\\", line 88, in run\\n    last_bid = traderData['history_prices_dict'][product][-1][0]\\n\"]}",
  "lambdaLog": "{\"errorMessage\": \"string indices must be integers, not 'str'\", \"errorType\": \"TypeError\", \"requestId\": \"6af50be6-9c41-4944-98d0-31b51096949e\", \"stackTrace\": [\"  File \\\"/var/task/app.py\\\", line 31, in lambda_handler\\n    orders, conversion, traderData = trader.run(trading_state)\\n\", \"  File \\\"/var/task/trader.py\\\", line 88, in run\\n    last_bid = traderData['history_prices_dict'][product][-1][0]\\n\"]}",
  "timestamp": 1500
}
{
  "sandboxLog": "{\"errorMessage\": \"string indices must be integers, not 'str'\", \"errorType\": \"TypeError\", \"requestId\": \"529d3090-0614-47d2-b3cf-cadd3765f12f\", \"stackTrace\": [\"  File \\\"/var/task/app.py\\\", line 31, in lambda_handler\\n    orders, conversion, traderData = trader.run(trading_state)\\n\", \"  File \\\"/var/task/trader.py\\\", line 88, in run\\n    last_bid = traderData['history_prices_dict'][product][-1][0]\\n\"]}",
  "lambdaLog": "{\"errorMessage\": \"string indices must be integers, not 'str'\", \"errorType\": \"TypeError\", \"requestId\": \"529d3090-0614-47d2-b3cf-cadd3765f12f\", \"stackTrace\": [\"  File \\\"/var/task/app.py\\\", line 31, in lambda_handler\\n    orders, conversion, traderData = trader.run(trading_state)\\n\", \"  File \\\"/var/task/trader.py\\\", line 88, in run\\n    last_bid = traderData['history_prices_dict'][product][-1][0]\\n\"]}",
  "timestamp": 1600
}
{
  "sandboxLog": "{\"errorMessage\": \"string indices must be integers, not 'str'\", \"errorType\": \"TypeError\", \"requestId\": \"a2a4ca8d-2be1-4ef5-b406-004dcd3f006e\", \"stackTrace\": [\"  File \\\"/var/task/app.py\\\", line 31, in lambda_handler\\n    orders, conversion, traderData = trader.run(trading_state)\\n\", \"  File \\\"/var/task/trader.py\\\", line 88, in run\\n    last_bid = traderData['history_prices_dict'][product][-1][0]\\n\"]}",
  "lambdaLog": "{\"errorMessage\": \"string indices must be integers, not 'str'\", \"errorType\": \"TypeError\", \"requestId\": \"a2a4ca8d-2be1-4ef5-b406-004dcd3f006e\", \"stackTrace\": [\"  File \\\"/var/task/app.py\\\", line 31, in lambda_handler\\n    orders, conversion, traderData = trader.run(trading_state)\\n\", \"  File \\\"/var/task/trader.py\\\", line 88, in run\\n    last_bid = traderData['history_prices_dict'][product][-1][0]\\n\"]}",
  "timestamp": 1700
}
{
  "sandboxLog": "{\"errorMessage\": \"string indices must be integers, not 'str'\", \"errorType\": \"TypeError\", \"requestId\": \"07493b70-dac2-47fa-a2e8-7420c6acc668\", \"stackTrace\": [\"  File \\\"/var/task/app.py\\\", line 31, in lambda_handler\\n    orders, conversion, traderData = trader.run(trading_state)\\n\", \"  File \\\"/var/task/trader.py\\\", line 88, in run\\n    last_bid = traderData['history_prices_dict'][product][-1][0]\\n\"]}",
  "lambdaLog": "{\"errorMessage\": \"string indices must be integers, not 'str'\", \"errorType\": \"TypeError\", \"requestId\": \"07493b70-dac2-47fa-a2e8-7420c6acc668\", \"stackTrace\": [\"  File \\\"/var/task/app.py\\\", line 31, in lambda_handler\\n    orders, conversion, traderData = trader.run(trading_state)\\n\", \"  File \\\"/var/task/trader.py\\\", line 88, in run\\n    last_bid = traderData['history_prices_dict'][product][-1][0]\\n\"]}",
  "timestamp": 1800
}
{
  "sandboxLog": "{\"errorMessage\": \"string indices must be integers, not 'str'\", \"errorType\": \"TypeError\", \"requestId\": \"8393a732-ea3a-4767-8f50-cf5566abe6ca\", \"stackTrace\": [\"  File \\\"/var/task/app.py\\\", line 31, in lambda_handler\\n    orders, conversion, traderData = trader.run(trading_state)\\n\", \"  File \\\"/var/task/trader.py\\\", line 88, in run\\n    last_bid = traderData['history_prices_dict'][product][-1][0]\\n\"]}",
  "lambdaLog": "{\"errorMessage\": \"string indices must be integers, not 'str'\", \"errorType\": \"TypeError\", \"requestId\": \"8393a732-ea3a-4767-8f50-cf5566abe6ca\", \"stackTrace\": [\"  File \\\"/var/task/app.py\\\", line 31, in lambda_handler\\n    orders, conversion, traderData = trader.run(trading_state)\\n\", \"  File \\\"/var/task/trader.py\\\", line 88, in run\\n    last_bid = traderData['history_prices_dict'][product][-1][0]\\n\"]}",
  "timestamp": 1900
}
{
  "sandboxLog": "{\"errorMessage\": \"string indices must be integers, not 'str'\", \"errorType\": \"TypeError\", \"requestId\": \"c28503da-fa3e-4e22-93a9-ae81bcafdfe0\", \"stackTrace\": [\"  File \\\"/var/task/app.py\\\", line 31, in lambda_handler\\n    orders, conversion, traderData = trader.run(trading_state)\\n\", \"  File \\\"/var/task/trader.py\\\", line 88, in run\\n    last_bid = traderData['history_prices_dict'][product][-1][0]\\n\"]}",
  "lambdaLog": "{\"errorMessage\": \"string indices must be integers, not 'str'\", \"errorType\": \"TypeError\", \"requestId\": \"c28503da-fa3e-4e22-93a9-ae81bcafdfe0\", \"stackTrace\": [\"  File \\\"/var/task/app.py\\\", line 31, in lambda_handler\\n    orders, conversion, traderData = trader.run(trading_state)\\n\", \"  File \\\"/var/task/trader.py\\\", line 88, in run\\n    last_bid = traderData['history_prices_dict'][product][-1][0]\\n\"]}",
  "timestamp": 2000
}
{
  "sandboxLog": "{\"errorMessage\": \"string indices must be integers, not 'str'\", \"errorType\": \"TypeError\", \"requestId\": \"95b22bb3-5643-4016-a063-6dd43f38e381\", \"stackTrace\": [\"  File \\\"/var/task/app.py\\\", line 31, in lambda_handler\\n    orders, conversion, traderData = trader.run(trading_state)\\n\", \"  File \\\"/var/task/trader.py\\\", line 88, in run\\n    last_bid = traderData['history_prices_dict'][product][-1][0]\\n\"]}",
  "lambdaLog": "{\"errorMessage\": \"string indices must be integers, not 'str'\", \"errorType\": \"TypeError\", \"requestId\": \"95b22bb3-5643-4016-a063-6dd43f38e381\", \"stackTrace\": [\"  File \\\"/var/task/app.py\\\", line 31, in lambda_handler\\n    orders, conversion, traderData = trader.run(trading_state)\\n\", \"  File \\\"/var/task/trader.py\\\", line 88, in run\\n    last_bid = traderData['history_prices_dict'][product][-1][0]\\n\"]}",
  "timestamp": 2100
}
{
  "sandboxLog": "{\"errorMessage\": \"string indices must be integers, not 'str'\", \"errorType\": \"TypeError\", \"requestId\": \"46ce76e8-22eb-4b94-81c1-f0dd68504df0\", \"stackTrace\": [\"  File \\\"/var/task/app.py\\\", line 31, in lambda_handler\\n    orders, conversion, traderData = trader.run(trading_state)\\n\", \"  File \\\"/var/task/trader.py\\\", line 88, in run\\n    last_bid = traderData['history_prices_dict'][product][-1][0]\\n\"]}",
  "lambdaLog": "{\"errorMessage\": \"string indices must be integers, not 'str'\", \"errorType\": \"TypeError\", \"requestId\": \"46ce76e8-22eb-4b94-81c1-f0dd68504df0\", \"stackTrace\": [\"  File \\\"/var/task/app.py\\\", line 31, in lambda_handler\\n    orders, conversion, traderData = trader.run(trading_state)\\n\", \"  File \\\"/var/task/trader.py\\\", line 88, in run\\n    last_bid = traderData['history_prices_dict'][product][-1][0]\\n\"]}",
  "timestamp": 2200
}
{
  "sandboxLog": "{\"errorMessage\": \"string indices must be integers, not 'str'\", \"errorType\": \"TypeError\", \"requestId\": \"17165f65-800d-45b5-b52b-91d81527f31a\", \"stackTrace\": [\"  File \\\"/var/task/app.py\\\", line 31, in lambda_handler\\n    orders, conversion, traderData = trader.run(trading_state)\\n\", \"  File \\\"/var/task/trader.py\\\", line 88, in run\\n    last_bid = traderData['history_prices_dict'][product][-1][0]\\n\"]}",
  "lambdaLog": "{\"errorMessage\": \"string indices must be integers, not 'str'\", \"errorType\": \"TypeError\", \"requestId\": \"17165f65-800d-45b5-b52b-91d81527f31a\", \"stackTrace\": [\"  File \\\"/var/task/app.py\\\", line 31, in lambda_handler\\n    orders, conversion, traderData = trader.run(trading_state)\\n\", \"  File \\\"/var/task/trader.py\\\", line 88, in run\\n    last_bid = traderData['history_prices_dict'][product][-1][0]\\n\"]}",
  "timestamp": 2300
}
{
  "sandboxLog": "{\"errorMessage\": \"string indices must be integers, not 'str'\", \"errorType\": \"TypeError\", \"requestId\": \"6f91de57-3889-4af2-aa77-ff6e0f720e6f\", \"stackTrace\": [\"  File \\\"/var/task/app.py\\\", line 31, in lambda_handler\\n    orders, conversion, traderData = trader.run(trading_state)\\n\", \"  File \\\"/var/task/trader.py\\\", line 88, in run\\n    last_bid = traderData['history_prices_dict'][product][-1][0]\\n\"]}",
  "lambdaLog": "{\"errorMessage\": \"string indices must be integers, not 'str'\", \"errorType\": \"TypeError\", \"requestId\": \"6f91de57-3889-4af2-aa77-ff6e0f720e6f\", \"stackTrace\": [\"  File \\\"/var/task/app.py\\\", line 31, in lambda_handler\\n    orders, conversion, traderData = trader.run(trading_state)\\n\", \"  File \\\"/var/task/trader.py\\\", line 88, in run\\n    last_bid = traderData['history_prices_dict'][product][-1][0]\\n\"]}",
  "timestamp": 2400
}
{
  "sandboxLog": "{\"errorMessage\": \"string indices must be integers, not 'str'\", \"errorType\": \"TypeError\", \"requestId\": \"45cd2573-b2fd-4a5e-97a6-c55110bd66f1\", \"stackTrace\": [\"  File \\\"/var/task/app.py\\\", line 31, in lambda_handler\\n    orders, conversion, traderData = trader.run(trading_state)\\n\", \"  File \\\"/var/task/trader.py\\\", line 88, in run\\n    last_bid = traderData['history_prices_dict'][product][-1][0]\\n\"]}",
  "lambdaLog": "{\"errorMessage\": \"string indices must be integers, not 'str'\", \"errorType\": \"TypeError\", \"requestId\": \"45cd2573-b2fd-4a5e-97a6-c55110bd66f1\", \"stackTrace\": [\"  File \\\"/var/task/app.py\\\", line 31, in lambda_handler\\n    orders, conversion, traderData = trader.run(trading_state)\\n\", \"  File \\\"/var/task/trader.py\\\", line 88, in run\\n    last_bid = traderData['history_prices_dict'][product][-1][0]\\n\"]}",
  "timestamp": 2500
}
{
  "sandboxLog": "{\"errorMessage\": \"string indices must be integers, not 'str'\", \"errorType\": \"TypeError\", \"requestId\": \"8cfd0746-7471-44bc-b44e-ceaec8d7eac2\", \"stackTrace\": [\"  File \\\"/var/task/app.py\\\", line 31, in lambda_handler\\n    orders, conversion, traderData = trader.run(trading_state)\\n\", \"  File \\\"/var/task/trader.py\\\", line 88, in run\\n    last_bid = traderData['history_prices_dict'][product][-1][0]\\n\"]}",
  "lambdaLog": "{\"errorMessage\": \"string indices must be integers, not 'str'\", \"errorType\": \"TypeError\", \"requestId\": \"8cfd0746-7471-44bc-b44e-ceaec8d7eac2\", \"stackTrace\": [\"  File \\\"/var/task/app.py\\\", line 31, in lambda_handler\\n    orders, conversion, traderData = trader.run(trading_state)\\n\", \"  File \\\"/var/task/trader.py\\\", line 88, in run\\n    last_bid = traderData['history_prices_dict'][product][-1][0]\\n\"]}",
  "timestamp": 2600
}
{
  "sandboxLog": "{\"errorMessage\": \"string indices must be integers, not 'str'\", \"errorType\": \"TypeError\", \"requestId\": \"f7127da7-8545-4412-8eab-4db2c5e106b6\", \"stackTrace\": [\"  File \\\"/var/task/app.py\\\", line 31, in lambda_handler\\n    orders, conversion, traderData = trader.run(trading_state)\\n\", \"  File \\\"/var/task/trader.py\\\", line 88, in run\\n    last_bid = traderData['history_prices_dict'][product][-1][0]\\n\"]}",
  "lambdaLog": "{\"errorMessage\": \"string indices must be integers, not 'str'\", \"errorType\": \"TypeError\", \"requestId\": \"f7127da7-8545-4412-8eab-4db2c5e106b6\", \"stackTrace\": [\"  File \\\"/var/task/app.py\\\", line 31, in lambda_handler\\n    orders, conversion, traderData = trader.run(trading_state)\\n\", \"  File \\\"/var/task/trader.py\\\", line 88, in run\\n    last_bid = traderData['history_prices_dict'][product][-1][0]\\n\"]}",
  "timestamp": 2700
}
{
  "sandboxLog": "{\"errorMessage\": \"string indices must be integers, not 'str'\", \"errorType\": \"TypeError\", \"requestId\": \"38acaa72-3fc4-423a-b650-03ee9f034efa\", \"stackTrace\": [\"  File \\\"/var/task/app.py\\\", line 31, in lambda_handler\\n    orders, conversion, traderData = trader.run(trading_state)\\n\", \"  File \\\"/var/task/trader.py\\\", line 88, in run\\n    last_bid = traderData['history_prices_dict'][product][-1][0]\\n\"]}",
  "lambdaLog": "{\"errorMessage\": \"string indices must be integers, not 'str'\", \"errorType\": \"TypeError\", \"requestId\": \"38acaa72-3fc4-423a-b650-03ee9f034efa\", \"stackTrace\": [\"  File \\\"/var/task/app.py\\\", line 31, in lambda_handler\\n    orders, conversion, traderData = trader.run(trading_state)\\n\", \"  File \\\"/var/task/trader.py\\\", line 88, in run\\n    last_bid = traderData['history_prices_dict'][product][-1][0]\\n\"]}",
  "timestamp": 2800
}
{
  "sandboxLog": "{\"errorMessage\": \"string indices must be integers, not 'str'\", \"errorType\": \"TypeError\", \"requestId\": \"cb8aff06-bad8-4ceb-bedd-16a23ed6c944\", \"stackTrace\": [\"  File \\\"/var/task/app.py\\\", line 31, in lambda_handler\\n    orders, conversion, traderData = trader.run(trading_state)\\n\", \"  File \\\"/var/task/trader.py\\\", line 88, in run\\n    last_bid = traderData['history_prices_dict'][product][-1][0]\\n\"]}",
  "lambdaLog": "{\"errorMessage\": \"string indices must be integers, not 'str'\", \"errorType\": \"TypeError\", \"requestId\": \"cb8aff06-bad8-4ceb-bedd-16a23ed6c944\", \"stackTrace\": [\"  File \\\"/var/task/app.py\\\", line 31, in lambda_handler\\n    orders, conversion, traderData = trader.run(trading_state)\\n\", \"  File \\\"/var/task/trader.py\\\", line 88, in run\\n    last_bid = traderData['history_prices_dict'][product][-1][0]\\n\"]}",
  "timestamp": 2900
}
{
  "sandboxLog": "{\"errorMessage\": \"string indices must be integers, not 'str'\", \"errorType\": \"TypeError\", \"requestId\": \"acee954a-e504-4081-95d2-e9beaa6d96c3\", \"stackTrace\": [\"  File \\\"/var/task/app.py\\\", line 31, in lambda_handler\\n    orders, conversion, traderData = trader.run(trading_state)\\n\", \"  File \\\"/var/task/trader.py\\\", line 88, in run\\n    last_bid = traderData['history_prices_dict'][product][-1][0]\\n\"]}",
  "lambdaLog": "{\"errorMessage\": \"string indices must be integers, not 'str'\", \"errorType\": \"TypeError\", \"requestId\": \"acee954a-e504-4081-95d2-e9beaa6d96c3\", \"stackTrace\": [\"  File \\\"/var/task/app.py\\\", line 31, in lambda_handler\\n    orders, conversion, traderData = trader.run(trading_state)\\n\", \"  File \\\"/var/task/trader.py\\\", line 88, in run\\n    last_bid = traderData['history_prices_dict'][product][-1][0]\\n\"]}",
  "timestamp": 3000
}
{
  "sandboxLog": "{\"errorMessage\": \"string indices must be integers, not 'str'\", \"errorType\": \"TypeError\", \"requestId\": \"86f5d7f1-e41a-4fef-bcd3-4f9ad7658d8d\", \"stackTrace\": [\"  File \\\"/var/task/app.py\\\", line 31, in lambda_handler\\n    orders, conversion, traderData = trader.run(trading_state)\\n\", \"  File \\\"/var/task/trader.py\\\", line 88, in run\\n    last_bid = traderData['history_prices_dict'][product][-1][0]\\n\"]}",
  "lambdaLog": "{\"errorMessage\": \"string indices must be integers, not 'str'\", \"errorType\": \"TypeError\", \"requestId\": \"86f5d7f1-e41a-4fef-bcd3-4f9ad7658d8d\", \"stackTrace\": [\"  File \\\"/var/task/app.py\\\", line 31, in lambda_handler\\n    orders, conversion, traderData = trader.run(trading_state)\\n\", \"  File \\\"/var/task/trader.py\\\", line 88, in run\\n    last_bid = traderData['history_prices_dict'][product][-1][0]\\n\"]}",
  "timestamp": 3100
}
{
  "sandboxLog": "{\"errorMessage\": \"string indices must be integers, not 'str'\", \"errorType\": \"TypeError\", \"requestId\": \"661276b2-9cf0-4db4-8e56-6bd7e53cfce8\", \"stackTrace\": [\"  File \\\"/var/task/app.py\\\", line 31, in lambda_handler\\n    orders, conversion, traderData = trader.run(trading_state)\\n\", \"  File \\\"/var/task/trader.py\\\", line 88, in run\\n    last_bid = traderData['history_prices_dict'][product][-1][0]\\n\"]}",
  "lambdaLog": "{\"errorMessage\": \"string indices must be integers, not 'str'\", \"errorType\": \"TypeError\", \"requestId\": \"661276b2-9cf0-4db4-8e56-6bd7e53cfce8\", \"stackTrace\": [\"  File \\\"/var/task/app.py\\\", line 31, in lambda_handler\\n    orders, conversion, traderData = trader.run(trading_state)\\n\", \"  File \\\"/var/task/trader.py\\\", line 88, in run\\n    last_bid = traderData['history_prices_dict'][product][-1][0]\\n\"]}",
  "timestamp": 3200
}
{
  "sandboxLog": "{\"errorMessage\": \"string indices must be integers, not 'str'\", \"errorType\": \"TypeError\", \"requestId\": \"9479824a-5764-44a6-b6d0-23cb0e816cc5\", \"stackTrace\": [\"  File \\\"/var/task/app.py\\\", line 31, in lambda_handler\\n    orders, conversion, traderData = trader.run(trading_state)\\n\", \"  File \\\"/var/task/trader.py\\\", line 88, in run\\n    last_bid = traderData['history_prices_dict'][product][-1][0]\\n\"]}",
  "lambdaLog": "{\"errorMessage\": \"string indices must be integers, not 'str'\", \"errorType\": \"TypeError\", \"requestId\": \"9479824a-5764-44a6-b6d0-23cb0e816cc5\", \"stackTrace\": [\"  File \\\"/var/task/app.py\\\", line 31, in lambda_handler\\n    orders, conversion, traderData = trader.run(trading_state)\\n\", \"  File \\\"/var/task/trader.py\\\", line 88, in run\\n    last_bid = traderData['history_prices_dict'][product][-1][0]\\n\"]}",
  "timestamp": 3300
}
{
  "sandboxLog": "{\"errorMessage\": \"string indices must be integers, not 'str'\", \"errorType\": \"TypeError\", \"requestId\": \"c5d8539a-4171-4412-80a2-a6322ad0df61\", \"stackTrace\": [\"  File \\\"/var/task/app.py\\\", line 31, in lambda_handler\\n    orders, conversion, traderData = trader.run(trading_state)\\n\", \"  File \\\"/var/task/trader.py\\\", line 88, in run\\n    last_bid = traderData['history_prices_dict'][product][-1][0]\\n\"]}",
  "lambdaLog": "{\"errorMessage\": \"string indices must be integers, not 'str'\", \"errorType\": \"TypeError\", \"requestId\": \"c5d8539a-4171-4412-80a2-a6322ad0df61\", \"stackTrace\": [\"  File \\\"/var/task/app.py\\\", line 31, in lambda_handler\\n    orders, conversion, traderData = trader.run(trading_state)\\n\", \"  File \\\"/var/task/trader.py\\\", line 88, in run\\n    last_bid = traderData['history_prices_dict'][product][-1][0]\\n\"]}",
  "timestamp": 3400
}
{
  "sandboxLog": "{\"errorMessage\": \"string indices must be integers, not 'str'\", \"errorType\": \"TypeError\", \"requestId\": \"8365cec1-ee5f-4187-a2a4-094a44ef6d2c\", \"stackTrace\": [\"  File \\\"/var/task/app.py\\\", line 31, in lambda_handler\\n    orders, conversion, traderData = trader.run(trading_state)\\n\", \"  File \\\"/var/task/trader.py\\\", line 88, in run\\n    last_bid = traderData['history_prices_dict'][product][-1][0]\\n\"]}",
  "lambdaLog": "{\"errorMessage\": \"string indices must be integers, not 'str'\", \"errorType\": \"TypeError\", \"requestId\": \"8365cec1-ee5f-4187-a2a4-094a44ef6d2c\", \"stackTrace\": [\"  File \\\"/var/task/app.py\\\", line 31, in lambda_handler\\n    orders, conversion, traderData = trader.run(trading_state)\\n\", \"  File \\\"/var/task/trader.py\\\", line 88, in run\\n    last_bid = traderData['history_prices_dict'][product][-1][0]\\n\"]}",
  "timestamp": 3500
}
{
  "sandboxLog": "{\"errorMessage\": \"string indices must be integers, not 'str'\", \"errorType\": \"TypeError\", \"requestId\": \"e900242b-6930-4d8e-b2b9-b1ed3f53852f\", \"stackTrace\": [\"  File \\\"/var/task/app.py\\\", line 31, in lambda_handler\\n    orders, conversion, traderData = trader.run(trading_state)\\n\", \"  File \\\"/var/task/trader.py\\\", line 88, in run\\n    last_bid = traderData['history_prices_dict'][product][-1][0]\\n\"]}",
  "lambdaLog": "{\"errorMessage\": \"string indices must be integers, not 'str'\", \"errorType\": \"TypeError\", \"requestId\": \"e900242b-6930-4d8e-b2b9-b1ed3f53852f\", \"stackTrace\": [\"  File \\\"/var/task/app.py\\\", line 31, in lambda_handler\\n    orders, conversion, traderData = trader.run(trading_state)\\n\", \"  File \\\"/var/task/trader.py\\\", line 88, in run\\n    last_bid = traderData['history_prices_dict'][product][-1][0]\\n\"]}",
  "timestamp": 3600
}
{
  "sandboxLog": "{\"errorMessage\": \"string indices must be integers, not 'str'\", \"errorType\": \"TypeError\", \"requestId\": \"4784d4f9-e0b9-41c2-9874-8d172259f3a1\", \"stackTrace\": [\"  File \\\"/var/task/app.py\\\", line 31, in lambda_handler\\n    orders, conversion, traderData = trader.run(trading_state)\\n\", \"  File \\\"/var/task/trader.py\\\", line 88, in run\\n    last_bid = traderData['history_prices_dict'][product][-1][0]\\n\"]}",
  "lambdaLog": "{\"errorMessage\": \"string indices must be integers, not 'str'\", \"errorType\": \"TypeError\", \"requestId\": \"4784d4f9-e0b9-41c2-9874-8d172259f3a1\", \"stackTrace\": [\"  File \\\"/var/task/app.py\\\", line 31, in lambda_handler\\n    orders, conversion, traderData = trader.run(trading_state)\\n\", \"  File \\\"/var/task/trader.py\\\", line 88, in run\\n    last_bid = traderData['history_prices_dict'][product][-1][0]\\n\"]}",
  "timestamp": 3700
}
{
  "sandboxLog": "{\"errorMessage\": \"string indices must be integers, not 'str'\", \"errorType\": \"TypeError\", \"requestId\": \"63e9f1df-b979-40db-985e-15a373649891\", \"stackTrace\": [\"  File \\\"/var/task/app.py\\\", line 31, in lambda_handler\\n    orders, conversion, traderData = trader.run(trading_state)\\n\", \"  File \\\"/var/task/trader.py\\\", line 88, in run\\n    last_bid = traderData['history_prices_dict'][product][-1][0]\\n\"]}",
  "lambdaLog": "{\"errorMessage\": \"string indices must be integers, not 'str'\", \"errorType\": \"TypeError\", \"requestId\": \"63e9f1df-b979-40db-985e-15a373649891\", \"stackTrace\": [\"  File \\\"/var/task/app.py\\\", line 31, in lambda_handler\\n    orders, conversion, traderData = trader.run(trading_state)\\n\", \"  File \\\"/var/task/trader.py\\\", line 88, in run\\n    last_bid = traderData['history_prices_dict'][product][-1][0]\\n\"]}",
  "timestamp": 3800
}
{
  "sandboxLog": "{\"errorMessage\": \"string indices must be integers, not 'str'\", \"errorType\": \"TypeError\", \"requestId\": \"4570854e-29b5-43a5-9998-567a91358837\", \"stackTrace\": [\"  File \\\"/var/task/app.py\\\", line 31, in lambda_handler\\n    orders, conversion, traderData = trader.run(trading_state)\\n\", \"  File \\\"/var/task/trader.py\\\", line 88, in run\\n    last_bid = traderData['history_prices_dict'][product][-1][0]\\n\"]}",
  "lambdaLog": "{\"errorMessage\": \"string indices must be integers, not 'str'\", \"errorType\": \"TypeError\", \"requestId\": \"4570854e-29b5-43a5-9998-567a91358837\", \"stackTrace\": [\"  File \\\"/var/task/app.py\\\", line 31, in lambda_handler\\n    orders, conversion, traderData = trader.run(trading_state)\\n\", \"  File \\\"/var/task/trader.py\\\", line 88, in run\\n    last_bid = traderData['history_prices_dict'][product][-1][0]\\n\"]}",
  "timestamp": 3900
}
{
  "sandboxLog": "{\"errorMessage\": \"string indices must be integers, not 'str'\", \"errorType\": \"TypeError\", \"requestId\": \"1247ae38-dfc8-479b-af14-ffe2d085e495\", \"stackTrace\": [\"  File \\\"/var/task/app.py\\\", line 31, in lambda_handler\\n    orders, conversion, traderData = trader.run(trading_state)\\n\", \"  File \\\"/var/task/trader.py\\\", line 88, in run\\n    last_bid = traderData['history_prices_dict'][product][-1][0]\\n\"]}",
  "lambdaLog": "{\"errorMessage\": \"string indices must be integers, not 'str'\", \"errorType\": \"TypeError\", \"requestId\": \"1247ae38-dfc8-479b-af14-ffe2d085e495\", \"stackTrace\": [\"  File \\\"/var/task/app.py\\\", line 31, in lambda_handler\\n    orders, conversion, traderData = trader.run(trading_state)\\n\", \"  File \\\"/var/task/trader.py\\\", line 88, in run\\n    last_bid = traderData['history_prices_dict'][product][-1][0]\\n\"]}",
  "timestamp": 4000
}
{
  "sandboxLog": "{\"errorMessage\": \"string indices must be integers, not 'str'\", \"errorType\": \"TypeError\", \"requestId\": \"aa28ffce-8590-402b-941f-7581b1c136d5\", \"stackTrace\": [\"  File \\\"/var/task/app.py\\\", line 31, in lambda_handler\\n    orders, conversion, traderData = trader.run(trading_state)\\n\", \"  File \\\"/var/task/trader.py\\\", line 88, in run\\n    last_bid = traderData['history_prices_dict'][product][-1][0]\\n\"]}",
  "lambdaLog": "{\"errorMessage\": \"string indices must be integers, not 'str'\", \"errorType\": \"TypeError\", \"requestId\": \"aa28ffce-8590-402b-941f-7581b1c136d5\", \"stackTrace\": [\"  File \\\"/var/task/app.py\\\", line 31, in lambda_handler\\n    orders, conversion, traderData = trader.run(trading_state)\\n\", \"  File \\\"/var/task/trader.py\\\", line 88, in run\\n    last_bid = traderData['history_prices_dict'][product][-1][0]\\n\"]}",
  "timestamp": 4100
}
{
  "sandboxLog": "{\"errorMessage\": \"string indices must be integers, not 'str'\", \"errorType\": \"TypeError\", \"requestId\": \"438abef8-8e8c-4c89-9ff6-db769e636f56\", \"stackTrace\": [\"  File \\\"/var/task/app.py\\\", line 31, in lambda_handler\\n    orders, conversion, traderData = trader.run(trading_state)\\n\", \"  File \\\"/var/task/trader.py\\\", line 88, in run\\n    last_bid = traderData['history_prices_dict'][product][-1][0]\\n\"]}",
  "lambdaLog": "{\"errorMessage\": \"string indices must be integers, not 'str'\", \"errorType\": \"TypeError\", \"requestId\": \"438abef8-8e8c-4c89-9ff6-db769e636f56\", \"stackTrace\": [\"  File \\\"/var/task/app.py\\\", line 31, in lambda_handler\\n    orders, conversion, traderData = trader.run(trading_state)\\n\", \"  File \\\"/var/task/trader.py\\\", line 88, in run\\n    last_bid = traderData['history_prices_dict'][product][-1][0]\\n\"]}",
  "timestamp": 4200
}
{
  "sandboxLog": "{\"errorMessage\": \"string indices must be integers, not 'str'\", \"errorType\": \"TypeError\", \"requestId\": \"5cb92994-2967-46cb-af6e-82073f28b897\", \"stackTrace\": [\"  File \\\"/var/task/app.py\\\", line 31, in lambda_handler\\n    orders, conversion, traderData = trader.run(trading_state)\\n\", \"  File \\\"/var/task/trader.py\\\", line 88, in run\\n    last_bid = traderData['history_prices_dict'][product][-1][0]\\n\"]}",
  "lambdaLog": "{\"errorMessage\": \"string indices must be integers, not 'str'\", \"errorType\": \"TypeError\", \"requestId\": \"5cb92994-2967-46cb-af6e-82073f28b897\", \"stackTrace\": [\"  File \\\"/var/task/app.py\\\", line 31, in lambda_handler\\n    orders, conversion, traderData = trader.run(trading_state)\\n\", \"  File \\\"/var/task/trader.py\\\", line 88, in run\\n    last_bid = traderData['history_prices_dict'][product][-1][0]\\n\"]}",
  "timestamp": 4300
}
{
  "sandboxLog": "{\"errorMessage\": \"string indices must be integers, not 'str'\", \"errorType\": \"TypeError\", \"requestId\": \"86ea7045-8747-477c-90df-442389fd58fe\", \"stackTrace\": [\"  File \\\"/var/task/app.py\\\", line 31, in lambda_handler\\n    orders, conversion, traderData = trader.run(trading_state)\\n\", \"  File \\\"/var/task/trader.py\\\", line 88, in run\\n    last_bid = traderData['history_prices_dict'][product][-1][0]\\n\"]}",
  "lambdaLog": "{\"errorMessage\": \"string indices must be integers, not 'str'\", \"errorType\": \"TypeError\", \"requestId\": \"86ea7045-8747-477c-90df-442389fd58fe\", \"stackTrace\": [\"  File \\\"/var/task/app.py\\\", line 31, in lambda_handler\\n    orders, conversion, traderData = trader.run(trading_state)\\n\", \"  File \\\"/var/task/trader.py\\\", line 88, in run\\n    last_bid = traderData['history_prices_dict'][product][-1][0]\\n\"]}",
  "timestamp": 4400
}
{
  "sandboxLog": "{\"errorMessage\": \"string indices must be integers, not 'str'\", \"errorType\": \"TypeError\", \"requestId\": \"194b1056-081e-4d6b-b639-b1a62be6b9a9\", \"stackTrace\": [\"  File \\\"/var/task/app.py\\\", line 31, in lambda_handler\\n    orders, conversion, traderData = trader.run(trading_state)\\n\", \"  File \\\"/var/task/trader.py\\\", line 88, in run\\n    last_bid = traderData['history_prices_dict'][product][-1][0]\\n\"]}",
  "lambdaLog": "{\"errorMessage\": \"string indices must be integers, not 'str'\", \"errorType\": \"TypeError\", \"requestId\": \"194b1056-081e-4d6b-b639-b1a62be6b9a9\", \"stackTrace\": [\"  File \\\"/var/task/app.py\\\", line 31, in lambda_handler\\n    orders, conversion, traderData = trader.run(trading_state)\\n\", \"  File \\\"/var/task/trader.py\\\", line 88, in run\\n    last_bid = traderData['history_prices_dict'][product][-1][0]\\n\"]}",
  "timestamp": 4500
}
{
  "sandboxLog": "{\"errorMessage\": \"string indices must be integers, not 'str'\", \"errorType\": \"TypeError\", \"requestId\": \"52b98492-42c7-450a-a97f-1f1bb22a2444\", \"stackTrace\": [\"  File \\\"/var/task/app.py\\\", line 31, in lambda_handler\\n    orders, conversion, traderData = trader.run(trading_state)\\n\", \"  File \\\"/var/task/trader.py\\\", line 88, in run\\n    last_bid = traderData['history_prices_dict'][product][-1][0]\\n\"]}",
  "lambdaLog": "{\"errorMessage\": \"string indices must be integers, not 'str'\", \"errorType\": \"TypeError\", \"requestId\": \"52b98492-42c7-450a-a97f-1f1bb22a2444\", \"stackTrace\": [\"  File \\\"/var/task/app.py\\\", line 31, in lambda_handler\\n    orders, conversion, traderData = trader.run(trading_state)\\n\", \"  File \\\"/var/task/trader.py\\\", line 88, in run\\n    last_bid = traderData['history_prices_dict'][product][-1][0]\\n\"]}",
  "timestamp": 4600
}
{
  "sandboxLog": "{\"errorMessage\": \"string indices must be integers, not 'str'\", \"errorType\": \"TypeError\", \"requestId\": \"abff1e69-e23d-48da-bfd9-bcf1cb54218a\", \"stackTrace\": [\"  File \\\"/var/task/app.py\\\", line 31, in lambda_handler\\n    orders, conversion, traderData = trader.run(trading_state)\\n\", \"  File \\\"/var/task/trader.py\\\", line 88, in run\\n    last_bid = traderData['history_prices_dict'][product][-1][0]\\n\"]}",
  "lambdaLog": "{\"errorMessage\": \"string indices must be integers, not 'str'\", \"errorType\": \"TypeError\", \"requestId\": \"abff1e69-e23d-48da-bfd9-bcf1cb54218a\", \"stackTrace\": [\"  File \\\"/var/task/app.py\\\", line 31, in lambda_handler\\n    orders, conversion, traderData = trader.run(trading_state)\\n\", \"  File \\\"/var/task/trader.py\\\", line 88, in run\\n    last_bid = traderData['history_prices_dict'][product][-1][0]\\n\"]}",
  "timestamp": 4700
}
{
  "sandboxLog": "{\"errorMessage\": \"string indices must be integers, not 'str'\", \"errorType\": \"TypeError\", \"requestId\": \"41bb720f-1745-4935-9227-0c13ff2c66c7\", \"stackTrace\": [\"  File \\\"/var/task/app.py\\\", line 31, in lambda_handler\\n    orders, conversion, traderData = trader.run(trading_state)\\n\", \"  File \\\"/var/task/trader.py\\\", line 88, in run\\n    last_bid = traderData['history_prices_dict'][product][-1][0]\\n\"]}",
  "lambdaLog": "{\"errorMessage\": \"string indices must be integers, not 'str'\", \"errorType\": \"TypeError\", \"requestId\": \"41bb720f-1745-4935-9227-0c13ff2c66c7\", \"stackTrace\": [\"  File \\\"/var/task/app.py\\\", line 31, in lambda_handler\\n    orders, conversion, traderData = trader.run(trading_state)\\n\", \"  File \\\"/var/task/trader.py\\\", line 88, in run\\n    last_bid = traderData['history_prices_dict'][product][-1][0]\\n\"]}",
  "timestamp": 4800
}
{
  "sandboxLog": "{\"errorMessage\": \"string indices must be integers, not 'str'\", \"errorType\": \"TypeError\", \"requestId\": \"5513500e-9607-41fa-826e-6ef5f2b0ba09\", \"stackTrace\": [\"  File \\\"/var/task/app.py\\\", line 31, in lambda_handler\\n    orders, conversion, traderData = trader.run(trading_state)\\n\", \"  File \\\"/var/task/trader.py\\\", line 88, in run\\n    last_bid = traderData['history_prices_dict'][product][-1][0]\\n\"]}",
  "lambdaLog": "{\"errorMessage\": \"string indices must be integers, not 'str'\", \"errorType\": \"TypeError\", \"requestId\": \"5513500e-9607-41fa-826e-6ef5f2b0ba09\", \"stackTrace\": [\"  File \\\"/var/task/app.py\\\", line 31, in lambda_handler\\n    orders, conversion, traderData = trader.run(trading_state)\\n\", \"  File \\\"/var/task/trader.py\\\", line 88, in run\\n    last_bid = traderData['history_prices_dict'][product][-1][0]\\n\"]}",
  "timestamp": 4900
}
{
  "sandboxLog": "{\"errorMessage\": \"string indices must be integers, not 'str'\", \"errorType\": \"TypeError\", \"requestId\": \"bf0780ad-74b5-4b57-9126-9910dd849cf1\", \"stackTrace\": [\"  File \\\"/var/task/app.py\\\", line 31, in lambda_handler\\n    orders, conversion, traderData = trader.run(trading_state)\\n\", \"  File \\\"/var/task/trader.py\\\", line 88, in run\\n    last_bid = traderData['history_prices_dict'][product][-1][0]\\n\"]}",
  "lambdaLog": "{\"errorMessage\": \"string indices must be integers, not 'str'\", \"errorType\": \"TypeError\", \"requestId\": \"bf0780ad-74b5-4b57-9126-9910dd849cf1\", \"stackTrace\": [\"  File \\\"/var/task/app.py\\\", line 31, in lambda_handler\\n    orders, conversion, traderData = trader.run(trading_state)\\n\", \"  File \\\"/var/task/trader.py\\\", line 88, in run\\n    last_bid = traderData['history_prices_dict'][product][-1][0]\\n\"]}",
  "timestamp": 5000
}
{
  "sandboxLog": "{\"errorMessage\": \"string indices must be integers, not 'str'\", \"errorType\": \"TypeError\", \"requestId\": \"b8e17a74-f7af-4ca3-9b32-464272597ab5\", \"stackTrace\": [\"  File \\\"/var/task/app.py\\\", line 31, in lambda_handler\\n    orders, conversion, traderData = trader.run(trading_state)\\n\", \"  File \\\"/var/task/trader.py\\\", line 88, in run\\n    last_bid = traderData['history_prices_dict'][product][-1][0]\\n\"]}",
  "lambdaLog": "{\"errorMessage\": \"string indices must be integers, not 'str'\", \"errorType\": \"TypeError\", \"requestId\": \"b8e17a74-f7af-4ca3-9b32-464272597ab5\", \"stackTrace\": [\"  File \\\"/var/task/app.py\\\", line 31, in lambda_handler\\n    orders, conversion, traderData = trader.run(trading_state)\\n\", \"  File \\\"/var/task/trader.py\\\", line 88, in run\\n    last_bid = traderData['history_prices_dict'][product][-1][0]\\n\"]}",
  "timestamp": 5100
}
{
  "sandboxLog": "{\"errorMessage\": \"string indices must be integers, not 'str'\", \"errorType\": \"TypeError\", \"requestId\": \"f4505a0f-b0dc-4ad6-a6e8-6adb63188dcc\", \"stackTrace\": [\"  File \\\"/var/task/app.py\\\", line 31, in lambda_handler\\n    orders, conversion, traderData = trader.run(trading_state)\\n\", \"  File \\\"/var/task/trader.py\\\", line 88, in run\\n    last_bid = traderData['history_prices_dict'][product][-1][0]\\n\"]}",
  "lambdaLog": "{\"errorMessage\": \"string indices must be integers, not 'str'\", \"errorType\": \"TypeError\", \"requestId\": \"f4505a0f-b0dc-4ad6-a6e8-6adb63188dcc\", \"stackTrace\": [\"  File \\\"/var/task/app.py\\\", line 31, in lambda_handler\\n    orders, conversion, traderData = trader.run(trading_state)\\n\", \"  File \\\"/var/task/trader.py\\\", line 88, in run\\n    last_bid = traderData['history_prices_dict'][product][-1][0]\\n\"]}",
  "timestamp": 5200
}
{
  "sandboxLog": "{\"errorMessage\": \"string indices must be integers, not 'str'\", \"errorType\": \"TypeError\", \"requestId\": \"d0a62206-f778-471e-9d16-edc3ba650d31\", \"stackTrace\": [\"  File \\\"/var/task/app.py\\\", line 31, in lambda_handler\\n    orders, conversion, traderData = trader.run(trading_state)\\n\", \"  File \\\"/var/task/trader.py\\\", line 88, in run\\n    last_bid = traderData['history_prices_dict'][product][-1][0]\\n\"]}",
  "lambdaLog": "{\"errorMessage\": \"string indices must be integers, not 'str'\", \"errorType\": \"TypeError\", \"requestId\": \"d0a62206-f778-471e-9d16-edc3ba650d31\", \"stackTrace\": [\"  File \\\"/var/task/app.py\\\", line 31, in lambda_handler\\n    orders, conversion, traderData = trader.run(trading_state)\\n\", \"  File \\\"/var/task/trader.py\\\", line 88, in run\\n    last_bid = traderData['history_prices_dict'][product][-1][0]\\n\"]}",
  "timestamp": 5300
}
{
  "sandboxLog": "{\"errorMessage\": \"string indices must be integers, not 'str'\", \"errorType\": \"TypeError\", \"requestId\": \"1e9a6b65-ba53-4604-bbd9-853528a9816b\", \"stackTrace\": [\"  File \\\"/var/task/app.py\\\", line 31, in lambda_handler\\n    orders, conversion, traderData = trader.run(trading_state)\\n\", \"  File \\\"/var/task/trader.py\\\", line 88, in run\\n    last_bid = traderData['history_prices_dict'][product][-1][0]\\n\"]}",
  "lambdaLog": "{\"errorMessage\": \"string indices must be integers, not 'str'\", \"errorType\": \"TypeError\", \"requestId\": \"1e9a6b65-ba53-4604-bbd9-853528a9816b\", \"stackTrace\": [\"  File \\\"/var/task/app.py\\\", line 31, in lambda_handler\\n    orders, conversion, traderData = trader.run(trading_state)\\n\", \"  File \\\"/var/task/trader.py\\\", line 88, in run\\n    last_bid = traderData['history_prices_dict'][product][-1][0]\\n\"]}",
  "timestamp": 5400
}
{
  "sandboxLog": "{\"errorMessage\": \"string indices must be integers, not 'str'\", \"errorType\": \"TypeError\", \"requestId\": \"f098900f-54bb-4965-b145-ace3cb59fde0\", \"stackTrace\": [\"  File \\\"/var/task/app.py\\\", line 31, in lambda_handler\\n    orders, conversion, traderData = trader.run(trading_state)\\n\", \"  File \\\"/var/task/trader.py\\\", line 88, in run\\n    last_bid = traderData['history_prices_dict'][product][-1][0]\\n\"]}",
  "lambdaLog": "{\"errorMessage\": \"string indices must be integers, not 'str'\", \"errorType\": \"TypeError\", \"requestId\": \"f098900f-54bb-4965-b145-ace3cb59fde0\", \"stackTrace\": [\"  File \\\"/var/task/app.py\\\", line 31, in lambda_handler\\n    orders, conversion, traderData = trader.run(trading_state)\\n\", \"  File \\\"/var/task/trader.py\\\", line 88, in run\\n    last_bid = traderData['history_prices_dict'][product][-1][0]\\n\"]}",
  "timestamp": 5500
}
{
  "sandboxLog": "{\"errorMessage\": \"string indices must be integers, not 'str'\", \"errorType\": \"TypeError\", \"requestId\": \"445a1f37-6f58-4032-8f9a-e732dddaa293\", \"stackTrace\": [\"  File \\\"/var/task/app.py\\\", line 31, in lambda_handler\\n    orders, conversion, traderData = trader.run(trading_state)\\n\", \"  File \\\"/var/task/trader.py\\\", line 88, in run\\n    last_bid = traderData['history_prices_dict'][product][-1][0]\\n\"]}",
  "lambdaLog": "{\"errorMessage\": \"string indices must be integers, not 'str'\", \"errorType\": \"TypeError\", \"requestId\": \"445a1f37-6f58-4032-8f9a-e732dddaa293\", \"stackTrace\": [\"  File \\\"/var/task/app.py\\\", line 31, in lambda_handler\\n    orders, conversion, traderData = trader.run(trading_state)\\n\", \"  File \\\"/var/task/trader.py\\\", line 88, in run\\n    last_bid = traderData['history_prices_dict'][product][-1][0]\\n\"]}",
  "timestamp": 5600
}
{
  "sandboxLog": "{\"errorMessage\": \"string indices must be integers, not 'str'\", \"errorType\": \"TypeError\", \"requestId\": \"3101e3ab-ad90-4d01-8331-0030be8f64ab\", \"stackTrace\": [\"  File \\\"/var/task/app.py\\\", line 31, in lambda_handler\\n    orders, conversion, traderData = trader.run(trading_state)\\n\", \"  File \\\"/var/task/trader.py\\\", line 88, in run\\n    last_bid = traderData['history_prices_dict'][product][-1][0]\\n\"]}",
  "lambdaLog": "{\"errorMessage\": \"string indices must be integers, not 'str'\", \"errorType\": \"TypeError\", \"requestId\": \"3101e3ab-ad90-4d01-8331-0030be8f64ab\", \"stackTrace\": [\"  File \\\"/var/task/app.py\\\", line 31, in lambda_handler\\n    orders, conversion, traderData = trader.run(trading_state)\\n\", \"  File \\\"/var/task/trader.py\\\", line 88, in run\\n    last_bid = traderData['history_prices_dict'][product][-1][0]\\n\"]}",
  "timestamp": 5700
}
{
  "sandboxLog": "{\"errorMessage\": \"string indices must be integers, not 'str'\", \"errorType\": \"TypeError\", \"requestId\": \"5c210ca6-4cc5-48c1-9678-8c821bed5def\", \"stackTrace\": [\"  File \\\"/var/task/app.py\\\", line 31, in lambda_handler\\n    orders, conversion, traderData = trader.run(trading_state)\\n\", \"  File \\\"/var/task/trader.py\\\", line 88, in run\\n    last_bid = traderData['history_prices_dict'][product][-1][0]\\n\"]}",
  "lambdaLog": "{\"errorMessage\": \"string indices must be integers, not 'str'\", \"errorType\": \"TypeError\", \"requestId\": \"5c210ca6-4cc5-48c1-9678-8c821bed5def\", \"stackTrace\": [\"  File \\\"/var/task/app.py\\\", line 31, in lambda_handler\\n    orders, conversion, traderData = trader.run(trading_state)\\n\", \"  File \\\"/var/task/trader.py\\\", line 88, in run\\n    last_bid = traderData['history_prices_dict'][product][-1][0]\\n\"]}",
  "timestamp": 5800
}
{
  "sandboxLog": "{\"errorMessage\": \"string indices must be integers, not 'str'\", \"errorType\": \"TypeError\", \"requestId\": \"757540de-cc2c-4539-a0af-984114472f1e\", \"stackTrace\": [\"  File \\\"/var/task/app.py\\\", line 31, in lambda_handler\\n    orders, conversion, traderData = trader.run(trading_state)\\n\", \"  File \\\"/var/task/trader.py\\\", line 88, in run\\n    last_bid = traderData['history_prices_dict'][product][-1][0]\\n\"]}",
  "lambdaLog": "{\"errorMessage\": \"string indices must be integers, not 'str'\", \"errorType\": \"TypeError\", \"requestId\": \"757540de-cc2c-4539-a0af-984114472f1e\", \"stackTrace\": [\"  File \\\"/var/task/app.py\\\", line 31, in lambda_handler\\n    orders, conversion, traderData = trader.run(trading_state)\\n\", \"  File \\\"/var/task/trader.py\\\", line 88, in run\\n    last_bid = traderData['history_prices_dict'][product][-1][0]\\n\"]}",
  "timestamp": 5900
}
{
  "sandboxLog": "{\"errorMessage\": \"string indices must be integers, not 'str'\", \"errorType\": \"TypeError\", \"requestId\": \"0bc50531-d29d-49a1-be27-794ea10721c9\", \"stackTrace\": [\"  File \\\"/var/task/app.py\\\", line 31, in lambda_handler\\n    orders, conversion, traderData = trader.run(trading_state)\\n\", \"  File \\\"/var/task/trader.py\\\", line 88, in run\\n    last_bid = traderData['history_prices_dict'][product][-1][0]\\n\"]}",
  "lambdaLog": "{\"errorMessage\": \"string indices must be integers, not 'str'\", \"errorType\": \"TypeError\", \"requestId\": \"0bc50531-d29d-49a1-be27-794ea10721c9\", \"stackTrace\": [\"  File \\\"/var/task/app.py\\\", line 31, in lambda_handler\\n    orders, conversion, traderData = trader.run(trading_state)\\n\", \"  File \\\"/var/task/trader.py\\\", line 88, in run\\n    last_bid = traderData['history_prices_dict'][product][-1][0]\\n\"]}",
  "timestamp": 6000
}
{
  "sandboxLog": "{\"errorMessage\": \"string indices must be integers, not 'str'\", \"errorType\": \"TypeError\", \"requestId\": \"97e88452-3f94-4884-9949-c85987b2ab4a\", \"stackTrace\": [\"  File \\\"/var/task/app.py\\\", line 31, in lambda_handler\\n    orders, conversion, traderData = trader.run(trading_state)\\n\", \"  File \\\"/var/task/trader.py\\\", line 88, in run\\n    last_bid = traderData['history_prices_dict'][product][-1][0]\\n\"]}",
  "lambdaLog": "{\"errorMessage\": \"string indices must be integers, not 'str'\", \"errorType\": \"TypeError\", \"requestId\": \"97e88452-3f94-4884-9949-c85987b2ab4a\", \"stackTrace\": [\"  File \\\"/var/task/app.py\\\", line 31, in lambda_handler\\n    orders, conversion, traderData = trader.run(trading_state)\\n\", \"  File \\\"/var/task/trader.py\\\", line 88, in run\\n    last_bid = traderData['history_prices_dict'][product][-1][0]\\n\"]}",
  "timestamp": 6100
}
{
  "sandboxLog": "{\"errorMessage\": \"string indices must be integers, not 'str'\", \"errorType\": \"TypeError\", \"requestId\": \"2af86580-6020-4d1b-a79b-9330bd361849\", \"stackTrace\": [\"  File \\\"/var/task/app.py\\\", line 31, in lambda_handler\\n    orders, conversion, traderData = trader.run(trading_state)\\n\", \"  File \\\"/var/task/trader.py\\\", line 88, in run\\n    last_bid = traderData['history_prices_dict'][product][-1][0]\\n\"]}",
  "lambdaLog": "{\"errorMessage\": \"string indices must be integers, not 'str'\", \"errorType\": \"TypeError\", \"requestId\": \"2af86580-6020-4d1b-a79b-9330bd361849\", \"stackTrace\": [\"  File \\\"/var/task/app.py\\\", line 31, in lambda_handler\\n    orders, conversion, traderData = trader.run(trading_state)\\n\", \"  File \\\"/var/task/trader.py\\\", line 88, in run\\n    last_bid = traderData['history_prices_dict'][product][-1][0]\\n\"]}",
  "timestamp": 6200
}
{
  "sandboxLog": "{\"errorMessage\": \"string indices must be integers, not 'str'\", \"errorType\": \"TypeError\", \"requestId\": \"cbafc7a4-f681-45e7-b135-d85cc8989a76\", \"stackTrace\": [\"  File \\\"/var/task/app.py\\\", line 31, in lambda_handler\\n    orders, conversion, traderData = trader.run(trading_state)\\n\", \"  File \\\"/var/task/trader.py\\\", line 88, in run\\n    last_bid = traderData['history_prices_dict'][product][-1][0]\\n\"]}",
  "lambdaLog": "{\"errorMessage\": \"string indices must be integers, not 'str'\", \"errorType\": \"TypeError\", \"requestId\": \"cbafc7a4-f681-45e7-b135-d85cc8989a76\", \"stackTrace\": [\"  File \\\"/var/task/app.py\\\", line 31, in lambda_handler\\n    orders, conversion, traderData = trader.run(trading_state)\\n\", \"  File \\\"/var/task/trader.py\\\", line 88, in run\\n    last_bid = traderData['history_prices_dict'][product][-1][0]\\n\"]}",
  "timestamp": 6300
}
{
  "sandboxLog": "{\"errorMessage\": \"string indices must be integers, not 'str'\", \"errorType\": \"TypeError\", \"requestId\": \"71395886-056c-4504-9007-a533fa0d466f\", \"stackTrace\": [\"  File \\\"/var/task/app.py\\\", line 31, in lambda_handler\\n    orders, conversion, traderData = trader.run(trading_state)\\n\", \"  File \\\"/var/task/trader.py\\\", line 88, in run\\n    last_bid = traderData['history_prices_dict'][product][-1][0]\\n\"]}",
  "lambdaLog": "{\"errorMessage\": \"string indices must be integers, not 'str'\", \"errorType\": \"TypeError\", \"requestId\": \"71395886-056c-4504-9007-a533fa0d466f\", \"stackTrace\": [\"  File \\\"/var/task/app.py\\\", line 31, in lambda_handler\\n    orders, conversion, traderData = trader.run(trading_state)\\n\", \"  File \\\"/var/task/trader.py\\\", line 88, in run\\n    last_bid = traderData['history_prices_dict'][product][-1][0]\\n\"]}",
  "timestamp": 6400
}
{
  "sandboxLog": "{\"errorMessage\": \"string indices must be integers, not 'str'\", \"errorType\": \"TypeError\", \"requestId\": \"52fdbbc9-257e-4b57-aee6-566b30c05e61\", \"stackTrace\": [\"  File \\\"/var/task/app.py\\\", line 31, in lambda_handler\\n    orders, conversion, traderData = trader.run(trading_state)\\n\", \"  File \\\"/var/task/trader.py\\\", line 88, in run\\n    last_bid = traderData['history_prices_dict'][product][-1][0]\\n\"]}",
  "lambdaLog": "{\"errorMessage\": \"string indices must be integers, not 'str'\", \"errorType\": \"TypeError\", \"requestId\": \"52fdbbc9-257e-4b57-aee6-566b30c05e61\", \"stackTrace\": [\"  File \\\"/var/task/app.py\\\", line 31, in lambda_handler\\n    orders, conversion, traderData = trader.run(trading_state)\\n\", \"  File \\\"/var/task/trader.py\\\", line 88, in run\\n    last_bid = traderData['history_prices_dict'][product][-1][0]\\n\"]}",
  "timestamp": 6500
}
{
  "sandboxLog": "{\"errorMessage\": \"string indices must be integers, not 'str'\", \"errorType\": \"TypeError\", \"requestId\": \"e53aec88-511c-4b32-87ca-a5da45ddfa8d\", \"stackTrace\": [\"  File \\\"/var/task/app.py\\\", line 31, in lambda_handler\\n    orders, conversion, traderData = trader.run(trading_state)\\n\", \"  File \\\"/var/task/trader.py\\\", line 88, in run\\n    last_bid = traderData['history_prices_dict'][product][-1][0]\\n\"]}",
  "lambdaLog": "{\"errorMessage\": \"string indices must be integers, not 'str'\", \"errorType\": \"TypeError\", \"requestId\": \"e53aec88-511c-4b32-87ca-a5da45ddfa8d\", \"stackTrace\": [\"  File \\\"/var/task/app.py\\\", line 31, in lambda_handler\\n    orders, conversion, traderData = trader.run(trading_state)\\n\", \"  File \\\"/var/task/trader.py\\\", line 88, in run\\n    last_bid = traderData['history_prices_dict'][product][-1][0]\\n\"]}",
  "timestamp": 6600
}
{
  "sandboxLog": "{\"errorMessage\": \"string indices must be integers, not 'str'\", \"errorType\": \"TypeError\", \"requestId\": \"1c02c02f-c6b7-4a8c-b1e8-ae421ab0442b\", \"stackTrace\": [\"  File \\\"/var/task/app.py\\\", line 31, in lambda_handler\\n    orders, conversion, traderData = trader.run(trading_state)\\n\", \"  File \\\"/var/task/trader.py\\\", line 88, in run\\n    last_bid = traderData['history_prices_dict'][product][-1][0]\\n\"]}",
  "lambdaLog": "{\"errorMessage\": \"string indices must be integers, not 'str'\", \"errorType\": \"TypeError\", \"requestId\": \"1c02c02f-c6b7-4a8c-b1e8-ae421ab0442b\", \"stackTrace\": [\"  File \\\"/var/task/app.py\\\", line 31, in lambda_handler\\n    orders, conversion, traderData = trader.run(trading_state)\\n\", \"  File \\\"/var/task/trader.py\\\", line 88, in run\\n    last_bid = traderData['history_prices_dict'][product][-1][0]\\n\"]}",
  "timestamp": 6700
}
{
  "sandboxLog": "{\"errorMessage\": \"string indices must be integers, not 'str'\", \"errorType\": \"TypeError\", \"requestId\": \"9d13c4f9-9237-4c62-89f0-9732d697f4e9\", \"stackTrace\": [\"  File \\\"/var/task/app.py\\\", line 31, in lambda_handler\\n    orders, conversion, traderData = trader.run(trading_state)\\n\", \"  File \\\"/var/task/trader.py\\\", line 88, in run\\n    last_bid = traderData['history_prices_dict'][product][-1][0]\\n\"]}",
  "lambdaLog": "{\"errorMessage\": \"string indices must be integers, not 'str'\", \"errorType\": \"TypeError\", \"requestId\": \"9d13c4f9-9237-4c62-89f0-9732d697f4e9\", \"stackTrace\": [\"  File \\\"/var/task/app.py\\\", line 31, in lambda_handler\\n    orders, conversion, traderData = trader.run(trading_state)\\n\", \"  File \\\"/var/task/trader.py\\\", line 88, in run\\n    last_bid = traderData['history_prices_dict'][product][-1][0]\\n\"]}",
  "timestamp": 6800
}
{
  "sandboxLog": "{\"errorMessage\": \"string indices must be integers, not 'str'\", \"errorType\": \"TypeError\", \"requestId\": \"f7fe3333-0a2b-49cb-b757-af576263b45f\", \"stackTrace\": [\"  File \\\"/var/task/app.py\\\", line 31, in lambda_handler\\n    orders, conversion, traderData = trader.run(trading_state)\\n\", \"  File \\\"/var/task/trader.py\\\", line 88, in run\\n    last_bid = traderData['history_prices_dict'][product][-1][0]\\n\"]}",
  "lambdaLog": "{\"errorMessage\": \"string indices must be integers, not 'str'\", \"errorType\": \"TypeError\", \"requestId\": \"f7fe3333-0a2b-49cb-b757-af576263b45f\", \"stackTrace\": [\"  File \\\"/var/task/app.py\\\", line 31, in lambda_handler\\n    orders, conversion, traderData = trader.run(trading_state)\\n\", \"  File \\\"/var/task/trader.py\\\", line 88, in run\\n    last_bid = traderData['history_prices_dict'][product][-1][0]\\n\"]}",
  "timestamp": 6900
}
{
  "sandboxLog": "{\"errorMessage\": \"string indices must be integers, not 'str'\", \"errorType\": \"TypeError\", \"requestId\": \"c57df0c6-ab81-466f-8150-2d02ad5fb5f8\", \"stackTrace\": [\"  File \\\"/var/task/app.py\\\", line 31, in lambda_handler\\n    orders, conversion, traderData = trader.run(trading_state)\\n\", \"  File \\\"/var/task/trader.py\\\", line 88, in run\\n    last_bid = traderData['history_prices_dict'][product][-1][0]\\n\"]}",
  "lambdaLog": "{\"errorMessage\": \"string indices must be integers, not 'str'\", \"errorType\": \"TypeError\", \"requestId\": \"c57df0c6-ab81-466f-8150-2d02ad5fb5f8\", \"stackTrace\": [\"  File \\\"/var/task/app.py\\\", line 31, in lambda_handler\\n    orders, conversion, traderData = trader.run(trading_state)\\n\", \"  File \\\"/var/task/trader.py\\\", line 88, in run\\n    last_bid = traderData['history_prices_dict'][product][-1][0]\\n\"]}",
  "timestamp": 7000
}
{
  "sandboxLog": "{\"errorMessage\": \"string indices must be integers, not 'str'\", \"errorType\": \"TypeError\", \"requestId\": \"cb953d5c-bd4d-47ea-a1ff-f1984d041425\", \"stackTrace\": [\"  File \\\"/var/task/app.py\\\", line 31, in lambda_handler\\n    orders, conversion, traderData = trader.run(trading_state)\\n\", \"  File \\\"/var/task/trader.py\\\", line 88, in run\\n    last_bid = traderData['history_prices_dict'][product][-1][0]\\n\"]}",
  "lambdaLog": "{\"errorMessage\": \"string indices must be integers, not 'str'\", \"errorType\": \"TypeError\", \"requestId\": \"cb953d5c-bd4d-47ea-a1ff-f1984d041425\", \"stackTrace\": [\"  File \\\"/var/task/app.py\\\", line 31, in lambda_handler\\n    orders, conversion, traderData = trader.run(trading_state)\\n\", \"  File \\\"/var/task/trader.py\\\", line 88, in run\\n    last_bid = traderData['history_prices_dict'][product][-1][0]\\n\"]}",
  "timestamp": 7100
}
{
  "sandboxLog": "{\"errorMessage\": \"string indices must be integers, not 'str'\", \"errorType\": \"TypeError\", \"requestId\": \"37f43a36-946f-4595-8c77-7561b78db150\", \"stackTrace\": [\"  File \\\"/var/task/app.py\\\", line 31, in lambda_handler\\n    orders, conversion, traderData = trader.run(trading_state)\\n\", \"  File \\\"/var/task/trader.py\\\", line 88, in run\\n    last_bid = traderData['history_prices_dict'][product][-1][0]\\n\"]}",
  "lambdaLog": "{\"errorMessage\": \"string indices must be integers, not 'str'\", \"errorType\": \"TypeError\", \"requestId\": \"37f43a36-946f-4595-8c77-7561b78db150\", \"stackTrace\": [\"  File \\\"/var/task/app.py\\\", line 31, in lambda_handler\\n    orders, conversion, traderData = trader.run(trading_state)\\n\", \"  File \\\"/var/task/trader.py\\\", line 88, in run\\n    last_bid = traderData['history_prices_dict'][product][-1][0]\\n\"]}",
  "timestamp": 7200
}
{
  "sandboxLog": "{\"errorMessage\": \"string indices must be integers, not 'str'\", \"errorType\": \"TypeError\", \"requestId\": \"69f04911-4293-413f-8adc-b251c622a197\", \"stackTrace\": [\"  File \\\"/var/task/app.py\\\", line 31, in lambda_handler\\n    orders, conversion, traderData = trader.run(trading_state)\\n\", \"  File \\\"/var/task/trader.py\\\", line 88, in run\\n    last_bid = traderData['history_prices_dict'][product][-1][0]\\n\"]}",
  "lambdaLog": "{\"errorMessage\": \"string indices must be integers, not 'str'\", \"errorType\": \"TypeError\", \"requestId\": \"69f04911-4293-413f-8adc-b251c622a197\", \"stackTrace\": [\"  File \\\"/var/task/app.py\\\", line 31, in lambda_handler\\n    orders, conversion, traderData = trader.run(trading_state)\\n\", \"  File \\\"/var/task/trader.py\\\", line 88, in run\\n    last_bid = traderData['history_prices_dict'][product][-1][0]\\n\"]}",
  "timestamp": 7300
}
{
  "sandboxLog": "{\"errorMessage\": \"string indices must be integers, not 'str'\", \"errorType\": \"TypeError\", \"requestId\": \"2af24c6f-f1b4-468c-9665-22d2bbc1394d\", \"stackTrace\": [\"  File \\\"/var/task/app.py\\\", line 31, in lambda_handler\\n    orders, conversion, traderData = trader.run(trading_state)\\n\", \"  File \\\"/var/task/trader.py\\\", line 88, in run\\n    last_bid = traderData['history_prices_dict'][product][-1][0]\\n\"]}",
  "lambdaLog": "{\"errorMessage\": \"string indices must be integers, not 'str'\", \"errorType\": \"TypeError\", \"requestId\": \"2af24c6f-f1b4-468c-9665-22d2bbc1394d\", \"stackTrace\": [\"  File \\\"/var/task/app.py\\\", line 31, in lambda_handler\\n    orders, conversion, traderData = trader.run(trading_state)\\n\", \"  File \\\"/var/task/trader.py\\\", line 88, in run\\n    last_bid = traderData['history_prices_dict'][product][-1][0]\\n\"]}",
  "timestamp": 7400
}
{
  "sandboxLog": "{\"errorMessage\": \"string indices must be integers, not 'str'\", \"errorType\": \"TypeError\", \"requestId\": \"9e01e391-9c4b-4129-b5b2-be5cdf9bd44f\", \"stackTrace\": [\"  File \\\"/var/task/app.py\\\", line 31, in lambda_handler\\n    orders, conversion, traderData = trader.run(trading_state)\\n\", \"  File \\\"/var/task/trader.py\\\", line 88, in run\\n    last_bid = traderData['history_prices_dict'][product][-1][0]\\n\"]}",
  "lambdaLog": "{\"errorMessage\": \"string indices must be integers, not 'str'\", \"errorType\": \"TypeError\", \"requestId\": \"9e01e391-9c4b-4129-b5b2-be5cdf9bd44f\", \"stackTrace\": [\"  File \\\"/var/task/app.py\\\", line 31, in lambda_handler\\n    orders, conversion, traderData = trader.run(trading_state)\\n\", \"  File \\\"/var/task/trader.py\\\", line 88, in run\\n    last_bid = traderData['history_prices_dict'][product][-1][0]\\n\"]}",
  "timestamp": 7500
}
{
  "sandboxLog": "{\"errorMessage\": \"string indices must be integers, not 'str'\", \"errorType\": \"TypeError\", \"requestId\": \"eef03b8e-cdaf-4ac8-8b31-5c28e1312a9e\", \"stackTrace\": [\"  File \\\"/var/task/app.py\\\", line 31, in lambda_handler\\n    orders, conversion, traderData = trader.run(trading_state)\\n\", \"  File \\\"/var/task/trader.py\\\", line 88, in run\\n    last_bid = traderData['history_prices_dict'][product][-1][0]\\n\"]}",
  "lambdaLog": "{\"errorMessage\": \"string indices must be integers, not 'str'\", \"errorType\": \"TypeError\", \"requestId\": \"eef03b8e-cdaf-4ac8-8b31-5c28e1312a9e\", \"stackTrace\": [\"  File \\\"/var/task/app.py\\\", line 31, in lambda_handler\\n    orders, conversion, traderData = trader.run(trading_state)\\n\", \"  File \\\"/var/task/trader.py\\\", line 88, in run\\n    last_bid = traderData['history_prices_dict'][product][-1][0]\\n\"]}",
  "timestamp": 7600
}
{
  "sandboxLog": "{\"errorMessage\": \"string indices must be integers, not 'str'\", \"errorType\": \"TypeError\", \"requestId\": \"4416d248-97f5-4131-b6dd-fa677cb2b367\", \"stackTrace\": [\"  File \\\"/var/task/app.py\\\", line 31, in lambda_handler\\n    orders, conversion, traderData = trader.run(trading_state)\\n\", \"  File \\\"/var/task/trader.py\\\", line 88, in run\\n    last_bid = traderData['history_prices_dict'][product][-1][0]\\n\"]}",
  "lambdaLog": "{\"errorMessage\": \"string indices must be integers, not 'str'\", \"errorType\": \"TypeError\", \"requestId\": \"4416d248-97f5-4131-b6dd-fa677cb2b367\", \"stackTrace\": [\"  File \\\"/var/task/app.py\\\", line 31, in lambda_handler\\n    orders, conversion, traderData = trader.run(trading_state)\\n\", \"  File \\\"/var/task/trader.py\\\", line 88, in run\\n    last_bid = traderData['history_prices_dict'][product][-1][0]\\n\"]}",
  "timestamp": 7700
}
{
  "sandboxLog": "{\"errorMessage\": \"string indices must be integers, not 'str'\", \"errorType\": \"TypeError\", \"requestId\": \"def61746-6cd9-4ff9-9e4f-07332cdb39ca\", \"stackTrace\": [\"  File \\\"/var/task/app.py\\\", line 31, in lambda_handler\\n    orders, conversion, traderData = trader.run(trading_state)\\n\", \"  File \\\"/var/task/trader.py\\\", line 88, in run\\n    last_bid = traderData['history_prices_dict'][product][-1][0]\\n\"]}",
  "lambdaLog": "{\"errorMessage\": \"string indices must be integers, not 'str'\", \"errorType\": \"TypeError\", \"requestId\": \"def61746-6cd9-4ff9-9e4f-07332cdb39ca\", \"stackTrace\": [\"  File \\\"/var/task/app.py\\\", line 31, in lambda_handler\\n    orders, conversion, traderData = trader.run(trading_state)\\n\", \"  File \\\"/var/task/trader.py\\\", line 88, in run\\n    last_bid = traderData['history_prices_dict'][product][-1][0]\\n\"]}",
  "timestamp": 7800
}
{
  "sandboxLog": "{\"errorMessage\": \"string indices must be integers, not 'str'\", \"errorType\": \"TypeError\", \"requestId\": \"c53fa8cd-6b6c-4103-b768-025ac6180cb3\", \"stackTrace\": [\"  File \\\"/var/task/app.py\\\", line 31, in lambda_handler\\n    orders, conversion, traderData = trader.run(trading_state)\\n\", \"  File \\\"/var/task/trader.py\\\", line 88, in run\\n    last_bid = traderData['history_prices_dict'][product][-1][0]\\n\"]}",
  "lambdaLog": "{\"errorMessage\": \"string indices must be integers, not 'str'\", \"errorType\": \"TypeError\", \"requestId\": \"c53fa8cd-6b6c-4103-b768-025ac6180cb3\", \"stackTrace\": [\"  File \\\"/var/task/app.py\\\", line 31, in lambda_handler\\n    orders, conversion, traderData = trader.run(trading_state)\\n\", \"  File \\\"/var/task/trader.py\\\", line 88, in run\\n    last_bid = traderData['history_prices_dict'][product][-1][0]\\n\"]}",
  "timestamp": 7900
}
{
  "sandboxLog": "{\"errorMessage\": \"string indices must be integers, not 'str'\", \"errorType\": \"TypeError\", \"requestId\": \"71e220a2-b279-480b-8900-d57c7205d297\", \"stackTrace\": [\"  File \\\"/var/task/app.py\\\", line 31, in lambda_handler\\n    orders, conversion, traderData = trader.run(trading_state)\\n\", \"  File \\\"/var/task/trader.py\\\", line 88, in run\\n    last_bid = traderData['history_prices_dict'][product][-1][0]\\n\"]}",
  "lambdaLog": "{\"errorMessage\": \"string indices must be integers, not 'str'\", \"errorType\": \"TypeError\", \"requestId\": \"71e220a2-b279-480b-8900-d57c7205d297\", \"stackTrace\": [\"  File \\\"/var/task/app.py\\\", line 31, in lambda_handler\\n    orders, conversion, traderData = trader.run(trading_state)\\n\", \"  File \\\"/var/task/trader.py\\\", line 88, in run\\n    last_bid = traderData['history_prices_dict'][product][-1][0]\\n\"]}",
  "timestamp": 8000
}
{
  "sandboxLog": "{\"errorMessage\": \"string indices must be integers, not 'str'\", \"errorType\": \"TypeError\", \"requestId\": \"0ba93d5d-e5c2-41ef-9402-a52661b9ddcb\", \"stackTrace\": [\"  File \\\"/var/task/app.py\\\", line 31, in lambda_handler\\n    orders, conversion, traderData = trader.run(trading_state)\\n\", \"  File \\\"/var/task/trader.py\\\", line 88, in run\\n    last_bid = traderData['history_prices_dict'][product][-1][0]\\n\"]}",
  "lambdaLog": "{\"errorMessage\": \"string indices must be integers, not 'str'\", \"errorType\": \"TypeError\", \"requestId\": \"0ba93d5d-e5c2-41ef-9402-a52661b9ddcb\", \"stackTrace\": [\"  File \\\"/var/task/app.py\\\", line 31, in lambda_handler\\n    orders, conversion, traderData = trader.run(trading_state)\\n\", \"  File \\\"/var/task/trader.py\\\", line 88, in run\\n    last_bid = traderData['history_prices_dict'][product][-1][0]\\n\"]}",
  "timestamp": 8100
}
{
  "sandboxLog": "{\"errorMessage\": \"string indices must be integers, not 'str'\", \"errorType\": \"TypeError\", \"requestId\": \"327bd7f9-cac2-4d12-a997-3a9f348dfb2d\", \"stackTrace\": [\"  File \\\"/var/task/app.py\\\", line 31, in lambda_handler\\n    orders, conversion, traderData = trader.run(trading_state)\\n\", \"  File \\\"/var/task/trader.py\\\", line 88, in run\\n    last_bid = traderData['history_prices_dict'][product][-1][0]\\n\"]}",
  "lambdaLog": "{\"errorMessage\": \"string indices must be integers, not 'str'\", \"errorType\": \"TypeError\", \"requestId\": \"327bd7f9-cac2-4d12-a997-3a9f348dfb2d\", \"stackTrace\": [\"  File \\\"/var/task/app.py\\\", line 31, in lambda_handler\\n    orders, conversion, traderData = trader.run(trading_state)\\n\", \"  File \\\"/var/task/trader.py\\\", line 88, in run\\n    last_bid = traderData['history_prices_dict'][product][-1][0]\\n\"]}",
  "timestamp": 8200
}
{
  "sandboxLog": "{\"errorMessage\": \"string indices must be integers, not 'str'\", \"errorType\": \"TypeError\", \"requestId\": \"551183c9-c490-48ba-9bab-4cd3edce28af\", \"stackTrace\": [\"  File \\\"/var/task/app.py\\\", line 31, in lambda_handler\\n    orders, conversion, traderData = trader.run(trading_state)\\n\", \"  File \\\"/var/task/trader.py\\\", line 88, in run\\n    last_bid = traderData['history_prices_dict'][product][-1][0]\\n\"]}",
  "lambdaLog": "{\"errorMessage\": \"string indices must be integers, not 'str'\", \"errorType\": \"TypeError\", \"requestId\": \"551183c9-c490-48ba-9bab-4cd3edce28af\", \"stackTrace\": [\"  File \\\"/var/task/app.py\\\", line 31, in lambda_handler\\n    orders, conversion, traderData = trader.run(trading_state)\\n\", \"  File \\\"/var/task/trader.py\\\", line 88, in run\\n    last_bid = traderData['history_prices_dict'][product][-1][0]\\n\"]}",
  "timestamp": 8300
}
{
  "sandboxLog": "{\"errorMessage\": \"string indices must be integers, not 'str'\", \"errorType\": \"TypeError\", \"requestId\": \"4a3f00e7-00a6-45b1-83fa-75e7e4fe60c1\", \"stackTrace\": [\"  File \\\"/var/task/app.py\\\", line 31, in lambda_handler\\n    orders, conversion, traderData = trader.run(trading_state)\\n\", \"  File \\\"/var/task/trader.py\\\", line 88, in run\\n    last_bid = traderData['history_prices_dict'][product][-1][0]\\n\"]}",
  "lambdaLog": "{\"errorMessage\": \"string indices must be integers, not 'str'\", \"errorType\": \"TypeError\", \"requestId\": \"4a3f00e7-00a6-45b1-83fa-75e7e4fe60c1\", \"stackTrace\": [\"  File \\\"/var/task/app.py\\\", line 31, in lambda_handler\\n    orders, conversion, traderData = trader.run(trading_state)\\n\", \"  File \\\"/var/task/trader.py\\\", line 88, in run\\n    last_bid = traderData['history_prices_dict'][product][-1][0]\\n\"]}",
  "timestamp": 8400
}
{
  "sandboxLog": "{\"errorMessage\": \"string indices must be integers, not 'str'\", \"errorType\": \"TypeError\", \"requestId\": \"cd4b1b68-794a-4b44-b76b-39e7c839de47\", \"stackTrace\": [\"  File \\\"/var/task/app.py\\\", line 31, in lambda_handler\\n    orders, conversion, traderData = trader.run(trading_state)\\n\", \"  File \\\"/var/task/trader.py\\\", line 88, in run\\n    last_bid = traderData['history_prices_dict'][product][-1][0]\\n\"]}",
  "lambdaLog": "{\"errorMessage\": \"string indices must be integers, not 'str'\", \"errorType\": \"TypeError\", \"requestId\": \"cd4b1b68-794a-4b44-b76b-39e7c839de47\", \"stackTrace\": [\"  File \\\"/var/task/app.py\\\", line 31, in lambda_handler\\n    orders, conversion, traderData = trader.run(trading_state)\\n\", \"  File \\\"/var/task/trader.py\\\", line 88, in run\\n    last_bid = traderData['history_prices_dict'][product][-1][0]\\n\"]}",
  "timestamp": 8500
}
{
  "sandboxLog": "{\"errorMessage\": \"string indices must be integers, not 'str'\", \"errorType\": \"TypeError\", \"requestId\": \"c431e94b-d9f2-4c17-8316-476c1e3e45dd\", \"stackTrace\": [\"  File \\\"/var/task/app.py\\\", line 31, in lambda_handler\\n    orders, conversion, traderData = trader.run(trading_state)\\n\", \"  File \\\"/var/task/trader.py\\\", line 88, in run\\n    last_bid = traderData['history_prices_dict'][product][-1][0]\\n\"]}",
  "lambdaLog": "{\"errorMessage\": \"string indices must be integers, not 'str'\", \"errorType\": \"TypeError\", \"requestId\": \"c431e94b-d9f2-4c17-8316-476c1e3e45dd\", \"stackTrace\": [\"  File \\\"/var/task/app.py\\\", line 31, in lambda_handler\\n    orders, conversion, traderData = trader.run(trading_state)\\n\", \"  File \\\"/var/task/trader.py\\\", line 88, in run\\n    last_bid = traderData['history_prices_dict'][product][-1][0]\\n\"]}",
  "timestamp": 8600
}
{
  "sandboxLog": "{\"errorMessage\": \"string indices must be integers, not 'str'\", \"errorType\": \"TypeError\", \"requestId\": \"c8812b5c-45be-4a50-a5be-26765504b652\", \"stackTrace\": [\"  File \\\"/var/task/app.py\\\", line 31, in lambda_handler\\n    orders, conversion, traderData = trader.run(trading_state)\\n\", \"  File \\\"/var/task/trader.py\\\", line 88, in run\\n    last_bid = traderData['history_prices_dict'][product][-1][0]\\n\"]}",
  "lambdaLog": "{\"errorMessage\": \"string indices must be integers, not 'str'\", \"errorType\": \"TypeError\", \"requestId\": \"c8812b5c-45be-4a50-a5be-26765504b652\", \"stackTrace\": [\"  File \\\"/var/task/app.py\\\", line 31, in lambda_handler\\n    orders, conversion, traderData = trader.run(trading_state)\\n\", \"  File \\\"/var/task/trader.py\\\", line 88, in run\\n    last_bid = traderData['history_prices_dict'][product][-1][0]\\n\"]}",
  "timestamp": 8700
}
{
  "sandboxLog": "{\"errorMessage\": \"string indices must be integers, not 'str'\", \"errorType\": \"TypeError\", \"requestId\": \"65b77b41-1223-4888-a551-8af2227b2410\", \"stackTrace\": [\"  File \\\"/var/task/app.py\\\", line 31, in lambda_handler\\n    orders, conversion, traderData = trader.run(trading_state)\\n\", \"  File \\\"/var/task/trader.py\\\", line 88, in run\\n    last_bid = traderData['history_prices_dict'][product][-1][0]\\n\"]}",
  "lambdaLog": "{\"errorMessage\": \"string indices must be integers, not 'str'\", \"errorType\": \"TypeError\", \"requestId\": \"65b77b41-1223-4888-a551-8af2227b2410\", \"stackTrace\": [\"  File \\\"/var/task/app.py\\\", line 31, in lambda_handler\\n    orders, conversion, traderData = trader.run(trading_state)\\n\", \"  File \\\"/var/task/trader.py\\\", line 88, in run\\n    last_bid = traderData['history_prices_dict'][product][-1][0]\\n\"]}",
  "timestamp": 8800
}
{
  "sandboxLog": "{\"errorMessage\": \"string indices must be integers, not 'str'\", \"errorType\": \"TypeError\", \"requestId\": \"34712def-3d62-4874-b7db-0314ec3e3de6\", \"stackTrace\": [\"  File \\\"/var/task/app.py\\\", line 31, in lambda_handler\\n    orders, conversion, traderData = trader.run(trading_state)\\n\", \"  File \\\"/var/task/trader.py\\\", line 88, in run\\n    last_bid = traderData['history_prices_dict'][product][-1][0]\\n\"]}",
  "lambdaLog": "{\"errorMessage\": \"string indices must be integers, not 'str'\", \"errorType\": \"TypeError\", \"requestId\": \"34712def-3d62-4874-b7db-0314ec3e3de6\", \"stackTrace\": [\"  File \\\"/var/task/app.py\\\", line 31, in lambda_handler\\n    orders, conversion, traderData = trader.run(trading_state)\\n\", \"  File \\\"/var/task/trader.py\\\", line 88, in run\\n    last_bid = traderData['history_prices_dict'][product][-1][0]\\n\"]}",
  "timestamp": 8900
}
{
  "sandboxLog": "{\"errorMessage\": \"string indices must be integers, not 'str'\", \"errorType\": \"TypeError\", \"requestId\": \"aefb65b9-0dc5-4328-a3f7-3e2b0edafa94\", \"stackTrace\": [\"  File \\\"/var/task/app.py\\\", line 31, in lambda_handler\\n    orders, conversion, traderData = trader.run(trading_state)\\n\", \"  File \\\"/var/task/trader.py\\\", line 88, in run\\n    last_bid = traderData['history_prices_dict'][product][-1][0]\\n\"]}",
  "lambdaLog": "{\"errorMessage\": \"string indices must be integers, not 'str'\", \"errorType\": \"TypeError\", \"requestId\": \"aefb65b9-0dc5-4328-a3f7-3e2b0edafa94\", \"stackTrace\": [\"  File \\\"/var/task/app.py\\\", line 31, in lambda_handler\\n    orders, conversion, traderData = trader.run(trading_state)\\n\", \"  File \\\"/var/task/trader.py\\\", line 88, in run\\n    last_bid = traderData['history_prices_dict'][product][-1][0]\\n\"]}",
  "timestamp": 9000
}
{
  "sandboxLog": "{\"errorMessage\": \"string indices must be integers, not 'str'\", \"errorType\": \"TypeError\", \"requestId\": \"3c485c21-abaf-4126-809a-5a1378a6195d\", \"stackTrace\": [\"  File \\\"/var/task/app.py\\\", line 31, in lambda_handler\\n    orders, conversion, traderData = trader.run(trading_state)\\n\", \"  File \\\"/var/task/trader.py\\\", line 88, in run\\n    last_bid = traderData['history_prices_dict'][product][-1][0]\\n\"]}",
  "lambdaLog": "{\"errorMessage\": \"string indices must be integers, not 'str'\", \"errorType\": \"TypeError\", \"requestId\": \"3c485c21-abaf-4126-809a-5a1378a6195d\", \"stackTrace\": [\"  File \\\"/var/task/app.py\\\", line 31, in lambda_handler\\n    orders, conversion, traderData = trader.run(trading_state)\\n\", \"  File \\\"/var/task/trader.py\\\", line 88, in run\\n    last_bid = traderData['history_prices_dict'][product][-1][0]\\n\"]}",
  "timestamp": 9100
}
{
  "sandboxLog": "{\"errorMessage\": \"string indices must be integers, not 'str'\", \"errorType\": \"TypeError\", \"requestId\": \"9fa06323-3253-48dc-9738-eb849ec235b5\", \"stackTrace\": [\"  File \\\"/var/task/app.py\\\", line 31, in lambda_handler\\n    orders, conversion, traderData = trader.run(trading_state)\\n\", \"  File \\\"/var/task/trader.py\\\", line 88, in run\\n    last_bid = traderData['history_prices_dict'][product][-1][0]\\n\"]}",
  "lambdaLog": "{\"errorMessage\": \"string indices must be integers, not 'str'\", \"errorType\": \"TypeError\", \"requestId\": \"9fa06323-3253-48dc-9738-eb849ec235b5\", \"stackTrace\": [\"  File \\\"/var/task/app.py\\\", line 31, in lambda_handler\\n    orders, conversion, traderData = trader.run(trading_state)\\n\", \"  File \\\"/var/task/trader.py\\\", line 88, in run\\n    last_bid = traderData['history_prices_dict'][product][-1][0]\\n\"]}",
  "timestamp": 9200
}
{
  "sandboxLog": "{\"errorMessage\": \"string indices must be integers, not 'str'\", \"errorType\": \"TypeError\", \"requestId\": \"aba18b0d-49f3-45fe-9e15-f5e631a1ebbd\", \"stackTrace\": [\"  File \\\"/var/task/app.py\\\", line 31, in lambda_handler\\n    orders, conversion, traderData = trader.run(trading_state)\\n\", \"  File \\\"/var/task/trader.py\\\", line 88, in run\\n    last_bid = traderData['history_prices_dict'][product][-1][0]\\n\"]}",
  "lambdaLog": "{\"errorMessage\": \"string indices must be integers, not 'str'\", \"errorType\": \"TypeError\", \"requestId\": \"aba18b0d-49f3-45fe-9e15-f5e631a1ebbd\", \"stackTrace\": [\"  File \\\"/var/task/app.py\\\", line 31, in lambda_handler\\n    orders, conversion, traderData = trader.run(trading_state)\\n\", \"  File \\\"/var/task/trader.py\\\", line 88, in run\\n    last_bid = traderData['history_prices_dict'][product][-1][0]\\n\"]}",
  "timestamp": 9300
}
{
  "sandboxLog": "{\"errorMessage\": \"string indices must be integers, not 'str'\", \"errorType\": \"TypeError\", \"requestId\": \"4350227c-217a-40b2-b382-840cea0d2461\", \"stackTrace\": [\"  File \\\"/var/task/app.py\\\", line 31, in lambda_handler\\n    orders, conversion, traderData = trader.run(trading_state)\\n\", \"  File \\\"/var/task/trader.py\\\", line 88, in run\\n    last_bid = traderData['history_prices_dict'][product][-1][0]\\n\"]}",
  "lambdaLog": "{\"errorMessage\": \"string indices must be integers, not 'str'\", \"errorType\": \"TypeError\", \"requestId\": \"4350227c-217a-40b2-b382-840cea0d2461\", \"stackTrace\": [\"  File \\\"/var/task/app.py\\\", line 31, in lambda_handler\\n    orders, conversion, traderData = trader.run(trading_state)\\n\", \"  File \\\"/var/task/trader.py\\\", line 88, in run\\n    last_bid = traderData['history_prices_dict'][product][-1][0]\\n\"]}",
  "timestamp": 9400
}
{
  "sandboxLog": "{\"errorMessage\": \"string indices must be integers, not 'str'\", \"errorType\": \"TypeError\", \"requestId\": \"aef209f7-1f7e-4a6e-97db-f8f44b93f6c4\", \"stackTrace\": [\"  File \\\"/var/task/app.py\\\", line 31, in lambda_handler\\n    orders, conversion, traderData = trader.run(trading_state)\\n\", \"  File \\\"/var/task/trader.py\\\", line 88, in run\\n    last_bid = traderData['history_prices_dict'][product][-1][0]\\n\"]}",
  "lambdaLog": "{\"errorMessage\": \"string indices must be integers, not 'str'\", \"errorType\": \"TypeError\", \"requestId\": \"aef209f7-1f7e-4a6e-97db-f8f44b93f6c4\", \"stackTrace\": [\"  File \\\"/var/task/app.py\\\", line 31, in lambda_handler\\n    orders, conversion, traderData = trader.run(trading_state)\\n\", \"  File \\\"/var/task/trader.py\\\", line 88, in run\\n    last_bid = traderData['history_prices_dict'][product][-1][0]\\n\"]}",
  "timestamp": 9500
}
{
  "sandboxLog": "{\"errorMessage\": \"string indices must be integers, not 'str'\", \"errorType\": \"TypeError\", \"requestId\": \"57c6f08b-3982-43f8-9578-abd51672bb14\", \"stackTrace\": [\"  File \\\"/var/task/app.py\\\", line 31, in lambda_handler\\n    orders, conversion, traderData = trader.run(trading_state)\\n\", \"  File \\\"/var/task/trader.py\\\", line 88, in run\\n    last_bid = traderData['history_prices_dict'][product][-1][0]\\n\"]}",
  "lambdaLog": "{\"errorMessage\": \"string indices must be integers, not 'str'\", \"errorType\": \"TypeError\", \"requestId\": \"57c6f08b-3982-43f8-9578-abd51672bb14\", \"stackTrace\": [\"  File \\\"/var/task/app.py\\\", line 31, in lambda_handler\\n    orders, conversion, traderData = trader.run(trading_state)\\n\", \"  File \\\"/var/task/trader.py\\\", line 88, in run\\n    last_bid = traderData['history_prices_dict'][product][-1][0]\\n\"]}",
  "timestamp": 9600
}
{
  "sandboxLog": "{\"errorMessage\": \"string indices must be integers, not 'str'\", \"errorType\": \"TypeError\", \"requestId\": \"92a198c9-89e3-4953-b921-2b5577dedda0\", \"stackTrace\": [\"  File \\\"/var/task/app.py\\\", line 31, in lambda_handler\\n    orders, conversion, traderData = trader.run(trading_state)\\n\", \"  File \\\"/var/task/trader.py\\\", line 88, in run\\n    last_bid = traderData['history_prices_dict'][product][-1][0]\\n\"]}",
  "lambdaLog": "{\"errorMessage\": \"string indices must be integers, not 'str'\", \"errorType\": \"TypeError\", \"requestId\": \"92a198c9-89e3-4953-b921-2b5577dedda0\", \"stackTrace\": [\"  File \\\"/var/task/app.py\\\", line 31, in lambda_handler\\n    orders, conversion, traderData = trader.run(trading_state)\\n\", \"  File \\\"/var/task/trader.py\\\", line 88, in run\\n    last_bid = traderData['history_prices_dict'][product][-1][0]\\n\"]}",
  "timestamp": 9700
}
{
  "sandboxLog": "{\"errorMessage\": \"string indices must be integers, not 'str'\", \"errorType\": \"TypeError\", \"requestId\": \"fd95d522-0314-4d3b-bc8b-8283c3329b8d\", \"stackTrace\": [\"  File \\\"/var/task/app.py\\\", line 31, in lambda_handler\\n    orders, conversion, traderData = trader.run(trading_state)\\n\", \"  File \\\"/var/task/trader.py\\\", line 88, in run\\n    last_bid = traderData['history_prices_dict'][product][-1][0]\\n\"]}",
  "lambdaLog": "{\"errorMessage\": \"string indices must be integers, not 'str'\", \"errorType\": \"TypeError\", \"requestId\": \"fd95d522-0314-4d3b-bc8b-8283c3329b8d\", \"stackTrace\": [\"  File \\\"/var/task/app.py\\\", line 31, in lambda_handler\\n    orders, conversion, traderData = trader.run(trading_state)\\n\", \"  File \\\"/var/task/trader.py\\\", line 88, in run\\n    last_bid = traderData['history_prices_dict'][product][-1][0]\\n\"]}",
  "timestamp": 9800
}
{
  "sandboxLog": "{\"errorMessage\": \"string indices must be integers, not 'str'\", \"errorType\": \"TypeError\", \"requestId\": \"464ac8c0-4e41-4c44-b6b8-c1173134b226\", \"stackTrace\": [\"  File \\\"/var/task/app.py\\\", line 31, in lambda_handler\\n    orders, conversion, traderData = trader.run(trading_state)\\n\", \"  File \\\"/var/task/trader.py\\\", line 88, in run\\n    last_bid = traderData['history_prices_dict'][product][-1][0]\\n\"]}",
  "lambdaLog": "{\"errorMessage\": \"string indices must be integers, not 'str'\", \"errorType\": \"TypeError\", \"requestId\": \"464ac8c0-4e41-4c44-b6b8-c1173134b226\", \"stackTrace\": [\"  File \\\"/var/task/app.py\\\", line 31, in lambda_handler\\n    orders, conversion, traderData = trader.run(trading_state)\\n\", \"  File \\\"/var/task/trader.py\\\", line 88, in run\\n    last_bid = traderData['history_prices_dict'][product][-1][0]\\n\"]}",
  "timestamp": 9900
}
{
  "sandboxLog": "{\"errorMessage\": \"string indices must be integers, not 'str'\", \"errorType\": \"TypeError\", \"requestId\": \"30bd62cc-a314-4fbf-9246-f8e5b1df70f1\", \"stackTrace\": [\"  File \\\"/var/task/app.py\\\", line 31, in lambda_handler\\n    orders, conversion, traderData = trader.run(trading_state)\\n\", \"  File \\\"/var/task/trader.py\\\", line 88, in run\\n    last_bid = traderData['history_prices_dict'][product][-1][0]\\n\"]}",
  "lambdaLog": "{\"errorMessage\": \"string indices must be integers, not 'str'\", \"errorType\": \"TypeError\", \"requestId\": \"30bd62cc-a314-4fbf-9246-f8e5b1df70f1\", \"stackTrace\": [\"  File \\\"/var/task/app.py\\\", line 31, in lambda_handler\\n    orders, conversion, traderData = trader.run(trading_state)\\n\", \"  File \\\"/var/task/trader.py\\\", line 88, in run\\n    last_bid = traderData['history_prices_dict'][product][-1][0]\\n\"]}",
  "timestamp": 10000
}
{
  "sandboxLog": "Lambda errors have reached maximum value for submission 61a7b3ab-a105-4755-96cf-03d21e3f1102",
  "lambdaLog": null,
  "timestamp": 257204
}



Activities log:
day;timestamp;product;bid_price_1;bid_volume_1;bid_price_2;bid_volume_2;bid_price_3;bid_volume_3;ask_price_1;ask_volume_1;ask_price_2;ask_volume_2;ask_price_3;ask_volume_3;mid_price;profit_and_loss




Trade History:
null